! 1 Hamiltonian Matrix (8x8, complex)
8 8
-4.381430790E+002  0.000000000E+000  0.000000000E+000  0.000000000E+000  6.219397275E-006  2.618343471E-004  8.015960165E-005  7.363037360E-006  0.000000000E+000  6.669289793E-004  0.000000000E+000 -3.066413455E-006  6.219397275E-006 -2.618343471E-004  8.015960165E-005 -7.363037360E-006 
 0.000000000E+000  0.000000000E+000 -4.380743740E+002  0.000000000E+000  7.007643230E-006 -7.745769500E-008  1.522271523E-005  1.714229917E-004  0.000000000E+000 -4.524440655E-006  0.000000000E+000  6.957159038E-004  7.007643230E-006  7.745769500E-008  1.522271523E-005 -1.714229917E-004 
 6.219397275E-006 -2.618343471E-004  7.007643230E-006  7.745769500E-008 -4.380834033E+002  0.000000000E+000  0.000000000E+000 -6.809488221E-004  0.000000000E+000 -0.000000000E+000 -1.494477880E-005  1.619913783E-004  0.000000000E+000  0.000000000E+000  0.000000000E+000  0.000000000E+000 
 8.015960165E-005 -7.363037360E-006  1.522271523E-005 -1.714229917E-004  0.000000000E+000  6.809488221E-004 -4.380453463E+002  0.000000000E+000  1.494477880E-005 -1.619913783E-004  0.000000000E+000  0.000000000E+000  0.000000000E+000  0.000000000E+000  0.000000000E+000 -0.000000000E+000 
 0.000000000E+000 -6.669289793E-004  0.000000000E+000  4.524440655E-006 -0.000000000E+000  0.000000000E+000  1.494477880E-005  1.619913783E-004 -4.380834033E+002  0.000000000E+000  0.000000000E+000  0.000000000E+000  0.000000000E+000 -0.000000000E+000 -1.494477880E-005  1.619913783E-004 
 0.000000000E+000  3.066413455E-006  0.000000000E+000 -6.957159038E-004 -1.494477880E-005 -1.619913783E-004  0.000000000E+000  0.000000000E+000  0.000000000E+000  0.000000000E+000 -4.380453463E+002  0.000000000E+000  1.494477880E-005 -1.619913783E-004  0.000000000E+000  0.000000000E+000 
 6.219397275E-006  2.618343471E-004  7.007643230E-006 -7.745769500E-008  0.000000000E+000  0.000000000E+000  0.000000000E+000  0.000000000E+000 -0.000000000E+000  0.000000000E+000  1.494477880E-005  1.619913783E-004 -4.380834033E+002  0.000000000E+000  0.000000000E+000  6.809488221E-004 
 8.015960165E-005  7.363037360E-006  1.522271523E-005  1.714229917E-004  0.000000000E+000  0.000000000E+000 -0.000000000E+000  0.000000000E+000 -1.494477880E-005 -1.619913783E-004  0.000000000E+000  0.000000000E+000  0.000000000E+000 -6.809488221E-004 -4.380453463E+002  0.000000000E+000 

! 2 Dipole Moment Matrices (3x8x8, complex)
8 8
-3.794487280E-001  0.000000000E+000 -5.660433410E-004  0.000000000E+000  0.000000000E+000  0.000000000E+000  0.000000000E+000  0.000000000E+000  0.000000000E+000  0.000000000E+000  0.000000000E+000  0.000000000E+000  0.000000000E+000  0.000000000E+000  0.000000000E+000  0.000000000E+000 
-5.660433410E-004  0.000000000E+000 -2.842186770E-001  0.000000000E+000  0.000000000E+000  0.000000000E+000  0.000000000E+000  0.000000000E+000  0.000000000E+000  0.000000000E+000  0.000000000E+000  0.000000000E+000  0.000000000E+000  0.000000000E+000  0.000000000E+000  0.000000000E+000 
 0.000000000E+000  0.000000000E+000  0.000000000E+000  0.000000000E+000 -2.669762950E-001  0.000000000E+000 -1.552053920E-003  0.000000000E+000  0.000000000E+000  0.000000000E+000  0.000000000E+000  0.000000000E+000  0.000000000E+000  0.000000000E+000  0.000000000E+000  0.000000000E+000 
 0.000000000E+000  0.000000000E+000  0.000000000E+000  0.000000000E+000 -1.552053920E-003  0.000000000E+000 -2.854214170E-001  0.000000000E+000  0.000000000E+000  0.000000000E+000  0.000000000E+000  0.000000000E+000  0.000000000E+000  0.000000000E+000  0.000000000E+000  0.000000000E+000 
 0.000000000E+000  0.000000000E+000  0.000000000E+000  0.000000000E+000  0.000000000E+000  0.000000000E+000  0.000000000E+000  0.000000000E+000 -2.669762950E-001  0.000000000E+000 -1.552053920E-003  0.000000000E+000  0.000000000E+000  0.000000000E+000  0.000000000E+000  0.000000000E+000 
 0.000000000E+000  0.000000000E+000  0.000000000E+000  0.000000000E+000  0.000000000E+000  0.000000000E+000  0.000000000E+000  0.000000000E+000 -1.552053920E-003  0.000000000E+000 -2.854214170E-001  0.000000000E+000  0.000000000E+000  0.000000000E+000  0.000000000E+000  0.000000000E+000 
 0.000000000E+000  0.000000000E+000  0.000000000E+000  0.000000000E+000  0.000000000E+000  0.000000000E+000  0.000000000E+000  0.000000000E+000  0.000000000E+000  0.000000000E+000  0.000000000E+000  0.000000000E+000 -2.669762950E-001  0.000000000E+000 -1.552053920E-003  0.000000000E+000 
 0.000000000E+000  0.000000000E+000  0.000000000E+000  0.000000000E+000  0.000000000E+000  0.000000000E+000  0.000000000E+000  0.000000000E+000  0.000000000E+000  0.000000000E+000  0.000000000E+000  0.000000000E+000 -1.552053920E-003  0.000000000E+000 -2.854214170E-001  0.000000000E+000 
8 8
-1.338900400E-002  0.000000000E+000 -2.533336500E-002  0.000000000E+000  0.000000000E+000  0.000000000E+000  0.000000000E+000  0.000000000E+000  0.000000000E+000  0.000000000E+000  0.000000000E+000  0.000000000E+000  0.000000000E+000  0.000000000E+000  0.000000000E+000  0.000000000E+000 
-2.533336500E-002  0.000000000E+000  1.303061940E-003  0.000000000E+000  0.000000000E+000  0.000000000E+000  0.000000000E+000  0.000000000E+000  0.000000000E+000  0.000000000E+000  0.000000000E+000  0.000000000E+000  0.000000000E+000  0.000000000E+000  0.000000000E+000  0.000000000E+000 
 0.000000000E+000  0.000000000E+000  0.000000000E+000  0.000000000E+000  5.721868730E-003  0.000000000E+000 -3.702857860E-003  0.000000000E+000  0.000000000E+000  0.000000000E+000  0.000000000E+000  0.000000000E+000  0.000000000E+000  0.000000000E+000  0.000000000E+000  0.000000000E+000 
 0.000000000E+000  0.000000000E+000  0.000000000E+000  0.000000000E+000 -3.702857860E-003  0.000000000E+000 -8.377335820E-003  0.000000000E+000  0.000000000E+000  0.000000000E+000  0.000000000E+000  0.000000000E+000  0.000000000E+000  0.000000000E+000  0.000000000E+000  0.000000000E+000 
 0.000000000E+000  0.000000000E+000  0.000000000E+000  0.000000000E+000  0.000000000E+000  0.000000000E+000  0.000000000E+000  0.000000000E+000  5.721868730E-003  0.000000000E+000 -3.702857860E-003  0.000000000E+000  0.000000000E+000  0.000000000E+000  0.000000000E+000  0.000000000E+000 
 0.000000000E+000  0.000000000E+000  0.000000000E+000  0.000000000E+000  0.000000000E+000  0.000000000E+000  0.000000000E+000  0.000000000E+000 -3.702857860E-003  0.000000000E+000 -8.377335820E-003  0.000000000E+000  0.000000000E+000  0.000000000E+000  0.000000000E+000  0.000000000E+000 
 0.000000000E+000  0.000000000E+000  0.000000000E+000  0.000000000E+000  0.000000000E+000  0.000000000E+000  0.000000000E+000  0.000000000E+000  0.000000000E+000  0.000000000E+000  0.000000000E+000  0.000000000E+000  5.721868730E-003  0.000000000E+000 -3.702857860E-003  0.000000000E+000 
 0.000000000E+000  0.000000000E+000  0.000000000E+000  0.000000000E+000  0.000000000E+000  0.000000000E+000  0.000000000E+000  0.000000000E+000  0.000000000E+000  0.000000000E+000  0.000000000E+000  0.000000000E+000 -3.702857860E-003  0.000000000E+000 -8.377335820E-003  0.000000000E+000 
8 8
-5.603190990E-001  0.000000000E+000  3.043750600E-003  0.000000000E+000  0.000000000E+000  0.000000000E+000  0.000000000E+000  0.000000000E+000  0.000000000E+000  0.000000000E+000  0.000000000E+000  0.000000000E+000  0.000000000E+000  0.000000000E+000  0.000000000E+000  0.000000000E+000 
 3.043750600E-003  0.000000000E+000 -2.701368420E-001  0.000000000E+000  0.000000000E+000  0.000000000E+000  0.000000000E+000  0.000000000E+000  0.000000000E+000  0.000000000E+000  0.000000000E+000  0.000000000E+000  0.000000000E+000  0.000000000E+000  0.000000000E+000  0.000000000E+000 
 0.000000000E+000  0.000000000E+000  0.000000000E+000  0.000000000E+000 -1.791593620E-001  0.000000000E+000  1.610546760E-003  0.000000000E+000  0.000000000E+000  0.000000000E+000  0.000000000E+000  0.000000000E+000  0.000000000E+000  0.000000000E+000  0.000000000E+000  0.000000000E+000 
 0.000000000E+000  0.000000000E+000  0.000000000E+000  0.000000000E+000  1.610546760E-003  0.000000000E+000 -3.957295130E-001  0.000000000E+000  0.000000000E+000  0.000000000E+000  0.000000000E+000  0.000000000E+000  0.000000000E+000  0.000000000E+000  0.000000000E+000  0.000000000E+000 
 0.000000000E+000  0.000000000E+000  0.000000000E+000  0.000000000E+000  0.000000000E+000  0.000000000E+000  0.000000000E+000  0.000000000E+000 -1.791593620E-001  0.000000000E+000  1.610546760E-003  0.000000000E+000  0.000000000E+000  0.000000000E+000  0.000000000E+000  0.000000000E+000 
 0.000000000E+000  0.000000000E+000  0.000000000E+000  0.000000000E+000  0.000000000E+000  0.000000000E+000  0.000000000E+000  0.000000000E+000  1.610546760E-003  0.000000000E+000 -3.957295130E-001  0.000000000E+000  0.000000000E+000  0.000000000E+000  0.000000000E+000  0.000000000E+000 
 0.000000000E+000  0.000000000E+000  0.000000000E+000  0.000000000E+000  0.000000000E+000  0.000000000E+000  0.000000000E+000  0.000000000E+000  0.000000000E+000  0.000000000E+000  0.000000000E+000  0.000000000E+000 -1.791593620E-001  0.000000000E+000  1.610546760E-003  0.000000000E+000 
 0.000000000E+000  0.000000000E+000  0.000000000E+000  0.000000000E+000  0.000000000E+000  0.000000000E+000  0.000000000E+000  0.000000000E+000  0.000000000E+000  0.000000000E+000  0.000000000E+000  0.000000000E+000  1.610546760E-003  0.000000000E+000 -3.957295130E-001  0.000000000E+000 
! 3 Gradient Vectors (8x4x3, real)
4 3 ! 1 1 0
 1.216513579E-002  8.242714648E-004  5.829583838E-002 
-2.850216106E-003  4.069741577E-003 -7.819575994E-002 
-5.570098968E-003 -3.625639609E-002  1.323704980E-002 
-3.744820716E-003  3.136238305E-002  6.662871765E-003 
4 3 ! 1 2 0
-5.540758887E-005 -1.060285160E-003  4.400199749E-003 
-7.778133532E-003  7.219402399E-003 -9.249885605E-003 
 3.371715907E-003 -3.378028397E-002  5.652972227E-003 
 4.461825213E-003  2.762116673E-002 -8.032863713E-004 
4 3 ! 3 1 -1
 4.296552860E-003 -6.318731785E-004  1.414966916E-002 
-1.231527350E-002  6.868318547E-003 -1.789573553E-002 
 3.535660466E-003 -3.335101003E-002  5.115760430E-003 
 4.483060174E-003  2.711456466E-002 -1.369694058E-003 
4 3 ! 3 2 -1
-2.335690739E-002 -3.638658206E-003 -4.878126437E-002 
 1.826448387E-002  1.031388350E-002  4.054765133E-002 
 1.986280362E-003 -3.347905255E-002  6.846681392E-003 
 3.106143159E-003  2.680382725E-002  1.386931657E-003 
4 3 ! 3 1 0
 4.296552860E-003 -6.318731785E-004  1.414966916E-002 
-1.231527350E-002  6.868318547E-003 -1.789573553E-002 
 3.535660466E-003 -3.335101003E-002  5.115760430E-003 
 4.483060174E-003  2.711456466E-002 -1.369694058E-003 
4 3 ! 3 2 0
-2.335690739E-002 -3.638658206E-003 -4.878126437E-002 
 1.826448387E-002  1.031388350E-002  4.054765133E-002 
 1.986280362E-003 -3.347905255E-002  6.846681392E-003 
 3.106143159E-003  2.680382725E-002  1.386931657E-003 
4 3 ! 3 1 1
 4.296552860E-003 -6.318731785E-004  1.414966916E-002 
-1.231527350E-002  6.868318547E-003 -1.789573553E-002 
 3.535660466E-003 -3.335101003E-002  5.115760430E-003 
 4.483060174E-003  2.711456466E-002 -1.369694058E-003 
4 3 ! 3 2 1
-2.335690739E-002 -3.638658206E-003 -4.878126437E-002 
 1.826448387E-002  1.031388350E-002  4.054765133E-002 
 1.986280362E-003 -3.347905255E-002  6.846681392E-003 
 3.106143159E-003  2.680382725E-002  1.386931657E-003 
! 5 Non-adiabatic couplings (ddr) (8x8x4x3, real)
4 3 ! 1 1 0 1 1 0
 0.000000000000E+000  0.000000000000E+000  0.000000000000E+000 
 0.000000000000E+000  0.000000000000E+000  0.000000000000E+000 
 0.000000000000E+000  0.000000000000E+000  0.000000000000E+000 
 0.000000000000E+000  0.000000000000E+000  0.000000000000E+000 
4 3 ! 1 1 0 1 2 0
-1.001193676443E-002 -3.220907474418E-003  3.687354057766E-003 
 1.260335863658E-002  1.014354915907E-001 -1.297760820691E-002 
-2.626462137424E-001 -1.504871615709E-002  1.699717032492E-001 
 2.603127484133E-001 -7.980568792713E-002 -1.609144334833E-001 
4 3 ! 1 1 0 3 1 -1
 0.000000000000E+000  0.000000000000E+000  0.000000000000E+000 
 0.000000000000E+000  0.000000000000E+000  0.000000000000E+000 
 0.000000000000E+000  0.000000000000E+000  0.000000000000E+000 
 0.000000000000E+000  0.000000000000E+000  0.000000000000E+000 
4 3 ! 1 1 0 3 2 -1
 0.000000000000E+000  0.000000000000E+000  0.000000000000E+000 
 0.000000000000E+000  0.000000000000E+000  0.000000000000E+000 
 0.000000000000E+000  0.000000000000E+000  0.000000000000E+000 
 0.000000000000E+000  0.000000000000E+000  0.000000000000E+000 
4 3 ! 1 1 0 3 1 0
 0.000000000000E+000  0.000000000000E+000  0.000000000000E+000 
 0.000000000000E+000  0.000000000000E+000  0.000000000000E+000 
 0.000000000000E+000  0.000000000000E+000  0.000000000000E+000 
 0.000000000000E+000  0.000000000000E+000  0.000000000000E+000 
4 3 ! 1 1 0 3 2 0
 0.000000000000E+000  0.000000000000E+000  0.000000000000E+000 
 0.000000000000E+000  0.000000000000E+000  0.000000000000E+000 
 0.000000000000E+000  0.000000000000E+000  0.000000000000E+000 
 0.000000000000E+000  0.000000000000E+000  0.000000000000E+000 
4 3 ! 1 1 0 3 1 1
 0.000000000000E+000  0.000000000000E+000  0.000000000000E+000 
 0.000000000000E+000  0.000000000000E+000  0.000000000000E+000 
 0.000000000000E+000  0.000000000000E+000  0.000000000000E+000 
 0.000000000000E+000  0.000000000000E+000  0.000000000000E+000 
4 3 ! 1 1 0 3 2 1
 0.000000000000E+000  0.000000000000E+000  0.000000000000E+000 
 0.000000000000E+000  0.000000000000E+000  0.000000000000E+000 
 0.000000000000E+000  0.000000000000E+000  0.000000000000E+000 
 0.000000000000E+000  0.000000000000E+000  0.000000000000E+000 
4 3 ! 1 2 0 1 1 0
 1.001193676443E-002  3.220907474418E-003 -3.687354057766E-003 
-1.260335863658E-002 -1.014354915907E-001  1.297760820691E-002 
 2.626462137424E-001  1.504871615709E-002 -1.699717032492E-001 
-2.603127484133E-001  7.980568792713E-002  1.609144334833E-001 
4 3 ! 1 2 0 1 2 0
 0.000000000000E+000  0.000000000000E+000  0.000000000000E+000 
 0.000000000000E+000  0.000000000000E+000  0.000000000000E+000 
 0.000000000000E+000  0.000000000000E+000  0.000000000000E+000 
 0.000000000000E+000  0.000000000000E+000  0.000000000000E+000 
4 3 ! 1 2 0 3 1 -1
 0.000000000000E+000  0.000000000000E+000  0.000000000000E+000 
 0.000000000000E+000  0.000000000000E+000  0.000000000000E+000 
 0.000000000000E+000  0.000000000000E+000  0.000000000000E+000 
 0.000000000000E+000  0.000000000000E+000  0.000000000000E+000 
4 3 ! 1 2 0 3 2 -1
 0.000000000000E+000  0.000000000000E+000  0.000000000000E+000 
 0.000000000000E+000  0.000000000000E+000  0.000000000000E+000 
 0.000000000000E+000  0.000000000000E+000  0.000000000000E+000 
 0.000000000000E+000  0.000000000000E+000  0.000000000000E+000 
4 3 ! 1 2 0 3 1 0
 0.000000000000E+000  0.000000000000E+000  0.000000000000E+000 
 0.000000000000E+000  0.000000000000E+000  0.000000000000E+000 
 0.000000000000E+000  0.000000000000E+000  0.000000000000E+000 
 0.000000000000E+000  0.000000000000E+000  0.000000000000E+000 
4 3 ! 1 2 0 3 2 0
 0.000000000000E+000  0.000000000000E+000  0.000000000000E+000 
 0.000000000000E+000  0.000000000000E+000  0.000000000000E+000 
 0.000000000000E+000  0.000000000000E+000  0.000000000000E+000 
 0.000000000000E+000  0.000000000000E+000  0.000000000000E+000 
4 3 ! 1 2 0 3 1 1
 0.000000000000E+000  0.000000000000E+000  0.000000000000E+000 
 0.000000000000E+000  0.000000000000E+000  0.000000000000E+000 
 0.000000000000E+000  0.000000000000E+000  0.000000000000E+000 
 0.000000000000E+000  0.000000000000E+000  0.000000000000E+000 
4 3 ! 1 2 0 3 2 1
 0.000000000000E+000  0.000000000000E+000  0.000000000000E+000 
 0.000000000000E+000  0.000000000000E+000  0.000000000000E+000 
 0.000000000000E+000  0.000000000000E+000  0.000000000000E+000 
 0.000000000000E+000  0.000000000000E+000  0.000000000000E+000 
4 3 ! 3 1 -1 1 1 0
 0.000000000000E+000  0.000000000000E+000  0.000000000000E+000 
 0.000000000000E+000  0.000000000000E+000  0.000000000000E+000 
 0.000000000000E+000  0.000000000000E+000  0.000000000000E+000 
 0.000000000000E+000  0.000000000000E+000  0.000000000000E+000 
4 3 ! 3 1 -1 1 2 0
 0.000000000000E+000  0.000000000000E+000  0.000000000000E+000 
 0.000000000000E+000  0.000000000000E+000  0.000000000000E+000 
 0.000000000000E+000  0.000000000000E+000  0.000000000000E+000 
 0.000000000000E+000  0.000000000000E+000  0.000000000000E+000 
4 3 ! 3 1 -1 3 1 -1
 0.000000000000E+000  0.000000000000E+000  0.000000000000E+000 
 0.000000000000E+000  0.000000000000E+000  0.000000000000E+000 
 0.000000000000E+000  0.000000000000E+000  0.000000000000E+000 
 0.000000000000E+000  0.000000000000E+000  0.000000000000E+000 
4 3 ! 3 1 -1 3 2 -1
 3.314552988051E-003  9.980953546319E-002 -5.221743530299E-003 
-9.565124154057E-003 -7.277396256511E-002  9.265228548134E-003 
-1.952311014251E-001  1.353373414271E-002  1.743054393974E-001 
 2.015024246420E-001 -4.035258624254E-002 -1.784256858387E-001 
4 3 ! 3 1 -1 3 1 0
 0.000000000000E+000  0.000000000000E+000  0.000000000000E+000 
 0.000000000000E+000  0.000000000000E+000  0.000000000000E+000 
 0.000000000000E+000  0.000000000000E+000  0.000000000000E+000 
 0.000000000000E+000  0.000000000000E+000  0.000000000000E+000 
4 3 ! 3 1 -1 3 2 0
 0.000000000000E+000  0.000000000000E+000  0.000000000000E+000 
 0.000000000000E+000  0.000000000000E+000  0.000000000000E+000 
 0.000000000000E+000  0.000000000000E+000  0.000000000000E+000 
 0.000000000000E+000  0.000000000000E+000  0.000000000000E+000 
4 3 ! 3 1 -1 3 1 1
 0.000000000000E+000  0.000000000000E+000  0.000000000000E+000 
 0.000000000000E+000  0.000000000000E+000  0.000000000000E+000 
 0.000000000000E+000  0.000000000000E+000  0.000000000000E+000 
 0.000000000000E+000  0.000000000000E+000  0.000000000000E+000 
4 3 ! 3 1 -1 3 2 1
 0.000000000000E+000  0.000000000000E+000  0.000000000000E+000 
 0.000000000000E+000  0.000000000000E+000  0.000000000000E+000 
 0.000000000000E+000  0.000000000000E+000  0.000000000000E+000 
 0.000000000000E+000  0.000000000000E+000  0.000000000000E+000 
4 3 ! 3 2 -1 1 1 0
 0.000000000000E+000  0.000000000000E+000  0.000000000000E+000 
 0.000000000000E+000  0.000000000000E+000  0.000000000000E+000 
 0.000000000000E+000  0.000000000000E+000  0.000000000000E+000 
 0.000000000000E+000  0.000000000000E+000  0.000000000000E+000 
4 3 ! 3 2 -1 1 2 0
 0.000000000000E+000  0.000000000000E+000  0.000000000000E+000 
 0.000000000000E+000  0.000000000000E+000  0.000000000000E+000 
 0.000000000000E+000  0.000000000000E+000  0.000000000000E+000 
 0.000000000000E+000  0.000000000000E+000  0.000000000000E+000 
4 3 ! 3 2 -1 3 1 -1
-3.314552988051E-003 -9.980953546319E-002  5.221743530299E-003 
 9.565124154057E-003  7.277396256511E-002 -9.265228548134E-003 
 1.952311014251E-001 -1.353373414271E-002 -1.743054393974E-001 
-2.015024246420E-001  4.035258624254E-002  1.784256858387E-001 
4 3 ! 3 2 -1 3 2 -1
 0.000000000000E+000  0.000000000000E+000  0.000000000000E+000 
 0.000000000000E+000  0.000000000000E+000  0.000000000000E+000 
 0.000000000000E+000  0.000000000000E+000  0.000000000000E+000 
 0.000000000000E+000  0.000000000000E+000  0.000000000000E+000 
4 3 ! 3 2 -1 3 1 0
 0.000000000000E+000  0.000000000000E+000  0.000000000000E+000 
 0.000000000000E+000  0.000000000000E+000  0.000000000000E+000 
 0.000000000000E+000  0.000000000000E+000  0.000000000000E+000 
 0.000000000000E+000  0.000000000000E+000  0.000000000000E+000 
4 3 ! 3 2 -1 3 2 0
 0.000000000000E+000  0.000000000000E+000  0.000000000000E+000 
 0.000000000000E+000  0.000000000000E+000  0.000000000000E+000 
 0.000000000000E+000  0.000000000000E+000  0.000000000000E+000 
 0.000000000000E+000  0.000000000000E+000  0.000000000000E+000 
4 3 ! 3 2 -1 3 1 1
 0.000000000000E+000  0.000000000000E+000  0.000000000000E+000 
 0.000000000000E+000  0.000000000000E+000  0.000000000000E+000 
 0.000000000000E+000  0.000000000000E+000  0.000000000000E+000 
 0.000000000000E+000  0.000000000000E+000  0.000000000000E+000 
4 3 ! 3 2 -1 3 2 1
 0.000000000000E+000  0.000000000000E+000  0.000000000000E+000 
 0.000000000000E+000  0.000000000000E+000  0.000000000000E+000 
 0.000000000000E+000  0.000000000000E+000  0.000000000000E+000 
 0.000000000000E+000  0.000000000000E+000  0.000000000000E+000 
4 3 ! 3 1 0 1 1 0
 0.000000000000E+000  0.000000000000E+000  0.000000000000E+000 
 0.000000000000E+000  0.000000000000E+000  0.000000000000E+000 
 0.000000000000E+000  0.000000000000E+000  0.000000000000E+000 
 0.000000000000E+000  0.000000000000E+000  0.000000000000E+000 
4 3 ! 3 1 0 1 2 0
 0.000000000000E+000  0.000000000000E+000  0.000000000000E+000 
 0.000000000000E+000  0.000000000000E+000  0.000000000000E+000 
 0.000000000000E+000  0.000000000000E+000  0.000000000000E+000 
 0.000000000000E+000  0.000000000000E+000  0.000000000000E+000 
4 3 ! 3 1 0 3 1 -1
 0.000000000000E+000  0.000000000000E+000  0.000000000000E+000 
 0.000000000000E+000  0.000000000000E+000  0.000000000000E+000 
 0.000000000000E+000  0.000000000000E+000  0.000000000000E+000 
 0.000000000000E+000  0.000000000000E+000  0.000000000000E+000 
4 3 ! 3 1 0 3 2 -1
 0.000000000000E+000  0.000000000000E+000  0.000000000000E+000 
 0.000000000000E+000  0.000000000000E+000  0.000000000000E+000 
 0.000000000000E+000  0.000000000000E+000  0.000000000000E+000 
 0.000000000000E+000  0.000000000000E+000  0.000000000000E+000 
4 3 ! 3 1 0 3 1 0
 0.000000000000E+000  0.000000000000E+000  0.000000000000E+000 
 0.000000000000E+000  0.000000000000E+000  0.000000000000E+000 
 0.000000000000E+000  0.000000000000E+000  0.000000000000E+000 
 0.000000000000E+000  0.000000000000E+000  0.000000000000E+000 
4 3 ! 3 1 0 3 2 0
 3.314552988051E-003  9.980953546319E-002 -5.221743530299E-003 
-9.565124154057E-003 -7.277396256511E-002  9.265228548134E-003 
-1.952311014251E-001  1.353373414271E-002  1.743054393974E-001 
 2.015024246420E-001 -4.035258624254E-002 -1.784256858387E-001 
4 3 ! 3 1 0 3 1 1
 0.000000000000E+000  0.000000000000E+000  0.000000000000E+000 
 0.000000000000E+000  0.000000000000E+000  0.000000000000E+000 
 0.000000000000E+000  0.000000000000E+000  0.000000000000E+000 
 0.000000000000E+000  0.000000000000E+000  0.000000000000E+000 
4 3 ! 3 1 0 3 2 1
 0.000000000000E+000  0.000000000000E+000  0.000000000000E+000 
 0.000000000000E+000  0.000000000000E+000  0.000000000000E+000 
 0.000000000000E+000  0.000000000000E+000  0.000000000000E+000 
 0.000000000000E+000  0.000000000000E+000  0.000000000000E+000 
4 3 ! 3 2 0 1 1 0
 0.000000000000E+000  0.000000000000E+000  0.000000000000E+000 
 0.000000000000E+000  0.000000000000E+000  0.000000000000E+000 
 0.000000000000E+000  0.000000000000E+000  0.000000000000E+000 
 0.000000000000E+000  0.000000000000E+000  0.000000000000E+000 
4 3 ! 3 2 0 1 2 0
 0.000000000000E+000  0.000000000000E+000  0.000000000000E+000 
 0.000000000000E+000  0.000000000000E+000  0.000000000000E+000 
 0.000000000000E+000  0.000000000000E+000  0.000000000000E+000 
 0.000000000000E+000  0.000000000000E+000  0.000000000000E+000 
4 3 ! 3 2 0 3 1 -1
 0.000000000000E+000  0.000000000000E+000  0.000000000000E+000 
 0.000000000000E+000  0.000000000000E+000  0.000000000000E+000 
 0.000000000000E+000  0.000000000000E+000  0.000000000000E+000 
 0.000000000000E+000  0.000000000000E+000  0.000000000000E+000 
4 3 ! 3 2 0 3 2 -1
 0.000000000000E+000  0.000000000000E+000  0.000000000000E+000 
 0.000000000000E+000  0.000000000000E+000  0.000000000000E+000 
 0.000000000000E+000  0.000000000000E+000  0.000000000000E+000 
 0.000000000000E+000  0.000000000000E+000  0.000000000000E+000 
4 3 ! 3 2 0 3 1 0
-3.314552988051E-003 -9.980953546319E-002  5.221743530299E-003 
 9.565124154057E-003  7.277396256511E-002 -9.265228548134E-003 
 1.952311014251E-001 -1.353373414271E-002 -1.743054393974E-001 
-2.015024246420E-001  4.035258624254E-002  1.784256858387E-001 
4 3 ! 3 2 0 3 2 0
 0.000000000000E+000  0.000000000000E+000  0.000000000000E+000 
 0.000000000000E+000  0.000000000000E+000  0.000000000000E+000 
 0.000000000000E+000  0.000000000000E+000  0.000000000000E+000 
 0.000000000000E+000  0.000000000000E+000  0.000000000000E+000 
4 3 ! 3 2 0 3 1 1
 0.000000000000E+000  0.000000000000E+000  0.000000000000E+000 
 0.000000000000E+000  0.000000000000E+000  0.000000000000E+000 
 0.000000000000E+000  0.000000000000E+000  0.000000000000E+000 
 0.000000000000E+000  0.000000000000E+000  0.000000000000E+000 
4 3 ! 3 2 0 3 2 1
 0.000000000000E+000  0.000000000000E+000  0.000000000000E+000 
 0.000000000000E+000  0.000000000000E+000  0.000000000000E+000 
 0.000000000000E+000  0.000000000000E+000  0.000000000000E+000 
 0.000000000000E+000  0.000000000000E+000  0.000000000000E+000 
4 3 ! 3 1 1 1 1 0
 0.000000000000E+000  0.000000000000E+000  0.000000000000E+000 
 0.000000000000E+000  0.000000000000E+000  0.000000000000E+000 
 0.000000000000E+000  0.000000000000E+000  0.000000000000E+000 
 0.000000000000E+000  0.000000000000E+000  0.000000000000E+000 
4 3 ! 3 1 1 1 2 0
 0.000000000000E+000  0.000000000000E+000  0.000000000000E+000 
 0.000000000000E+000  0.000000000000E+000  0.000000000000E+000 
 0.000000000000E+000  0.000000000000E+000  0.000000000000E+000 
 0.000000000000E+000  0.000000000000E+000  0.000000000000E+000 
4 3 ! 3 1 1 3 1 -1
 0.000000000000E+000  0.000000000000E+000  0.000000000000E+000 
 0.000000000000E+000  0.000000000000E+000  0.000000000000E+000 
 0.000000000000E+000  0.000000000000E+000  0.000000000000E+000 
 0.000000000000E+000  0.000000000000E+000  0.000000000000E+000 
4 3 ! 3 1 1 3 2 -1
 0.000000000000E+000  0.000000000000E+000  0.000000000000E+000 
 0.000000000000E+000  0.000000000000E+000  0.000000000000E+000 
 0.000000000000E+000  0.000000000000E+000  0.000000000000E+000 
 0.000000000000E+000  0.000000000000E+000  0.000000000000E+000 
4 3 ! 3 1 1 3 1 0
 0.000000000000E+000  0.000000000000E+000  0.000000000000E+000 
 0.000000000000E+000  0.000000000000E+000  0.000000000000E+000 
 0.000000000000E+000  0.000000000000E+000  0.000000000000E+000 
 0.000000000000E+000  0.000000000000E+000  0.000000000000E+000 
4 3 ! 3 1 1 3 2 0
 0.000000000000E+000  0.000000000000E+000  0.000000000000E+000 
 0.000000000000E+000  0.000000000000E+000  0.000000000000E+000 
 0.000000000000E+000  0.000000000000E+000  0.000000000000E+000 
 0.000000000000E+000  0.000000000000E+000  0.000000000000E+000 
4 3 ! 3 1 1 3 1 1
 0.000000000000E+000  0.000000000000E+000  0.000000000000E+000 
 0.000000000000E+000  0.000000000000E+000  0.000000000000E+000 
 0.000000000000E+000  0.000000000000E+000  0.000000000000E+000 
 0.000000000000E+000  0.000000000000E+000  0.000000000000E+000 
4 3 ! 3 1 1 3 2 1
 3.314552988051E-003  9.980953546319E-002 -5.221743530299E-003 
-9.565124154057E-003 -7.277396256511E-002  9.265228548134E-003 
-1.952311014251E-001  1.353373414271E-002  1.743054393974E-001 
 2.015024246420E-001 -4.035258624254E-002 -1.784256858387E-001 
4 3 ! 3 2 1 1 1 0
 0.000000000000E+000  0.000000000000E+000  0.000000000000E+000 
 0.000000000000E+000  0.000000000000E+000  0.000000000000E+000 
 0.000000000000E+000  0.000000000000E+000  0.000000000000E+000 
 0.000000000000E+000  0.000000000000E+000  0.000000000000E+000 
4 3 ! 3 2 1 1 2 0
 0.000000000000E+000  0.000000000000E+000  0.000000000000E+000 
 0.000000000000E+000  0.000000000000E+000  0.000000000000E+000 
 0.000000000000E+000  0.000000000000E+000  0.000000000000E+000 
 0.000000000000E+000  0.000000000000E+000  0.000000000000E+000 
4 3 ! 3 2 1 3 1 -1
 0.000000000000E+000  0.000000000000E+000  0.000000000000E+000 
 0.000000000000E+000  0.000000000000E+000  0.000000000000E+000 
 0.000000000000E+000  0.000000000000E+000  0.000000000000E+000 
 0.000000000000E+000  0.000000000000E+000  0.000000000000E+000 
4 3 ! 3 2 1 3 2 -1
 0.000000000000E+000  0.000000000000E+000  0.000000000000E+000 
 0.000000000000E+000  0.000000000000E+000  0.000000000000E+000 
 0.000000000000E+000  0.000000000000E+000  0.000000000000E+000 
 0.000000000000E+000  0.000000000000E+000  0.000000000000E+000 
4 3 ! 3 2 1 3 1 0
 0.000000000000E+000  0.000000000000E+000  0.000000000000E+000 
 0.000000000000E+000  0.000000000000E+000  0.000000000000E+000 
 0.000000000000E+000  0.000000000000E+000  0.000000000000E+000 
 0.000000000000E+000  0.000000000000E+000  0.000000000000E+000 
4 3 ! 3 2 1 3 2 0
 0.000000000000E+000  0.000000000000E+000  0.000000000000E+000 
 0.000000000000E+000  0.000000000000E+000  0.000000000000E+000 
 0.000000000000E+000  0.000000000000E+000  0.000000000000E+000 
 0.000000000000E+000  0.000000000000E+000  0.000000000000E+000 
4 3 ! 3 2 1 3 1 1
-3.314552988051E-003 -9.980953546319E-002  5.221743530299E-003 
 9.565124154057E-003  7.277396256511E-002 -9.265228548134E-003 
 1.952311014251E-001 -1.353373414271E-002 -1.743054393974E-001 
-2.015024246420E-001  4.035258624254E-002  1.784256858387E-001 
4 3 ! 3 2 1 3 2 1
 0.000000000000E+000  0.000000000000E+000  0.000000000000E+000 
 0.000000000000E+000  0.000000000000E+000  0.000000000000E+000 
 0.000000000000E+000  0.000000000000E+000  0.000000000000E+000 
 0.000000000000E+000  0.000000000000E+000  0.000000000000E+000 
! 6 Overlap matrix (8x8, complex)
8 8
-9.975201200E-001  0.000000000E+000  4.165600000E-004  0.000000000E+000  0.000000000E+000  0.000000000E+000  0.000000000E+000  0.000000000E+000  0.000000000E+000  0.000000000E+000  0.000000000E+000  0.000000000E+000  0.000000000E+000  0.000000000E+000  0.000000000E+000  0.000000000E+000 
 1.320300000E-004  0.000000000E+000  9.977210900E-001  0.000000000E+000  0.000000000E+000  0.000000000E+000  0.000000000E+000  0.000000000E+000  0.000000000E+000  0.000000000E+000  0.000000000E+000  0.000000000E+000  0.000000000E+000  0.000000000E+000  0.000000000E+000  0.000000000E+000 
 0.000000000E+000  0.000000000E+000  0.000000000E+000  0.000000000E+000 -9.978002000E-001  0.000000000E+000  3.508600000E-004  0.000000000E+000  0.000000000E+000  0.000000000E+000  0.000000000E+000  0.000000000E+000  0.000000000E+000  0.000000000E+000  0.000000000E+000  0.000000000E+000 
 0.000000000E+000  0.000000000E+000  0.000000000E+000  0.000000000E+000  3.515100000E-004  0.000000000E+000  9.977362400E-001  0.000000000E+000  0.000000000E+000  0.000000000E+000  0.000000000E+000  0.000000000E+000  0.000000000E+000  0.000000000E+000  0.000000000E+000  0.000000000E+000 
 0.000000000E+000  0.000000000E+000  0.000000000E+000  0.000000000E+000  0.000000000E+000  0.000000000E+000  0.000000000E+000  0.000000000E+000 -9.978002000E-001  0.000000000E+000  3.508600000E-004  0.000000000E+000  0.000000000E+000  0.000000000E+000  0.000000000E+000  0.000000000E+000 
 0.000000000E+000  0.000000000E+000  0.000000000E+000  0.000000000E+000  0.000000000E+000  0.000000000E+000  0.000000000E+000  0.000000000E+000  3.515100000E-004  0.000000000E+000  9.977362400E-001  0.000000000E+000  0.000000000E+000  0.000000000E+000  0.000000000E+000  0.000000000E+000 
 0.000000000E+000  0.000000000E+000  0.000000000E+000  0.000000000E+000  0.000000000E+000  0.000000000E+000  0.000000000E+000  0.000000000E+000  0.000000000E+000  0.000000000E+000  0.000000000E+000  0.000000000E+000 -9.978002000E-001  0.000000000E+000  3.508600000E-004  0.000000000E+000 
 0.000000000E+000  0.000000000E+000  0.000000000E+000  0.000000000E+000  0.000000000E+000  0.000000000E+000  0.000000000E+000  0.000000000E+000  0.000000000E+000  0.000000000E+000  0.000000000E+000  0.000000000E+000  3.515100000E-004  0.000000000E+000  9.977362400E-001  0.000000000E+000 

! 7 Phases
8 ! for all nmstates
-1.000000000E+000  0.000000000E+000
 1.000000000E+000  0.000000000E+000
-1.000000000E+000  0.000000000E+000
 1.000000000E+000  0.000000000E+000
-1.000000000E+000  0.000000000E+000
 1.000000000E+000  0.000000000E+000
-1.000000000E+000  0.000000000E+000
 1.000000000E+000  0.000000000E+000
! 8 Runtime
 3.171311690E+002
