#=================================================================================================================================================
#     Step |         Time |         State |                                     Energy |     Gradient |           Expectation Value |    Runtime |
#          |              |  diag |   MCH |          kin |          pot |          tot |          RMS |           DM |            S |            |
#          |         [fs] |       |       |         [eV] |         [eV] |         [eV] |     [eV/Ang] |      [Debye] |              |      [sec] |
#=================================================================================================================================================
         0        0.00000       5       2       0.143792       2.293795       2.437588       0.882247       0.959507       0.001126          335
         1        0.50000       5       2       0.111187       2.326778       2.437965       0.981942       0.956489       0.001116          326
         2        1.00000       5       2       0.085129       2.353077       2.438206       1.046091       0.954730       0.001108          324
         3        1.50000       5       2       0.068967       2.369389       2.438356       1.078984       0.954083       0.001102          321
         4        2.00000       5       2       0.064271       2.374089       2.438360       1.081066       0.954496       0.001100          328
         5        2.50000       5       2       0.070684       2.367539       2.438223       1.049528       0.955582       0.001102          330
         6        3.00000       5       2       0.085702       2.352228       2.437930       0.980930       0.956963       0.001108          479
         7        3.50000       5       2       0.104623       2.332857       2.437479       0.877640       0.958250       0.001119          337
         8        4.00000       5       2       0.121056       2.315906       2.436961       0.756391       0.959095       0.001134          327
         9        4.50000       5       2       0.128353       2.308187       2.436539       0.669483       0.959245       0.001153          324
        10        5.00000       5       2       0.122188       2.314247       2.436435       0.700817       0.958702       0.001176          327
        11        5.50000       5       2       0.103609       2.333172       2.436781       0.863409       0.957684       0.001201          441
        12        6.00000       5       2       0.080665       2.356835       2.437500       1.066680       0.956588       0.001227          327
        13        6.50000       5       2       0.066188       2.371951       2.438139       1.208233       0.955880       0.001252          320
        14        7.00000       5       2       0.071263       2.366931       2.438194       1.219981       0.955809       0.001276          326
        15        7.50000       5       2       0.098157       2.339380       2.437537       1.083670       0.956289       0.001296          389
        16        8.00000       5       2       0.138388       2.298152       2.436540       0.832856       0.956989       0.001312          329
        17        8.50000       5       2       0.177798       2.257945       2.435743       0.548242       0.957482       0.001325          360
        18        9.00000       5       2       0.204289       2.231167       2.435456       0.373342       0.957419       0.001333          337
        19        9.50000       5       2       0.212538       2.223092       2.435631       0.443554       0.956799       0.001338          326
        20       10.00000       5       2       0.204010       2.232047       2.436058       0.609052       0.955787       0.001341          384
        21       10.50000       5       2       0.184187       2.252350       2.436537       0.747816       0.954699       0.001342          323
        22       11.00000       5       2       0.159645       2.277319       2.436964       0.836749       0.953917       0.001342          321
        23       11.50000       5       2       0.136274       2.301034       2.437308       0.880178       0.953692       0.001342          320
        24       12.00000       5       2       0.118576       2.319001       2.437577       0.886625       0.954292       0.001343          331
        25       12.50000       5       2       0.109460       2.328264       2.437724       0.862086       0.955878       0.001345          325
        26       13.00000       5       2       0.110087       2.327656       2.437743       0.809445       0.958483       0.001348          326
        27       13.50000       5       2       0.119602       2.318003       2.437605       0.729689       0.962033       0.001354          431
        28       14.00000       5       2       0.134847       2.302437       2.437284       0.627609       0.966437       0.001361          322
        29       14.50000       5       2       0.150480       2.286347       2.436827       0.528947       0.971469       0.001371          419
        30       15.00000       5       2       0.159897       2.276459       2.436356       0.502364       0.976826       0.001383          324
        31       15.50000       5       2       0.157168       2.278892       2.436060       0.621163       0.982237       0.001396          548
        32       16.00000       5       2       0.139913       2.296247       2.436160       0.851856       0.987413       0.001411          441
        33       16.50000       5       2       0.111907       2.324775       2.436682       1.106083       0.992196       0.001426          322
        34       17.00000       5       2       0.083133       2.354237       2.437370       1.304138       0.996415       0.001439          546
        35       17.50000       5       2       0.065631       2.372200       2.437830       1.386656       0.999819       0.001449          324
        36       18.00000       5       2       0.066744       2.370960       2.437705       1.330948       1.002231       0.001455          376
        37       18.50000       5       2       0.084722       2.352394       2.437116       1.168925       1.003399       0.001457          327
        38       19.00000       5       2       0.110576       2.325999       2.436575       0.983774       1.002991       0.001454          325
        39       19.50000       5       2       0.134368       2.302038       2.436406       0.871474       1.000879       0.001447          320
        40       20.00000       5       2       0.150378       2.286234       2.436612       0.860502       0.997144       0.001435          324
        41       20.50000       5       2       0.157872       2.279121       2.436993       0.891764       0.992071       0.001421          329
        42       21.00000       5       2       0.158738       2.278629       2.437367       0.905115       0.986153       0.001405          328
        43       21.50000       5       2       0.155135       2.282567       2.437702       0.886806       0.979961       0.001388          324
        44       22.00000       5       2       0.148773       2.289257       2.438030       0.852119       0.974099       0.001370          441
        45       22.50000       5       2       0.141331       2.297053       2.438384       0.823312       0.969017       0.001353          320
        46       23.00000       5       2       0.134894       2.303849       2.438743       0.810642       0.965082       0.001338          455
        47       23.50000       5       2       0.131780       2.307248       2.439028       0.809204       0.962549       0.001324          330
        48       24.00000       5       2       0.133770       2.305403       2.439173       0.805234       0.961557       0.001313          324
        49       24.50000       5       2       0.141212       2.297913       2.439125       0.786782       0.962138       0.001304          427
        50       25.00000       5       2       0.152439       2.286478       2.438916       0.749788       0.964146       0.001297          329
        51       25.50000       5       2       0.163807       2.274759       2.438565       0.700655       0.967422       0.001291          505
        52       26.00000       5       2       0.170543       2.267671       2.438214       0.664223       0.971679       0.001288          319
        53       26.50000       5       2       0.168431       2.269565       2.437996       0.674648       0.976617       0.001285          327
        54       27.00000       5       2       0.155798       2.282251       2.438050       0.744663       0.981965       0.001282          321
        55       27.50000       5       2       0.134905       2.303482       2.438387       0.844684       0.987467       0.001278          320
        56       28.00000       5       2       0.111465       2.327389       2.438854       0.921862       0.992907       0.001272          471
        57       28.50000       5       2       0.091949       2.347274       2.439223       0.937613       0.997951       0.001263          323
        58       29.00000       5       2       0.080259       2.359140       2.439399       0.887548       1.002215       0.001251          321
        59       29.50000       5       2       0.076242       2.363225       2.439467       0.810142       1.005295       0.001235          323
        60       30.00000       5       2       0.077190       2.362427       2.439617       0.766944       1.006822       0.001217          540
        61       30.50000       5       2       0.080584       2.359315       2.439899       0.785669       1.006663       0.001198          328
        62       31.00000       5       2       0.085356       2.354885       2.440240       0.834082       1.004920       0.001177          319
        63       31.50000       5       2       0.091096       2.349444       2.440540       0.869923       1.001893       0.001156          320
        64       32.00000       5       2       0.096795       2.343990       2.440786       0.882083       0.997967       0.001136          324
        65       32.50000       5       2       0.100783       2.340286       2.441069       0.885900       0.993505       0.001117          330
        66       33.00000       5       2       0.101822       2.339626       2.441448       0.899885       0.988812       0.001101          326
        67       33.50000       5       2       0.100238       2.341659       2.441897       0.928644       0.984217       0.001088          319
        68       34.00000       5       2       0.098061       2.344274       2.442335       0.961399       0.980058       0.001077          318
        69       34.50000       5       2       0.098219       2.344441       2.442660       0.982670       0.976611       0.001070          321
        70       35.00000       5       2       0.103287       2.339487       2.442774       0.979619       0.974267       0.001067          322
        71       35.50000       5       2       0.114326       2.328308       2.442634       0.945846       0.973239       0.001067          322
        72       36.00000       5       2       0.130259       2.311994       2.442253       0.884006       0.973622       0.001069          324
        73       36.50000       5       2       0.147936       2.293755       2.441691       0.807482       0.975375       0.001074          323
        74       37.00000       5       2       0.162996       2.278069       2.441065       0.745812       0.978328       0.001081          319
        75       37.50000       5       2       0.171372       2.269163       2.440535       0.737122       0.982190       0.001089          320
        76       38.00000       5       2       0.171039       2.269229       2.440268       0.795761       0.986568       0.001098          320
        77       38.50000       5       2       0.163124       2.277072       2.440196       0.887361       0.991233       0.001107          436
        78       39.00000       5       2       0.151335       2.288836       2.440172       0.956269       0.995765       0.001114          415
        79       39.50000       5       2       0.139627       2.300481       2.440109       0.963350       0.999624       0.001119          323
        80       40.00000       5       2       0.129636       2.310279       2.439915       0.913067       1.002452       0.001122          325
        81       40.50000       5       2       0.120243       2.319490       2.439733       0.859215       1.003937       0.001123          328
        82       41.00000       5       2       0.109768       2.329986       2.439754       0.869925       1.003939       0.001121          547
        83       41.50000       5       2       0.098567       2.341421       2.439989       0.946685       1.002479       0.001117          392
        84       42.00000       5       2       0.089226       2.351053       2.440279       1.024428       0.999762       0.001112          325
        85       42.50000       5       2       0.084236       2.356208       2.440444       1.044753       0.996092       0.001105          319
        86       43.00000       5       2       0.083601       2.356904       2.440504       0.994529       0.991768       0.001098          318
        87       43.50000       5       2       0.084772       2.355833       2.440605       0.895251       0.987126       0.001092          323
        88       44.00000       5       2       0.084718       2.356150       2.440868       0.787470       0.982483       0.001088          315
        89       44.50000       5       2       0.082091       2.359212       2.441303       0.709517       0.978177       0.001085          321
        90       45.00000       5       2       0.077964       2.363881       2.441846       0.677310       0.974513       0.001085          318
        91       45.50000       5       2       0.075053       2.367309       2.442363       0.681126       0.971801       0.001089          327
        92       46.00000       5       2       0.076270       2.366475       2.442746       0.700290       0.970239       0.001096          318
        93       46.50000       5       2       0.083440       2.359523       2.442964       0.721648       0.969878       0.001106          316
        94       47.00000       5       2       0.096684       2.346334       2.443018       0.742195       0.970698       0.001120          403
        95       47.50000       5       2       0.114526       2.328428       2.442954       0.766533       0.972490       0.001137          488
        96       48.00000       5       2       0.134547       2.308303       2.442850       0.799456       0.974987       0.001157          319
        97       48.50000       5       2       0.154309       2.288475       2.442784       0.837156       0.977871       0.001180          320
        98       49.00000       5       2       0.172068       2.270684       2.442753       0.863598       0.980864       0.001203          317
        99       49.50000       5       2       0.186741       2.255985       2.442726       0.855766       0.983675       0.001228          425
       100       50.00000       5       2       0.197196       2.245457       2.442653       0.798793       0.985983       0.001252          318
       101       50.50000       5       2       0.201605       2.240957       2.442562       0.702991       0.987506       0.001274          423
       102       51.00000       5       2       0.197928       2.244640       2.442568       0.626999       0.988012       0.001293          402
       103       51.50000       5       2       0.185793       2.257023       2.442816       0.648609       0.987296       0.001308          319
       104       52.00000       5       2       0.168143       2.275165       2.443308       0.760186       0.985408       0.001319          318
       105       52.50000       5       2       0.150646       2.293181       2.443828       0.872363       0.982576       0.001324          432
       106       53.00000       5       2       0.138533       2.305601       2.444133       0.918605       0.979204       0.001323          431
       107       53.50000       5       2       0.133202       2.310962       2.444164       0.885619       0.975693       0.001318          508
       108       54.00000       5       2       0.131514       2.312589       2.444102       0.806753       0.972321       0.001310          319
       109       54.50000       5       2       0.128295       2.315883       2.444178       0.741197       0.969222       0.001301          319
       110       55.00000       5       2       0.119845       2.324642       2.444487       0.736915       0.966401       0.001292          424
       111       55.50000       5       2       0.105844       2.339139       2.444983       0.792245       0.963821       0.001285          319
       112       56.00000       5       2       0.089033       2.356493       2.445526       0.870042       0.961432       0.001282          400
       113       56.50000       5       2       0.073614       2.372373       2.445988       0.936695       0.959194       0.001282          395
       114       57.00000       5       2       0.063487       2.382808       2.446295       0.975794       0.957240       0.001288          459
       115       57.50000       5       2       0.061023       2.385388       2.446411       0.984925       0.955579       0.001299          319
       116       58.00000       5       2       0.066721       2.379659       2.446381       0.969849       0.954334       0.001316          319
       117       58.50000       5       2       0.079532       2.366718       2.446251       0.940643       0.953646       0.001337          421
       118       59.00000       5       2       0.097574       2.348503       2.446077       0.907992       0.953634       0.001361          320
       119       59.50000       5       2       0.118889       2.327020       2.445909       0.875711       0.954460       0.001388          326
       120       60.00000       5       2       0.141760       2.303963       2.445723       0.834857       0.956146       0.001416          320
       121       60.50000       5       2       0.164329       2.281163       2.445492       0.769362       0.958494       0.001443          330
       122       61.00000       5       2       0.183893       2.261266       2.445159       0.674746       0.961357       0.001467          345
       123       61.50000       5       2       0.196872       2.248013       2.444885       0.589217       0.964214       0.001487          320
       124       62.00000       5       2       0.200264       2.244598       2.444862       0.607329       0.966720       0.001500          318
       125       62.50000       5       2       0.194136       2.250994       2.445130       0.761137       0.968819       0.001507          319
       126       63.00000       5       2       0.182936       2.262714       2.445650       0.957966       0.970371       0.001506          426
       127       63.50000       5       2       0.173656       2.272439       2.446095       1.099225       0.971606       0.001498          319
       128       64.00000       5       2       0.171405       2.274773       2.446179       1.134072       0.972619       0.001484          443
       129       64.50000       5       2       0.175786       2.270135       2.445921       1.058427       0.973488       0.001465          360
       130       65.00000       5       2       0.181276       2.264311       2.445586       0.906976       0.974127       0.001443          359
       131       65.50000       5       2       0.181085       2.264378       2.445462       0.736239       0.974493       0.001420          318
       132       66.00000       5       2       0.171156       2.274464       2.445621       0.607465       0.974533       0.001397          320
       133       66.50000       5       2       0.151813       2.294167       2.445979       0.562524       0.974391       0.001375          341
       134       67.00000       5       2       0.126840       2.319521       2.446361       0.593015       0.974235       0.001356          543
       135       67.50000       5       2       0.101383       2.345280       2.446663       0.658979       0.974292       0.001340          537
       136       68.00000       5       2       0.080137       2.366681       2.446818       0.731551       0.974779       0.001327          409
       137       68.50000       5       2       0.066336       2.380490       2.446827       0.800582       0.975842       0.001318          443
       138       69.00000       5       2       0.061521       2.385213       2.446734       0.863015       0.977457       0.001311          456
       139       69.50000       5       2       0.065804       2.380749       2.446553       0.914719       0.979589       0.001306          322
       140       70.00000       5       2       0.078216       2.368112       2.446328       0.945444       0.981980       0.001304          441
       141       70.50000       5       2       0.096770       2.349244       2.446013       0.940091       0.984395       0.001304          321
       142       71.00000       5       2       0.118147       2.327472       2.445619       0.886629       0.986393       0.001304          354
       143       71.50000       5       2       0.137522       2.307645       2.445168       0.795603       0.987632       0.001305          317
       144       72.00000       5       2       0.149424       2.295378       2.444802       0.722360       0.987859       0.001305          319
       145       72.50000       5       2       0.150209       2.294584       2.444793       0.765197       0.986794       0.001304          318
       146       73.00000       5       2       0.141298       2.303951       2.445249       0.941260       0.984451       0.001300          321
       147       73.50000       5       2       0.130430       2.315549       2.445979       1.146838       0.981017       0.001294          321
       148       74.00000       5       2       0.128407       2.318096       2.446503       1.272723       0.976884       0.001283          319
       149       74.50000       5       2       0.142200       2.304183       2.446383       1.259123       0.972534       0.001269          318
       150       75.00000       5       2       0.169609       2.276129       2.445738       1.104816       0.968233       0.001252          320
       151       75.50000       5       2       0.200207       2.244769       2.444977       0.859502       0.964271       0.001232          318
       152       76.00000       5       2       0.221676       2.222951       2.444626       0.613051       0.960512       0.001210          321
       153       76.50000       5       2       0.226222       2.218466       2.444688       0.493360       0.957234       0.001188          360
       154       77.00000       5       2       0.213092       2.232000       2.445092       0.566279       0.954392       0.001167          327
       155       77.50000       5       2       0.187096       2.258508       2.445604       0.721370       0.952123       0.001147          319
       156       78.00000       5       2       0.155545       2.290494       2.446039       0.867069       0.950674       0.001129          415
       157       78.50000       5       2       0.125549       2.320770       2.446320       0.976532       0.950184       0.001113          322
       158       79.00000       5       2       0.102404       2.344004       2.446408       1.045040       0.950792       0.001101          432
       159       79.50000       5       2       0.089030       2.357304       2.446334       1.075343       0.952559       0.001092          324
       160       80.00000       5       2       0.086057       2.360073       2.446129       1.070632       0.955417       0.001086          356
       161       80.50000       5       2       0.092180       2.353624       2.445804       1.032922       0.959267       0.001084          549
       162       81.00000       5       2       0.104530       2.340859       2.445389       0.960585       0.963904       0.001085          320
       163       81.50000       5       2       0.118942       2.325919       2.444860       0.852271       0.968960       0.001088          318
       164       82.00000       5       2       0.130317       2.313985       2.444302       0.712208       0.974041       0.001095          318
       165       82.50000       5       2       0.133483       2.310315       2.443798       0.572967       0.978692       0.001103          319
       166       83.00000       5       2       0.124915       2.318606       2.443521       0.527634       0.982414       0.001113          319
       167       83.50000       5       2       0.105194       2.338460       2.443654       0.659753       0.984944       0.001123          318
       168       84.00000       5       2       0.080970       2.363198       2.444168       0.885172       0.986250       0.001132          316
       169       84.50000       5       2       0.063846       2.380887       2.444733       1.081582       0.986579       0.001141          318
       170       85.00000       5       2       0.065102       2.379778       2.444879       1.168019       0.986152       0.001147          319
       171       85.50000       5       2       0.088673       2.355684       2.444357       1.113723       0.985370       0.001150          319
       172       86.00000       5       2       0.127875       2.315556       2.443431       0.938713       0.984067       0.001150          425
       173       86.50000       5       2       0.168947       2.273662       2.442609       0.704787       0.982142       0.001149          318
       174       87.00000       5       2       0.198504       2.243754       2.442258       0.510702       0.979468       0.001146          324
       175       87.50000       5       2       0.209311       2.233091       2.442402       0.467683       0.976117       0.001144          318
       176       88.00000       5       2       0.201499       2.241331       2.442830       0.566172       0.972363       0.001142          321
       177       88.50000       5       2       0.180411       2.262902       2.443313       0.697985       0.968694       0.001141          320
       178       89.00000       5       2       0.153470       2.290211       2.443681       0.809986       0.965586       0.001143          317
       179       89.50000       5       2       0.127714       2.316127       2.443841       0.890341       0.963656       0.001147          317
       180       90.00000       5       2       0.108504       2.335296       2.443799       0.940181       0.963285       0.001153          319
       181       90.50000       5       2       0.099042       2.344532       2.443574       0.963288       0.964682       0.001162          321
       182       91.00000       5       2       0.100374       2.342802       2.443176       0.961364       0.968029       0.001173          320
       183       91.50000       5       2       0.111486       2.331152       2.442638       0.931145       0.973132       0.001186          324
       184       92.00000       5       2       0.129292       2.312673       2.441964       0.866264       0.979698       0.001200          320
       185       92.50000       5       2       0.148626       2.292546       2.441172       0.762509       0.987146       0.001216          319
       186       93.00000       5       2       0.162512       2.277709       2.440221       0.628798       0.994989       0.001233          319
       187       93.50000       5       2       0.163327       2.276054       2.439381       0.529337       1.002361       0.001251          318
       188       94.00000       5       2       0.145467       2.293391       2.438859       0.601896       1.008734       0.001269          317
       189       94.50000       5       2       0.109134       2.329799       2.438933       0.861856       1.013687       0.001286          318
       190       95.00000       5       2       0.063339       2.376257       2.439596       1.175410       1.017066       0.001301          319
       191       95.50000       5       2       0.024667       2.415754       2.440421       1.422921       1.018930       0.001313          322
       192       96.00000       5       2       0.009862       2.430852       2.440714       1.522066       1.019488       0.001321          321
       193       96.50000       5       2       0.025817       2.414350       2.440167       1.440395       1.018871       0.001325          317
       194       97.00000       5       2       0.064899       2.374235       2.439134       1.203277       1.017081       0.001326          335
       195       97.50000       5       2       0.109877       2.328412       2.438289       0.881575       1.014049       0.001324          319
       196       98.00000       5       2       0.143992       2.294058       2.438050       0.572178       1.009735       0.001321          320
       197       98.50000       5       2       0.158280       2.280118       2.438399       0.413639       1.004360       0.001318          319
       198       99.00000       5       2       0.152839       2.286250       2.439089       0.490156       0.998246       0.001316          316
       199       99.50000       5       2       0.133905       2.305921       2.439826       0.652082       0.991971       0.001315          323
       200      100.00000       5       2       0.110031       2.330433       2.440464       0.796586       0.986156       0.001316          318
       201      100.50000       5       2       0.089260       2.351636       2.440896       0.901162       0.981428       0.001318          317
       202      101.00000       5       2       0.077621       2.363516       2.441137       0.963527       0.978223       0.001322          317
       203      101.50000       5       2       0.078554       2.362663       2.441217       0.985030       0.976753       0.001328          320
       204      102.00000       5       2       0.092780       2.348313       2.441092       0.965367       0.977203       0.001335          316
       205      102.50000       5       2       0.118340       2.322482       2.440822       0.902481       0.979398       0.001343          318
       206      103.00000       5       2       0.150684       2.289698       2.440383       0.791866       0.982923       0.001352          318
       207      103.50000       5       2       0.182918       2.256885       2.439803       0.628631       0.987303       0.001362          315
       208      104.00000       5       2       0.206550       2.232602       2.439153       0.415749       0.991907       0.001371          316
       209      104.50000       5       2       0.213220       2.225365       2.438585       0.217691       0.996087       0.001379          316
       210      105.00000       5       2       0.197549       2.240825       2.438373       0.348083       0.999250       0.001385          317
       211      105.50000       5       2       0.160617       2.278087       2.438704       0.674671       1.001142       0.001389          317
       212      106.00000       5       2       0.112159       2.327365       2.439524       0.992057       1.001758       0.001388          316
       213      106.50000       5       2       0.068567       2.371821       2.440388       1.216582       1.001460       0.001382          334
       214      107.00000       5       2       0.045663       2.395059       2.440722       1.291563       1.000612       0.001371          317
       215      107.50000       5       2       0.049903       2.390363       2.440266       1.199878       0.999471       0.001356          321
       216      108.00000       5       2       0.074802       2.364511       2.439312       0.974026       0.997996       0.001336          321
       217      108.50000       5       2       0.105593       2.332912       2.438505       0.688743       0.995826       0.001315          317
       218      109.00000       5       2       0.127948       2.310214       2.438162       0.463102       0.992759       0.001293          317
       219      109.50000       5       2       0.134244       2.304042       2.438286       0.451341       0.988698       0.001272          320
       220      110.00000       5       2       0.124645       2.314035       2.438680       0.605918       0.983808       0.001253          317
       221      110.50000       5       2       0.104664       2.334477       2.439141       0.776410       0.978497       0.001237          323
       222      111.00000       5       2       0.081924       2.357596       2.439520       0.911930       0.973244       0.001224          319
       223      111.50000       5       2       0.063694       2.376043       2.439736       1.002791       0.968587       0.001214          318
       224      112.00000       5       2       0.055526       2.384276       2.439802       1.049792       0.964926       0.001207          323
       225      112.50000       5       2       0.060652       2.379054       2.439706       1.054498       0.962550       0.001203          317
       226      113.00000       5       2       0.079770       2.359661       2.439431       1.016453       0.961558       0.001202          320
       227      113.50000       5       2       0.110958       2.328052       2.439010       0.933044       0.961856       0.001203          319
       228      114.00000       5       2       0.149653       2.288755       2.438408       0.799135       0.963281       0.001206          319
       229      114.50000       5       2       0.188826       2.248848       2.437675       0.608202       0.965474       0.001210          317
       230      115.00000       5       2       0.219737       2.217165       2.436903       0.363364       0.967997       0.001214          318
       231      115.50000       5       2       0.233770       2.202530       2.436300       0.164190       0.970404       0.001218          320
       232      116.00000       5       2       0.225503       2.210602       2.436106       0.408376       0.972437       0.001221          316
       233      116.50000       5       2       0.196356       2.240164       2.436521       0.775135       0.974025       0.001223          321
       234      117.00000       5       2       0.156503       2.280914       2.437417       1.105656       0.975258       0.001222          320
       235      117.50000       5       2       0.122109       2.316099       2.438207       1.322135       0.976449       0.001218          319
       236      118.00000       5       2       0.107304       2.331056       2.438360       1.370978       0.977550       0.001210          321
       237      118.50000       5       2       0.115629       2.322059       2.437688       1.242542       0.978491       0.001199          319
       238      119.00000       5       2       0.137994       2.298655       2.436649       0.978188       0.978951       0.001186          321
       239      119.50000       5       2       0.159008       2.276856       2.435864       0.661437       0.978601       0.001170          318
       240      120.00000       5       2       0.166071       2.269597       2.435668       0.422208       0.977226       0.001155          318
       241      120.50000       5       2       0.154684       2.281331       2.436016       0.435312       0.974850       0.001140          318
       242      121.00000       5       2       0.128250       2.308355       2.436605       0.609311       0.971756       0.001127          319
       243      121.50000       5       2       0.094756       2.342448       2.437204       0.778175       0.968349       0.001115          318
       244      122.00000       5       2       0.063195       2.374500       2.437694       0.897487       0.965021       0.001107          317
       245      122.50000       5       2       0.041049       2.396953       2.438002       0.962511       0.962272       0.001100          317
       246      123.00000       5       2       0.033133       2.405003       2.438136       0.976985       0.960320       0.001097          319
       247      123.50000       5       2       0.041265       2.396826       2.438091       0.944621       0.959331       0.001097          317
       248      124.00000       5       2       0.064288       2.373565       2.437853       0.867918       0.959313       0.001100          317
       249      124.50000       5       2       0.098248       2.339199       2.437446       0.748124       0.960078       0.001106          319
       250      125.00000       5       2       0.136715       2.300162       2.436877       0.587196       0.961360       0.001116          319
       251      125.50000       5       2       0.171509       2.264738       2.436247       0.404486       0.962746       0.001128          431
       252      126.00000       5       2       0.194311       2.241379       2.435690       0.307879       0.963954       0.001143          323
       253      126.50000       5       2       0.199248       2.236224       2.435472       0.469957       0.964620       0.001159          320
       254      127.00000       5       2       0.186099       2.249674       2.435772       0.758266       0.964589       0.001176          322
       255      127.50000       5       2       0.162327       2.274199       2.436526       1.035238       0.963908       0.001193          321
       256      128.00000       5       2       0.141269       2.296041       2.437310       1.217436       0.962901       0.001207          318
       257      128.50000       5       2       0.135601       2.301979       2.437579       1.249763       0.961780       0.001217          319
       258      129.00000       5       2       0.149507       2.287629       2.437136       1.116072       0.960720       0.001223          318
       259      129.50000       5       2       0.175843       2.260458       2.436301       0.848585       0.959717       0.001225          319
       260      130.00000       5       2       0.200792       2.234864       2.435656       0.519029       0.958560       0.001222          351
       261      130.50000       5       2       0.211973       2.223575       2.435548       0.271422       0.957029       0.001216          318
       262      131.00000       5       2       0.203926       2.232002       2.435927       0.375182       0.955170       0.001207          319
       263      131.50000       5       2       0.178625       2.257958       2.436583       0.610242       0.953138       0.001197          318
       264      132.00000       5       2       0.142703       2.294598       2.437301       0.809834       0.951130       0.001188          319
       265      132.50000       5       2       0.104172       2.333738       2.437911       0.954734       0.949636       0.001179          319
       266      133.00000       5       2       0.070185       2.368176       2.438360       1.048914       0.948822       0.001173          319
       267      133.50000       5       2       0.045971       2.392664       2.438635       1.100257       0.948820       0.001171          318
       268      134.00000       5       2       0.034594       2.404152       2.438747       1.113716       0.949723       0.001172          420
       269      134.50000       5       2       0.036957       2.401729       2.438687       1.091494       0.951417       0.001179          323
       270      135.00000       5       2       0.051826       2.386633       2.438459       1.032019       0.953704       0.001190          316
       271      135.50000       5       2       0.075803       2.362250       2.438053       0.932839       0.956429       0.001206          376
       272      136.00000       5       2       0.103448       2.334038       2.437486       0.794451       0.959366       0.001228          320
       273      136.50000       5       2       0.127893       2.308966       2.436859       0.632678       0.962357       0.001253          445
       274      137.00000       5       2       0.142338       2.293996       2.436334       0.508030       0.965274       0.001282          320
       275      137.50000       5       2       0.142567       2.293614       2.436181       0.542200       0.967955       0.001312          320
       276      138.00000       5       2       0.129791       2.306688       2.436479       0.740259       0.970602       0.001343          429
       277      138.50000       5       2       0.111987       2.325126       2.437112       0.970504       0.973391       0.001372          320
       278      139.00000       5       2       0.101497       2.336234       2.437730       1.127315       0.976339       0.001397          323
       279      139.50000       5       2       0.108591       2.329245       2.437836       1.149902       0.979507       0.001416          329
       280      140.00000       5       2       0.134827       2.302529       2.437356       1.024474       0.982612       0.001428          400
       281      140.50000       5       2       0.171543       2.265058       2.436601       0.784645       0.985248       0.001433          321
       282      141.00000       5       2       0.204895       2.231186       2.436081       0.507663       0.986992       0.001432          320
       283      141.50000       5       2       0.223307       2.212754       2.436061       0.337671       0.987580       0.001427          319
       284      142.00000       5       2       0.222009       2.214470       2.436479       0.423634       0.987045       0.001418          358
       285      142.50000       5       2       0.203112       2.233999       2.437111       0.602534       0.985682       0.001407          318
       286      143.00000       5       2       0.172902       2.264873       2.437775       0.753649       0.983870       0.001395          317
       287      143.50000       5       2       0.138874       2.299472       2.438346       0.854100       0.982103       0.001383          321
       288      144.00000       5       2       0.107737       2.331040       2.438776       0.906448       0.980861       0.001372          318
       289      144.50000       5       2       0.084448       2.354623       2.439072       0.917513       0.980490       0.001362          318
       290      145.00000       5       2       0.071924       2.367286       2.439211       0.894630       0.981265       0.001354          318
       291      145.50000       5       2       0.070966       2.368226       2.439192       0.841458       0.983312       0.001347          324
       292      146.00000       5       2       0.080176       2.358852       2.439028       0.760869       0.986534       0.001343          321
       293      146.50000       5       2       0.095898       2.342749       2.438647       0.659689       0.990889       0.001341          320
       294      147.00000       5       2       0.112491       2.325660       2.438151       0.562205       0.995932       0.001342          319
       295      147.50000       5       2       0.123283       2.314350       2.437633       0.531459       1.001285       0.001345          344
       296      148.00000       5       2       0.122536       2.314779       2.437315       0.638109       1.006471       0.001349          316
       297      148.50000       5       2       0.108249       2.329129       2.437378       0.857247       1.011126       0.001354          320
       298      149.00000       5       2       0.084627       2.353303       2.437930       1.103866       1.014990       0.001359          317
       299      149.50000       5       2       0.061983       2.376712       2.438695       1.298014       1.018023       0.001363          317
       300      150.00000       5       2       0.052438       2.386777       2.439216       1.376905       1.020179       0.001364          317
