! 1 Hamiltonian Matrix (8x8, complex)
8 8
-4.381335869E+002  0.000000000E+000  0.000000000E+000  0.000000000E+000 -1.163687959E-005 -9.773338575E-005 -8.311666307E-005  3.690631350E-007  0.000000000E+000 -7.607211353E-004 -0.000000000E+000  7.905241225E-006 -1.163687959E-005  9.773338575E-005 -8.311666307E-005 -3.690631350E-007 
 0.000000000E+000  0.000000000E+000 -4.380724685E+002  0.000000000E+000  6.392538005E-006  3.052744450E-007  1.086230264E-005  2.619892625E-006  0.000000000E+000  6.064481885E-006  0.000000000E+000  7.378073265E-004  6.392538005E-006 -3.052744450E-007  1.086230264E-005 -2.619892625E-006 
-1.163687959E-005  9.773338575E-005  6.392538005E-006 -3.052744450E-007 -4.380811674E+002  0.000000000E+000  0.000000000E+000 -7.188848673E-004  0.000000000E+000  0.000000000E+000 -1.050690851E-005 -3.622286325E-006  0.000000000E+000 -0.000000000E+000  0.000000000E+000  0.000000000E+000 
-8.311666307E-005 -3.690631350E-007  1.086230264E-005 -2.619892625E-006  0.000000000E+000  7.188848673E-004 -4.380442021E+002  0.000000000E+000  1.050690851E-005  3.622286325E-006  0.000000000E+000  0.000000000E+000  0.000000000E+000  0.000000000E+000 -0.000000000E+000  0.000000000E+000 
-0.000000000E+000  7.607211353E-004  0.000000000E+000 -6.064481885E-006  0.000000000E+000  0.000000000E+000  1.050690851E-005 -3.622286325E-006 -4.380811674E+002  0.000000000E+000  0.000000000E+000  0.000000000E+000  0.000000000E+000  0.000000000E+000 -1.050690851E-005 -3.622286325E-006 
 0.000000000E+000 -7.905241225E-006  0.000000000E+000 -7.378073265E-004 -1.050690851E-005  3.622286325E-006  0.000000000E+000  0.000000000E+000  0.000000000E+000  0.000000000E+000 -4.380442021E+002  0.000000000E+000  1.050690851E-005  3.622286325E-006  0.000000000E+000  0.000000000E+000 
-1.163687959E-005 -9.773338575E-005  6.392538005E-006  3.052744450E-007 -0.000000000E+000  0.000000000E+000  0.000000000E+000  0.000000000E+000  0.000000000E+000  0.000000000E+000  1.050690851E-005 -3.622286325E-006 -4.380811674E+002  0.000000000E+000  0.000000000E+000  7.188848673E-004 
-8.311666307E-005  3.690631350E-007  1.086230264E-005  2.619892625E-006  0.000000000E+000  0.000000000E+000  0.000000000E+000 -0.000000000E+000 -1.050690851E-005  3.622286325E-006  0.000000000E+000  0.000000000E+000  0.000000000E+000 -7.188848673E-004 -4.380442021E+002  0.000000000E+000 

! 2 Dipole Moment Matrices (3x8x8, complex)
8 8
-2.228277540E-001  0.000000000E+000 -3.282333220E-003  0.000000000E+000  0.000000000E+000  0.000000000E+000  0.000000000E+000  0.000000000E+000  0.000000000E+000  0.000000000E+000  0.000000000E+000  0.000000000E+000  0.000000000E+000  0.000000000E+000  0.000000000E+000  0.000000000E+000 
-3.282333220E-003  0.000000000E+000 -2.071480120E-001  0.000000000E+000  0.000000000E+000  0.000000000E+000  0.000000000E+000  0.000000000E+000  0.000000000E+000  0.000000000E+000  0.000000000E+000  0.000000000E+000  0.000000000E+000  0.000000000E+000  0.000000000E+000  0.000000000E+000 
 0.000000000E+000  0.000000000E+000  0.000000000E+000  0.000000000E+000 -2.210383120E-001  0.000000000E+000  2.966966180E-003  0.000000000E+000  0.000000000E+000  0.000000000E+000  0.000000000E+000  0.000000000E+000  0.000000000E+000  0.000000000E+000  0.000000000E+000  0.000000000E+000 
 0.000000000E+000  0.000000000E+000  0.000000000E+000  0.000000000E+000  2.966966180E-003  0.000000000E+000 -1.700888430E-001  0.000000000E+000  0.000000000E+000  0.000000000E+000  0.000000000E+000  0.000000000E+000  0.000000000E+000  0.000000000E+000  0.000000000E+000  0.000000000E+000 
 0.000000000E+000  0.000000000E+000  0.000000000E+000  0.000000000E+000  0.000000000E+000  0.000000000E+000  0.000000000E+000  0.000000000E+000 -2.210383120E-001  0.000000000E+000  2.966966180E-003  0.000000000E+000  0.000000000E+000  0.000000000E+000  0.000000000E+000  0.000000000E+000 
 0.000000000E+000  0.000000000E+000  0.000000000E+000  0.000000000E+000  0.000000000E+000  0.000000000E+000  0.000000000E+000  0.000000000E+000  2.966966180E-003  0.000000000E+000 -1.700888430E-001  0.000000000E+000  0.000000000E+000  0.000000000E+000  0.000000000E+000  0.000000000E+000 
 0.000000000E+000  0.000000000E+000  0.000000000E+000  0.000000000E+000  0.000000000E+000  0.000000000E+000  0.000000000E+000  0.000000000E+000  0.000000000E+000  0.000000000E+000  0.000000000E+000  0.000000000E+000 -2.210383120E-001  0.000000000E+000  2.966966180E-003  0.000000000E+000 
 0.000000000E+000  0.000000000E+000  0.000000000E+000  0.000000000E+000  0.000000000E+000  0.000000000E+000  0.000000000E+000  0.000000000E+000  0.000000000E+000  0.000000000E+000  0.000000000E+000  0.000000000E+000  2.966966180E-003  0.000000000E+000 -1.700888430E-001  0.000000000E+000 
8 8
-4.203375870E-003  0.000000000E+000  1.932583450E-002  0.000000000E+000  0.000000000E+000  0.000000000E+000  0.000000000E+000  0.000000000E+000  0.000000000E+000  0.000000000E+000  0.000000000E+000  0.000000000E+000  0.000000000E+000  0.000000000E+000  0.000000000E+000  0.000000000E+000 
 1.932583450E-002  0.000000000E+000 -3.221306440E-003  0.000000000E+000  0.000000000E+000  0.000000000E+000  0.000000000E+000  0.000000000E+000  0.000000000E+000  0.000000000E+000  0.000000000E+000  0.000000000E+000  0.000000000E+000  0.000000000E+000  0.000000000E+000  0.000000000E+000 
 0.000000000E+000  0.000000000E+000  0.000000000E+000  0.000000000E+000 -1.733467920E-003  0.000000000E+000 -1.229095560E-002  0.000000000E+000  0.000000000E+000  0.000000000E+000  0.000000000E+000  0.000000000E+000  0.000000000E+000  0.000000000E+000  0.000000000E+000  0.000000000E+000 
 0.000000000E+000  0.000000000E+000  0.000000000E+000  0.000000000E+000 -1.229095560E-002  0.000000000E+000 -6.168570560E-003  0.000000000E+000  0.000000000E+000  0.000000000E+000  0.000000000E+000  0.000000000E+000  0.000000000E+000  0.000000000E+000  0.000000000E+000  0.000000000E+000 
 0.000000000E+000  0.000000000E+000  0.000000000E+000  0.000000000E+000  0.000000000E+000  0.000000000E+000  0.000000000E+000  0.000000000E+000 -1.733467920E-003  0.000000000E+000 -1.229095560E-002  0.000000000E+000  0.000000000E+000  0.000000000E+000  0.000000000E+000  0.000000000E+000 
 0.000000000E+000  0.000000000E+000  0.000000000E+000  0.000000000E+000  0.000000000E+000  0.000000000E+000  0.000000000E+000  0.000000000E+000 -1.229095560E-002  0.000000000E+000 -6.168570560E-003  0.000000000E+000  0.000000000E+000  0.000000000E+000  0.000000000E+000  0.000000000E+000 
 0.000000000E+000  0.000000000E+000  0.000000000E+000  0.000000000E+000  0.000000000E+000  0.000000000E+000  0.000000000E+000  0.000000000E+000  0.000000000E+000  0.000000000E+000  0.000000000E+000  0.000000000E+000 -1.733467920E-003  0.000000000E+000 -1.229095560E-002  0.000000000E+000 
 0.000000000E+000  0.000000000E+000  0.000000000E+000  0.000000000E+000  0.000000000E+000  0.000000000E+000  0.000000000E+000  0.000000000E+000  0.000000000E+000  0.000000000E+000  0.000000000E+000  0.000000000E+000 -1.229095560E-002  0.000000000E+000 -6.168570560E-003  0.000000000E+000 
8 8
-6.583398050E-001  0.000000000E+000 -2.620225090E-003  0.000000000E+000  0.000000000E+000  0.000000000E+000  0.000000000E+000  0.000000000E+000  0.000000000E+000  0.000000000E+000  0.000000000E+000  0.000000000E+000  0.000000000E+000  0.000000000E+000  0.000000000E+000  0.000000000E+000 
-2.620225090E-003  0.000000000E+000 -3.436641330E-001  0.000000000E+000  0.000000000E+000  0.000000000E+000  0.000000000E+000  0.000000000E+000  0.000000000E+000  0.000000000E+000  0.000000000E+000  0.000000000E+000  0.000000000E+000  0.000000000E+000  0.000000000E+000  0.000000000E+000 
 0.000000000E+000  0.000000000E+000  0.000000000E+000  0.000000000E+000 -2.492301750E-001  0.000000000E+000 -2.915795790E-003  0.000000000E+000  0.000000000E+000  0.000000000E+000  0.000000000E+000  0.000000000E+000  0.000000000E+000  0.000000000E+000  0.000000000E+000  0.000000000E+000 
 0.000000000E+000  0.000000000E+000  0.000000000E+000  0.000000000E+000 -2.915795790E-003  0.000000000E+000 -5.196201210E-001  0.000000000E+000  0.000000000E+000  0.000000000E+000  0.000000000E+000  0.000000000E+000  0.000000000E+000  0.000000000E+000  0.000000000E+000  0.000000000E+000 
 0.000000000E+000  0.000000000E+000  0.000000000E+000  0.000000000E+000  0.000000000E+000  0.000000000E+000  0.000000000E+000  0.000000000E+000 -2.492301750E-001  0.000000000E+000 -2.915795790E-003  0.000000000E+000  0.000000000E+000  0.000000000E+000  0.000000000E+000  0.000000000E+000 
 0.000000000E+000  0.000000000E+000  0.000000000E+000  0.000000000E+000  0.000000000E+000  0.000000000E+000  0.000000000E+000  0.000000000E+000 -2.915795790E-003  0.000000000E+000 -5.196201210E-001  0.000000000E+000  0.000000000E+000  0.000000000E+000  0.000000000E+000  0.000000000E+000 
 0.000000000E+000  0.000000000E+000  0.000000000E+000  0.000000000E+000  0.000000000E+000  0.000000000E+000  0.000000000E+000  0.000000000E+000  0.000000000E+000  0.000000000E+000  0.000000000E+000  0.000000000E+000 -2.492301750E-001  0.000000000E+000 -2.915795790E-003  0.000000000E+000 
 0.000000000E+000  0.000000000E+000  0.000000000E+000  0.000000000E+000  0.000000000E+000  0.000000000E+000  0.000000000E+000  0.000000000E+000  0.000000000E+000  0.000000000E+000  0.000000000E+000  0.000000000E+000 -2.915795790E-003  0.000000000E+000 -5.196201210E-001  0.000000000E+000 
! 3 Gradient Vectors (8x4x3, real)
4 3 ! 1 1 0
-7.805429956E-003  2.187938586E-003  5.777346651E-002 
 8.464986776E-003 -5.579029532E-002 -1.099825936E-001 
-9.242039213E-003  4.512051883E-003  1.718468028E-002 
 8.582482393E-003  4.909030485E-002  3.502444683E-002 
4 3 ! 1 2 0
-5.589391403E-003  5.621128575E-004  4.338973457E-003 
-1.516925859E-002 -5.287869595E-002 -4.400073250E-002 
 1.154706813E-003  5.152221489E-003  1.058444585E-002 
 1.960394318E-002  4.716436160E-002  2.907731319E-002 
4 3 ! 3 1 -1
-4.308257499E-003  5.228012064E-004  1.474867173E-002 
-1.700415543E-002 -5.285098517E-002 -5.294017703E-002 
 1.399544872E-003  5.256103447E-003  9.737638349E-003 
 1.991286806E-002  4.707208052E-002  2.845386695E-002 
4 3 ! 3 2 -1
-1.206170806E-002  6.803676527E-004 -4.957324280E-002 
-6.735049455E-003 -5.342512612E-002  1.342515516E-003 
 2.098176256E-004  8.052832296E-003  1.540974881E-002 
 1.858693989E-002  4.469192618E-002  3.282097847E-002 
4 3 ! 3 1 0
-4.308257499E-003  5.228012064E-004  1.474867173E-002 
-1.700415543E-002 -5.285098517E-002 -5.294017703E-002 
 1.399544872E-003  5.256103447E-003  9.737638349E-003 
 1.991286806E-002  4.707208052E-002  2.845386695E-002 
4 3 ! 3 2 0
-1.206170806E-002  6.803676527E-004 -4.957324280E-002 
-6.735049455E-003 -5.342512612E-002  1.342515516E-003 
 2.098176256E-004  8.052832296E-003  1.540974881E-002 
 1.858693989E-002  4.469192618E-002  3.282097847E-002 
4 3 ! 3 1 1
-4.308257499E-003  5.228012064E-004  1.474867173E-002 
-1.700415543E-002 -5.285098517E-002 -5.294017703E-002 
 1.399544872E-003  5.256103447E-003  9.737638349E-003 
 1.991286806E-002  4.707208052E-002  2.845386695E-002 
4 3 ! 3 2 1
-1.206170806E-002  6.803676527E-004 -4.957324280E-002 
-6.735049455E-003 -5.342512612E-002  1.342515516E-003 
 2.098176256E-004  8.052832296E-003  1.540974881E-002 
 1.858693989E-002  4.469192618E-002  3.282097847E-002 
! 5 Non-adiabatic couplings (ddr) (8x8x4x3, real)
4 3 ! 1 1 0 1 1 0
 0.000000000000E+000  0.000000000000E+000  0.000000000000E+000 
 0.000000000000E+000  0.000000000000E+000  0.000000000000E+000 
 0.000000000000E+000  0.000000000000E+000  0.000000000000E+000 
 0.000000000000E+000  0.000000000000E+000  0.000000000000E+000 
4 3 ! 1 1 0 1 2 0
-8.846340067489E-003  2.388909615173E-002  1.612688173522E-003 
 2.331390316577E-002 -1.635049298963E-001 -1.332021914632E-002 
 2.583397181591E-001  6.432832365667E-002 -4.755653780752E-002 
-2.730386905519E-001  7.172728461878E-002  5.936482437113E-002 
4 3 ! 1 1 0 3 1 -1
 0.000000000000E+000  0.000000000000E+000  0.000000000000E+000 
 0.000000000000E+000  0.000000000000E+000  0.000000000000E+000 
 0.000000000000E+000  0.000000000000E+000  0.000000000000E+000 
 0.000000000000E+000  0.000000000000E+000  0.000000000000E+000 
4 3 ! 1 1 0 3 2 -1
 0.000000000000E+000  0.000000000000E+000  0.000000000000E+000 
 0.000000000000E+000  0.000000000000E+000  0.000000000000E+000 
 0.000000000000E+000  0.000000000000E+000  0.000000000000E+000 
 0.000000000000E+000  0.000000000000E+000  0.000000000000E+000 
4 3 ! 1 1 0 3 1 0
 0.000000000000E+000  0.000000000000E+000  0.000000000000E+000 
 0.000000000000E+000  0.000000000000E+000  0.000000000000E+000 
 0.000000000000E+000  0.000000000000E+000  0.000000000000E+000 
 0.000000000000E+000  0.000000000000E+000  0.000000000000E+000 
4 3 ! 1 1 0 3 2 0
 0.000000000000E+000  0.000000000000E+000  0.000000000000E+000 
 0.000000000000E+000  0.000000000000E+000  0.000000000000E+000 
 0.000000000000E+000  0.000000000000E+000  0.000000000000E+000 
 0.000000000000E+000  0.000000000000E+000  0.000000000000E+000 
4 3 ! 1 1 0 3 1 1
 0.000000000000E+000  0.000000000000E+000  0.000000000000E+000 
 0.000000000000E+000  0.000000000000E+000  0.000000000000E+000 
 0.000000000000E+000  0.000000000000E+000  0.000000000000E+000 
 0.000000000000E+000  0.000000000000E+000  0.000000000000E+000 
4 3 ! 1 1 0 3 2 1
 0.000000000000E+000  0.000000000000E+000  0.000000000000E+000 
 0.000000000000E+000  0.000000000000E+000  0.000000000000E+000 
 0.000000000000E+000  0.000000000000E+000  0.000000000000E+000 
 0.000000000000E+000  0.000000000000E+000  0.000000000000E+000 
4 3 ! 1 2 0 1 1 0
 8.846340067489E-003 -2.388909615173E-002 -1.612688173522E-003 
-2.331390316577E-002  1.635049298963E-001  1.332021914632E-002 
-2.583397181591E-001 -6.432832365667E-002  4.755653780752E-002 
 2.730386905519E-001 -7.172728461878E-002 -5.936482437113E-002 
4 3 ! 1 2 0 1 2 0
 0.000000000000E+000  0.000000000000E+000  0.000000000000E+000 
 0.000000000000E+000  0.000000000000E+000  0.000000000000E+000 
 0.000000000000E+000  0.000000000000E+000  0.000000000000E+000 
 0.000000000000E+000  0.000000000000E+000  0.000000000000E+000 
4 3 ! 1 2 0 3 1 -1
 0.000000000000E+000  0.000000000000E+000  0.000000000000E+000 
 0.000000000000E+000  0.000000000000E+000  0.000000000000E+000 
 0.000000000000E+000  0.000000000000E+000  0.000000000000E+000 
 0.000000000000E+000  0.000000000000E+000  0.000000000000E+000 
4 3 ! 1 2 0 3 2 -1
 0.000000000000E+000  0.000000000000E+000  0.000000000000E+000 
 0.000000000000E+000  0.000000000000E+000  0.000000000000E+000 
 0.000000000000E+000  0.000000000000E+000  0.000000000000E+000 
 0.000000000000E+000  0.000000000000E+000  0.000000000000E+000 
4 3 ! 1 2 0 3 1 0
 0.000000000000E+000  0.000000000000E+000  0.000000000000E+000 
 0.000000000000E+000  0.000000000000E+000  0.000000000000E+000 
 0.000000000000E+000  0.000000000000E+000  0.000000000000E+000 
 0.000000000000E+000  0.000000000000E+000  0.000000000000E+000 
4 3 ! 1 2 0 3 2 0
 0.000000000000E+000  0.000000000000E+000  0.000000000000E+000 
 0.000000000000E+000  0.000000000000E+000  0.000000000000E+000 
 0.000000000000E+000  0.000000000000E+000  0.000000000000E+000 
 0.000000000000E+000  0.000000000000E+000  0.000000000000E+000 
4 3 ! 1 2 0 3 1 1
 0.000000000000E+000  0.000000000000E+000  0.000000000000E+000 
 0.000000000000E+000  0.000000000000E+000  0.000000000000E+000 
 0.000000000000E+000  0.000000000000E+000  0.000000000000E+000 
 0.000000000000E+000  0.000000000000E+000  0.000000000000E+000 
4 3 ! 1 2 0 3 2 1
 0.000000000000E+000  0.000000000000E+000  0.000000000000E+000 
 0.000000000000E+000  0.000000000000E+000  0.000000000000E+000 
 0.000000000000E+000  0.000000000000E+000  0.000000000000E+000 
 0.000000000000E+000  0.000000000000E+000  0.000000000000E+000 
4 3 ! 3 1 -1 1 1 0
 0.000000000000E+000  0.000000000000E+000  0.000000000000E+000 
 0.000000000000E+000  0.000000000000E+000  0.000000000000E+000 
 0.000000000000E+000  0.000000000000E+000  0.000000000000E+000 
 0.000000000000E+000  0.000000000000E+000  0.000000000000E+000 
4 3 ! 3 1 -1 1 2 0
 0.000000000000E+000  0.000000000000E+000  0.000000000000E+000 
 0.000000000000E+000  0.000000000000E+000  0.000000000000E+000 
 0.000000000000E+000  0.000000000000E+000  0.000000000000E+000 
 0.000000000000E+000  0.000000000000E+000  0.000000000000E+000 
4 3 ! 3 1 -1 3 1 -1
 0.000000000000E+000  0.000000000000E+000  0.000000000000E+000 
 0.000000000000E+000  0.000000000000E+000  0.000000000000E+000 
 0.000000000000E+000  0.000000000000E+000  0.000000000000E+000 
 0.000000000000E+000  0.000000000000E+000  0.000000000000E+000 
4 3 ! 3 1 -1 3 2 -1
 2.111771154558E-003  1.339890609347E-001 -2.336131293709E-004 
-5.844072017501E-003 -1.024316024279E-001  3.527945316551E-003 
-2.144530659659E-001 -1.328664935064E-002  1.197573171968E-001 
 2.178686323224E-001 -1.785900154250E-002 -1.229671954228E-001 
4 3 ! 3 1 -1 3 1 0
 0.000000000000E+000  0.000000000000E+000  0.000000000000E+000 
 0.000000000000E+000  0.000000000000E+000  0.000000000000E+000 
 0.000000000000E+000  0.000000000000E+000  0.000000000000E+000 
 0.000000000000E+000  0.000000000000E+000  0.000000000000E+000 
4 3 ! 3 1 -1 3 2 0
 0.000000000000E+000  0.000000000000E+000  0.000000000000E+000 
 0.000000000000E+000  0.000000000000E+000  0.000000000000E+000 
 0.000000000000E+000  0.000000000000E+000  0.000000000000E+000 
 0.000000000000E+000  0.000000000000E+000  0.000000000000E+000 
4 3 ! 3 1 -1 3 1 1
 0.000000000000E+000  0.000000000000E+000  0.000000000000E+000 
 0.000000000000E+000  0.000000000000E+000  0.000000000000E+000 
 0.000000000000E+000  0.000000000000E+000  0.000000000000E+000 
 0.000000000000E+000  0.000000000000E+000  0.000000000000E+000 
4 3 ! 3 1 -1 3 2 1
 0.000000000000E+000  0.000000000000E+000  0.000000000000E+000 
 0.000000000000E+000  0.000000000000E+000  0.000000000000E+000 
 0.000000000000E+000  0.000000000000E+000  0.000000000000E+000 
 0.000000000000E+000  0.000000000000E+000  0.000000000000E+000 
4 3 ! 3 2 -1 1 1 0
 0.000000000000E+000  0.000000000000E+000  0.000000000000E+000 
 0.000000000000E+000  0.000000000000E+000  0.000000000000E+000 
 0.000000000000E+000  0.000000000000E+000  0.000000000000E+000 
 0.000000000000E+000  0.000000000000E+000  0.000000000000E+000 
4 3 ! 3 2 -1 1 2 0
 0.000000000000E+000  0.000000000000E+000  0.000000000000E+000 
 0.000000000000E+000  0.000000000000E+000  0.000000000000E+000 
 0.000000000000E+000  0.000000000000E+000  0.000000000000E+000 
 0.000000000000E+000  0.000000000000E+000  0.000000000000E+000 
4 3 ! 3 2 -1 3 1 -1
-2.111771154558E-003 -1.339890609347E-001  2.336131293709E-004 
 5.844072017501E-003  1.024316024279E-001 -3.527945316551E-003 
 2.144530659659E-001  1.328664935064E-002 -1.197573171968E-001 
-2.178686323224E-001  1.785900154250E-002  1.229671954228E-001 
4 3 ! 3 2 -1 3 2 -1
 0.000000000000E+000  0.000000000000E+000  0.000000000000E+000 
 0.000000000000E+000  0.000000000000E+000  0.000000000000E+000 
 0.000000000000E+000  0.000000000000E+000  0.000000000000E+000 
 0.000000000000E+000  0.000000000000E+000  0.000000000000E+000 
4 3 ! 3 2 -1 3 1 0
 0.000000000000E+000  0.000000000000E+000  0.000000000000E+000 
 0.000000000000E+000  0.000000000000E+000  0.000000000000E+000 
 0.000000000000E+000  0.000000000000E+000  0.000000000000E+000 
 0.000000000000E+000  0.000000000000E+000  0.000000000000E+000 
4 3 ! 3 2 -1 3 2 0
 0.000000000000E+000  0.000000000000E+000  0.000000000000E+000 
 0.000000000000E+000  0.000000000000E+000  0.000000000000E+000 
 0.000000000000E+000  0.000000000000E+000  0.000000000000E+000 
 0.000000000000E+000  0.000000000000E+000  0.000000000000E+000 
4 3 ! 3 2 -1 3 1 1
 0.000000000000E+000  0.000000000000E+000  0.000000000000E+000 
 0.000000000000E+000  0.000000000000E+000  0.000000000000E+000 
 0.000000000000E+000  0.000000000000E+000  0.000000000000E+000 
 0.000000000000E+000  0.000000000000E+000  0.000000000000E+000 
4 3 ! 3 2 -1 3 2 1
 0.000000000000E+000  0.000000000000E+000  0.000000000000E+000 
 0.000000000000E+000  0.000000000000E+000  0.000000000000E+000 
 0.000000000000E+000  0.000000000000E+000  0.000000000000E+000 
 0.000000000000E+000  0.000000000000E+000  0.000000000000E+000 
4 3 ! 3 1 0 1 1 0
 0.000000000000E+000  0.000000000000E+000  0.000000000000E+000 
 0.000000000000E+000  0.000000000000E+000  0.000000000000E+000 
 0.000000000000E+000  0.000000000000E+000  0.000000000000E+000 
 0.000000000000E+000  0.000000000000E+000  0.000000000000E+000 
4 3 ! 3 1 0 1 2 0
 0.000000000000E+000  0.000000000000E+000  0.000000000000E+000 
 0.000000000000E+000  0.000000000000E+000  0.000000000000E+000 
 0.000000000000E+000  0.000000000000E+000  0.000000000000E+000 
 0.000000000000E+000  0.000000000000E+000  0.000000000000E+000 
4 3 ! 3 1 0 3 1 -1
 0.000000000000E+000  0.000000000000E+000  0.000000000000E+000 
 0.000000000000E+000  0.000000000000E+000  0.000000000000E+000 
 0.000000000000E+000  0.000000000000E+000  0.000000000000E+000 
 0.000000000000E+000  0.000000000000E+000  0.000000000000E+000 
4 3 ! 3 1 0 3 2 -1
 0.000000000000E+000  0.000000000000E+000  0.000000000000E+000 
 0.000000000000E+000  0.000000000000E+000  0.000000000000E+000 
 0.000000000000E+000  0.000000000000E+000  0.000000000000E+000 
 0.000000000000E+000  0.000000000000E+000  0.000000000000E+000 
4 3 ! 3 1 0 3 1 0
 0.000000000000E+000  0.000000000000E+000  0.000000000000E+000 
 0.000000000000E+000  0.000000000000E+000  0.000000000000E+000 
 0.000000000000E+000  0.000000000000E+000  0.000000000000E+000 
 0.000000000000E+000  0.000000000000E+000  0.000000000000E+000 
4 3 ! 3 1 0 3 2 0
 2.111771154558E-003  1.339890609347E-001 -2.336131293709E-004 
-5.844072017501E-003 -1.024316024279E-001  3.527945316551E-003 
-2.144530659659E-001 -1.328664935064E-002  1.197573171968E-001 
 2.178686323224E-001 -1.785900154250E-002 -1.229671954228E-001 
4 3 ! 3 1 0 3 1 1
 0.000000000000E+000  0.000000000000E+000  0.000000000000E+000 
 0.000000000000E+000  0.000000000000E+000  0.000000000000E+000 
 0.000000000000E+000  0.000000000000E+000  0.000000000000E+000 
 0.000000000000E+000  0.000000000000E+000  0.000000000000E+000 
4 3 ! 3 1 0 3 2 1
 0.000000000000E+000  0.000000000000E+000  0.000000000000E+000 
 0.000000000000E+000  0.000000000000E+000  0.000000000000E+000 
 0.000000000000E+000  0.000000000000E+000  0.000000000000E+000 
 0.000000000000E+000  0.000000000000E+000  0.000000000000E+000 
4 3 ! 3 2 0 1 1 0
 0.000000000000E+000  0.000000000000E+000  0.000000000000E+000 
 0.000000000000E+000  0.000000000000E+000  0.000000000000E+000 
 0.000000000000E+000  0.000000000000E+000  0.000000000000E+000 
 0.000000000000E+000  0.000000000000E+000  0.000000000000E+000 
4 3 ! 3 2 0 1 2 0
 0.000000000000E+000  0.000000000000E+000  0.000000000000E+000 
 0.000000000000E+000  0.000000000000E+000  0.000000000000E+000 
 0.000000000000E+000  0.000000000000E+000  0.000000000000E+000 
 0.000000000000E+000  0.000000000000E+000  0.000000000000E+000 
4 3 ! 3 2 0 3 1 -1
 0.000000000000E+000  0.000000000000E+000  0.000000000000E+000 
 0.000000000000E+000  0.000000000000E+000  0.000000000000E+000 
 0.000000000000E+000  0.000000000000E+000  0.000000000000E+000 
 0.000000000000E+000  0.000000000000E+000  0.000000000000E+000 
4 3 ! 3 2 0 3 2 -1
 0.000000000000E+000  0.000000000000E+000  0.000000000000E+000 
 0.000000000000E+000  0.000000000000E+000  0.000000000000E+000 
 0.000000000000E+000  0.000000000000E+000  0.000000000000E+000 
 0.000000000000E+000  0.000000000000E+000  0.000000000000E+000 
4 3 ! 3 2 0 3 1 0
-2.111771154558E-003 -1.339890609347E-001  2.336131293709E-004 
 5.844072017501E-003  1.024316024279E-001 -3.527945316551E-003 
 2.144530659659E-001  1.328664935064E-002 -1.197573171968E-001 
-2.178686323224E-001  1.785900154250E-002  1.229671954228E-001 
4 3 ! 3 2 0 3 2 0
 0.000000000000E+000  0.000000000000E+000  0.000000000000E+000 
 0.000000000000E+000  0.000000000000E+000  0.000000000000E+000 
 0.000000000000E+000  0.000000000000E+000  0.000000000000E+000 
 0.000000000000E+000  0.000000000000E+000  0.000000000000E+000 
4 3 ! 3 2 0 3 1 1
 0.000000000000E+000  0.000000000000E+000  0.000000000000E+000 
 0.000000000000E+000  0.000000000000E+000  0.000000000000E+000 
 0.000000000000E+000  0.000000000000E+000  0.000000000000E+000 
 0.000000000000E+000  0.000000000000E+000  0.000000000000E+000 
4 3 ! 3 2 0 3 2 1
 0.000000000000E+000  0.000000000000E+000  0.000000000000E+000 
 0.000000000000E+000  0.000000000000E+000  0.000000000000E+000 
 0.000000000000E+000  0.000000000000E+000  0.000000000000E+000 
 0.000000000000E+000  0.000000000000E+000  0.000000000000E+000 
4 3 ! 3 1 1 1 1 0
 0.000000000000E+000  0.000000000000E+000  0.000000000000E+000 
 0.000000000000E+000  0.000000000000E+000  0.000000000000E+000 
 0.000000000000E+000  0.000000000000E+000  0.000000000000E+000 
 0.000000000000E+000  0.000000000000E+000  0.000000000000E+000 
4 3 ! 3 1 1 1 2 0
 0.000000000000E+000  0.000000000000E+000  0.000000000000E+000 
 0.000000000000E+000  0.000000000000E+000  0.000000000000E+000 
 0.000000000000E+000  0.000000000000E+000  0.000000000000E+000 
 0.000000000000E+000  0.000000000000E+000  0.000000000000E+000 
4 3 ! 3 1 1 3 1 -1
 0.000000000000E+000  0.000000000000E+000  0.000000000000E+000 
 0.000000000000E+000  0.000000000000E+000  0.000000000000E+000 
 0.000000000000E+000  0.000000000000E+000  0.000000000000E+000 
 0.000000000000E+000  0.000000000000E+000  0.000000000000E+000 
4 3 ! 3 1 1 3 2 -1
 0.000000000000E+000  0.000000000000E+000  0.000000000000E+000 
 0.000000000000E+000  0.000000000000E+000  0.000000000000E+000 
 0.000000000000E+000  0.000000000000E+000  0.000000000000E+000 
 0.000000000000E+000  0.000000000000E+000  0.000000000000E+000 
4 3 ! 3 1 1 3 1 0
 0.000000000000E+000  0.000000000000E+000  0.000000000000E+000 
 0.000000000000E+000  0.000000000000E+000  0.000000000000E+000 
 0.000000000000E+000  0.000000000000E+000  0.000000000000E+000 
 0.000000000000E+000  0.000000000000E+000  0.000000000000E+000 
4 3 ! 3 1 1 3 2 0
 0.000000000000E+000  0.000000000000E+000  0.000000000000E+000 
 0.000000000000E+000  0.000000000000E+000  0.000000000000E+000 
 0.000000000000E+000  0.000000000000E+000  0.000000000000E+000 
 0.000000000000E+000  0.000000000000E+000  0.000000000000E+000 
4 3 ! 3 1 1 3 1 1
 0.000000000000E+000  0.000000000000E+000  0.000000000000E+000 
 0.000000000000E+000  0.000000000000E+000  0.000000000000E+000 
 0.000000000000E+000  0.000000000000E+000  0.000000000000E+000 
 0.000000000000E+000  0.000000000000E+000  0.000000000000E+000 
4 3 ! 3 1 1 3 2 1
 2.111771154558E-003  1.339890609347E-001 -2.336131293709E-004 
-5.844072017501E-003 -1.024316024279E-001  3.527945316551E-003 
-2.144530659659E-001 -1.328664935064E-002  1.197573171968E-001 
 2.178686323224E-001 -1.785900154250E-002 -1.229671954228E-001 
4 3 ! 3 2 1 1 1 0
 0.000000000000E+000  0.000000000000E+000  0.000000000000E+000 
 0.000000000000E+000  0.000000000000E+000  0.000000000000E+000 
 0.000000000000E+000  0.000000000000E+000  0.000000000000E+000 
 0.000000000000E+000  0.000000000000E+000  0.000000000000E+000 
4 3 ! 3 2 1 1 2 0
 0.000000000000E+000  0.000000000000E+000  0.000000000000E+000 
 0.000000000000E+000  0.000000000000E+000  0.000000000000E+000 
 0.000000000000E+000  0.000000000000E+000  0.000000000000E+000 
 0.000000000000E+000  0.000000000000E+000  0.000000000000E+000 
4 3 ! 3 2 1 3 1 -1
 0.000000000000E+000  0.000000000000E+000  0.000000000000E+000 
 0.000000000000E+000  0.000000000000E+000  0.000000000000E+000 
 0.000000000000E+000  0.000000000000E+000  0.000000000000E+000 
 0.000000000000E+000  0.000000000000E+000  0.000000000000E+000 
4 3 ! 3 2 1 3 2 -1
 0.000000000000E+000  0.000000000000E+000  0.000000000000E+000 
 0.000000000000E+000  0.000000000000E+000  0.000000000000E+000 
 0.000000000000E+000  0.000000000000E+000  0.000000000000E+000 
 0.000000000000E+000  0.000000000000E+000  0.000000000000E+000 
4 3 ! 3 2 1 3 1 0
 0.000000000000E+000  0.000000000000E+000  0.000000000000E+000 
 0.000000000000E+000  0.000000000000E+000  0.000000000000E+000 
 0.000000000000E+000  0.000000000000E+000  0.000000000000E+000 
 0.000000000000E+000  0.000000000000E+000  0.000000000000E+000 
4 3 ! 3 2 1 3 2 0
 0.000000000000E+000  0.000000000000E+000  0.000000000000E+000 
 0.000000000000E+000  0.000000000000E+000  0.000000000000E+000 
 0.000000000000E+000  0.000000000000E+000  0.000000000000E+000 
 0.000000000000E+000  0.000000000000E+000  0.000000000000E+000 
4 3 ! 3 2 1 3 1 1
-2.111771154558E-003 -1.339890609347E-001  2.336131293709E-004 
 5.844072017501E-003  1.024316024279E-001 -3.527945316551E-003 
 2.144530659659E-001  1.328664935064E-002 -1.197573171968E-001 
-2.178686323224E-001  1.785900154250E-002  1.229671954228E-001 
4 3 ! 3 2 1 3 2 1
 0.000000000000E+000  0.000000000000E+000  0.000000000000E+000 
 0.000000000000E+000  0.000000000000E+000  0.000000000000E+000 
 0.000000000000E+000  0.000000000000E+000  0.000000000000E+000 
 0.000000000000E+000  0.000000000000E+000  0.000000000000E+000 
! 6 Overlap matrix (8x8, complex)
8 8
 1.004476800E+000  0.000000000E+000 -2.508900000E-004  0.000000000E+000  0.000000000E+000  0.000000000E+000  0.000000000E+000  0.000000000E+000  0.000000000E+000  0.000000000E+000  0.000000000E+000  0.000000000E+000  0.000000000E+000  0.000000000E+000  0.000000000E+000  0.000000000E+000 
-3.533500000E-004  0.000000000E+000 -1.004473120E+000  0.000000000E+000  0.000000000E+000  0.000000000E+000  0.000000000E+000  0.000000000E+000  0.000000000E+000  0.000000000E+000  0.000000000E+000  0.000000000E+000  0.000000000E+000  0.000000000E+000  0.000000000E+000  0.000000000E+000 
 0.000000000E+000  0.000000000E+000  0.000000000E+000  0.000000000E+000  1.004484700E+000  0.000000000E+000 -1.191430000E-003  0.000000000E+000  0.000000000E+000  0.000000000E+000  0.000000000E+000  0.000000000E+000  0.000000000E+000  0.000000000E+000  0.000000000E+000  0.000000000E+000 
 0.000000000E+000  0.000000000E+000  0.000000000E+000  0.000000000E+000  1.301200000E-003  0.000000000E+000  1.004432660E+000  0.000000000E+000  0.000000000E+000  0.000000000E+000  0.000000000E+000  0.000000000E+000  0.000000000E+000  0.000000000E+000  0.000000000E+000  0.000000000E+000 
 0.000000000E+000  0.000000000E+000  0.000000000E+000  0.000000000E+000  0.000000000E+000  0.000000000E+000  0.000000000E+000  0.000000000E+000  1.004484700E+000  0.000000000E+000 -1.191430000E-003  0.000000000E+000  0.000000000E+000  0.000000000E+000  0.000000000E+000  0.000000000E+000 
 0.000000000E+000  0.000000000E+000  0.000000000E+000  0.000000000E+000  0.000000000E+000  0.000000000E+000  0.000000000E+000  0.000000000E+000  1.301200000E-003  0.000000000E+000  1.004432660E+000  0.000000000E+000  0.000000000E+000  0.000000000E+000  0.000000000E+000  0.000000000E+000 
 0.000000000E+000  0.000000000E+000  0.000000000E+000  0.000000000E+000  0.000000000E+000  0.000000000E+000  0.000000000E+000  0.000000000E+000  0.000000000E+000  0.000000000E+000  0.000000000E+000  0.000000000E+000  1.004484700E+000  0.000000000E+000 -1.191430000E-003  0.000000000E+000 
 0.000000000E+000  0.000000000E+000  0.000000000E+000  0.000000000E+000  0.000000000E+000  0.000000000E+000  0.000000000E+000  0.000000000E+000  0.000000000E+000  0.000000000E+000  0.000000000E+000  0.000000000E+000  1.301200000E-003  0.000000000E+000  1.004432660E+000  0.000000000E+000 

! 7 Phases
8 ! for all nmstates
 1.000000000E+000  0.000000000E+000
-1.000000000E+000  0.000000000E+000
 1.000000000E+000  0.000000000E+000
 1.000000000E+000  0.000000000E+000
 1.000000000E+000  0.000000000E+000
 1.000000000E+000  0.000000000E+000
 1.000000000E+000  0.000000000E+000
 1.000000000E+000  0.000000000E+000
! 8 Runtime
 3.168698520E+002
