! 1 Hamiltonian Matrix (8x8, complex)
8 8
-4.381491222E+002  0.000000000E+000  0.000000000E+000  0.000000000E+000 -2.759772109E-005 -2.305323257E-004 -4.131684578E-005 -3.057300785E-006  0.000000000E+000 -6.732303906E-004 -0.000000000E+000  6.971192550E-006 -2.759772109E-005  2.305323257E-004 -4.131684578E-005  3.057300785E-006 
 0.000000000E+000  0.000000000E+000 -4.380724661E+002  0.000000000E+000 -4.369525265E-006 -6.788939150E-007 -2.144211251E-005 -2.665547102E-004  0.000000000E+000 -1.672174945E-006  0.000000000E+000 -6.267010976E-004 -4.369525265E-006  6.788939150E-007 -2.144211251E-005  2.665547102E-004 
-2.759772109E-005  2.305323257E-004 -4.369525265E-006  6.788939150E-007 -4.380814612E+002  0.000000000E+000 -0.000000000E+000  6.090817501E-004 -0.000000000E+000  0.000000000E+000  2.015722604E-005 -2.621578469E-004  0.000000000E+000  0.000000000E+000  0.000000000E+000 -0.000000000E+000 
-4.131684578E-005  3.057300785E-006 -2.144211251E-005  2.665547102E-004  0.000000000E+000 -6.090817501E-004 -4.380418967E+002  0.000000000E+000 -2.015722604E-005  2.621578469E-004  0.000000000E+000  0.000000000E+000 -0.000000000E+000  0.000000000E+000  0.000000000E+000 -0.000000000E+000 
-0.000000000E+000  6.732303906E-004 -0.000000000E+000  1.672174945E-006  0.000000000E+000 -0.000000000E+000 -2.015722604E-005 -2.621578469E-004 -4.380814612E+002  0.000000000E+000  0.000000000E+000 -0.000000000E+000 -0.000000000E+000  0.000000000E+000  2.015722604E-005 -2.621578469E-004 
 0.000000000E+000 -6.971192550E-006 -0.000000000E+000  6.267010976E-004  2.015722604E-005  2.621578469E-004  0.000000000E+000  0.000000000E+000 -0.000000000E+000  0.000000000E+000 -4.380418967E+002  0.000000000E+000 -2.015722604E-005  2.621578469E-004  0.000000000E+000  0.000000000E+000 
-2.759772109E-005 -2.305323257E-004 -4.369525265E-006 -6.788939150E-007  0.000000000E+000  0.000000000E+000  0.000000000E+000 -0.000000000E+000  0.000000000E+000 -0.000000000E+000 -2.015722604E-005 -2.621578469E-004 -4.380814612E+002  0.000000000E+000  0.000000000E+000 -6.090817501E-004 
-4.131684578E-005 -3.057300785E-006 -2.144211251E-005 -2.665547102E-004 -0.000000000E+000  0.000000000E+000 -0.000000000E+000  0.000000000E+000  2.015722604E-005  2.621578469E-004  0.000000000E+000  0.000000000E+000 -0.000000000E+000  6.090817501E-004 -4.380418967E+002  0.000000000E+000 

! 2 Dipole Moment Matrices (3x8x8, complex)
8 8
-2.666548940E-001  0.000000000E+000 -2.925261580E-003  0.000000000E+000  0.000000000E+000  0.000000000E+000  0.000000000E+000  0.000000000E+000  0.000000000E+000  0.000000000E+000  0.000000000E+000  0.000000000E+000  0.000000000E+000  0.000000000E+000  0.000000000E+000  0.000000000E+000 
-2.925261580E-003  0.000000000E+000 -1.096241100E-001  0.000000000E+000  0.000000000E+000  0.000000000E+000  0.000000000E+000  0.000000000E+000  0.000000000E+000  0.000000000E+000  0.000000000E+000  0.000000000E+000  0.000000000E+000  0.000000000E+000  0.000000000E+000  0.000000000E+000 
 0.000000000E+000  0.000000000E+000  0.000000000E+000  0.000000000E+000 -5.373276080E-002  0.000000000E+000 -3.517848780E-003  0.000000000E+000  0.000000000E+000  0.000000000E+000  0.000000000E+000  0.000000000E+000  0.000000000E+000  0.000000000E+000  0.000000000E+000  0.000000000E+000 
 0.000000000E+000  0.000000000E+000  0.000000000E+000  0.000000000E+000 -3.517848780E-003  0.000000000E+000 -1.710854600E-001  0.000000000E+000  0.000000000E+000  0.000000000E+000  0.000000000E+000  0.000000000E+000  0.000000000E+000  0.000000000E+000  0.000000000E+000  0.000000000E+000 
 0.000000000E+000  0.000000000E+000  0.000000000E+000  0.000000000E+000  0.000000000E+000  0.000000000E+000  0.000000000E+000  0.000000000E+000 -5.373276080E-002  0.000000000E+000 -3.517848780E-003  0.000000000E+000  0.000000000E+000  0.000000000E+000  0.000000000E+000  0.000000000E+000 
 0.000000000E+000  0.000000000E+000  0.000000000E+000  0.000000000E+000  0.000000000E+000  0.000000000E+000  0.000000000E+000  0.000000000E+000 -3.517848780E-003  0.000000000E+000 -1.710854600E-001  0.000000000E+000  0.000000000E+000  0.000000000E+000  0.000000000E+000  0.000000000E+000 
 0.000000000E+000  0.000000000E+000  0.000000000E+000  0.000000000E+000  0.000000000E+000  0.000000000E+000  0.000000000E+000  0.000000000E+000  0.000000000E+000  0.000000000E+000  0.000000000E+000  0.000000000E+000 -5.373276080E-002  0.000000000E+000 -3.517848780E-003  0.000000000E+000 
 0.000000000E+000  0.000000000E+000  0.000000000E+000  0.000000000E+000  0.000000000E+000  0.000000000E+000  0.000000000E+000  0.000000000E+000  0.000000000E+000  0.000000000E+000  0.000000000E+000  0.000000000E+000 -3.517848780E-003  0.000000000E+000 -1.710854600E-001  0.000000000E+000 
8 8
-4.471568800E-002  0.000000000E+000 -1.857979450E-002  0.000000000E+000  0.000000000E+000  0.000000000E+000  0.000000000E+000  0.000000000E+000  0.000000000E+000  0.000000000E+000  0.000000000E+000  0.000000000E+000  0.000000000E+000  0.000000000E+000  0.000000000E+000  0.000000000E+000 
-1.857979450E-002  0.000000000E+000 -2.898087570E-002  0.000000000E+000  0.000000000E+000  0.000000000E+000  0.000000000E+000  0.000000000E+000  0.000000000E+000  0.000000000E+000  0.000000000E+000  0.000000000E+000  0.000000000E+000  0.000000000E+000  0.000000000E+000  0.000000000E+000 
 0.000000000E+000  0.000000000E+000  0.000000000E+000  0.000000000E+000 -2.642542490E-002  0.000000000E+000 -2.903997200E-004  0.000000000E+000  0.000000000E+000  0.000000000E+000  0.000000000E+000  0.000000000E+000  0.000000000E+000  0.000000000E+000  0.000000000E+000  0.000000000E+000 
 0.000000000E+000  0.000000000E+000  0.000000000E+000  0.000000000E+000 -2.903997200E-004  0.000000000E+000 -3.649111110E-002  0.000000000E+000  0.000000000E+000  0.000000000E+000  0.000000000E+000  0.000000000E+000  0.000000000E+000  0.000000000E+000  0.000000000E+000  0.000000000E+000 
 0.000000000E+000  0.000000000E+000  0.000000000E+000  0.000000000E+000  0.000000000E+000  0.000000000E+000  0.000000000E+000  0.000000000E+000 -2.642542490E-002  0.000000000E+000 -2.903997200E-004  0.000000000E+000  0.000000000E+000  0.000000000E+000  0.000000000E+000  0.000000000E+000 
 0.000000000E+000  0.000000000E+000  0.000000000E+000  0.000000000E+000  0.000000000E+000  0.000000000E+000  0.000000000E+000  0.000000000E+000 -2.903997200E-004  0.000000000E+000 -3.649111110E-002  0.000000000E+000  0.000000000E+000  0.000000000E+000  0.000000000E+000  0.000000000E+000 
 0.000000000E+000  0.000000000E+000  0.000000000E+000  0.000000000E+000  0.000000000E+000  0.000000000E+000  0.000000000E+000  0.000000000E+000  0.000000000E+000  0.000000000E+000  0.000000000E+000  0.000000000E+000 -2.642542490E-002  0.000000000E+000 -2.903997200E-004  0.000000000E+000 
 0.000000000E+000  0.000000000E+000  0.000000000E+000  0.000000000E+000  0.000000000E+000  0.000000000E+000  0.000000000E+000  0.000000000E+000  0.000000000E+000  0.000000000E+000  0.000000000E+000  0.000000000E+000 -2.903997200E-004  0.000000000E+000 -3.649111110E-002  0.000000000E+000 
8 8
-6.006899340E-001  0.000000000E+000  5.581386790E-003  0.000000000E+000  0.000000000E+000  0.000000000E+000  0.000000000E+000  0.000000000E+000  0.000000000E+000  0.000000000E+000  0.000000000E+000  0.000000000E+000  0.000000000E+000  0.000000000E+000  0.000000000E+000  0.000000000E+000 
 5.581386790E-003  0.000000000E+000 -3.578990680E-001  0.000000000E+000  0.000000000E+000  0.000000000E+000  0.000000000E+000  0.000000000E+000  0.000000000E+000  0.000000000E+000  0.000000000E+000  0.000000000E+000  0.000000000E+000  0.000000000E+000  0.000000000E+000  0.000000000E+000 
 0.000000000E+000  0.000000000E+000  0.000000000E+000  0.000000000E+000 -2.787540850E-001  0.000000000E+000  4.368860830E-004  0.000000000E+000  0.000000000E+000  0.000000000E+000  0.000000000E+000  0.000000000E+000  0.000000000E+000  0.000000000E+000  0.000000000E+000  0.000000000E+000 
 0.000000000E+000  0.000000000E+000  0.000000000E+000  0.000000000E+000  4.368860830E-004  0.000000000E+000 -4.097163920E-001  0.000000000E+000  0.000000000E+000  0.000000000E+000  0.000000000E+000  0.000000000E+000  0.000000000E+000  0.000000000E+000  0.000000000E+000  0.000000000E+000 
 0.000000000E+000  0.000000000E+000  0.000000000E+000  0.000000000E+000  0.000000000E+000  0.000000000E+000  0.000000000E+000  0.000000000E+000 -2.787540850E-001  0.000000000E+000  4.368860830E-004  0.000000000E+000  0.000000000E+000  0.000000000E+000  0.000000000E+000  0.000000000E+000 
 0.000000000E+000  0.000000000E+000  0.000000000E+000  0.000000000E+000  0.000000000E+000  0.000000000E+000  0.000000000E+000  0.000000000E+000  4.368860830E-004  0.000000000E+000 -4.097163920E-001  0.000000000E+000  0.000000000E+000  0.000000000E+000  0.000000000E+000  0.000000000E+000 
 0.000000000E+000  0.000000000E+000  0.000000000E+000  0.000000000E+000  0.000000000E+000  0.000000000E+000  0.000000000E+000  0.000000000E+000  0.000000000E+000  0.000000000E+000  0.000000000E+000  0.000000000E+000 -2.787540850E-001  0.000000000E+000  4.368860830E-004  0.000000000E+000 
 0.000000000E+000  0.000000000E+000  0.000000000E+000  0.000000000E+000  0.000000000E+000  0.000000000E+000  0.000000000E+000  0.000000000E+000  0.000000000E+000  0.000000000E+000  0.000000000E+000  0.000000000E+000  4.368860830E-004  0.000000000E+000 -4.097163920E-001  0.000000000E+000 
! 3 Gradient Vectors (8x4x3, real)
4 3 ! 1 1 0
 3.164231713E-002  3.199497031E-003  4.476445868E-002 
-3.207310125E-002 -3.721501984E-002 -1.995997394E-003 
-2.809950915E-003  2.002800241E-002 -3.267746181E-002 
 3.240735031E-003  1.398752040E-002 -1.009099947E-002 
4 3 ! 1 2 0
-8.650036421E-004  5.095984138E-004 -1.526421387E-003 
 1.291860346E-002 -3.418913692E-002  4.307221082E-002 
-8.962887111E-003  2.192940287E-002 -3.275677348E-002 
-3.090712703E-003  1.175013564E-002 -8.789015956E-003 
4 3 ! 3 1 -1
 4.201589703E-003  8.388842951E-004  7.818660217E-003 
 8.807101702E-003 -3.481338283E-002  3.508291320E-002 
-9.359863264E-003  2.286219468E-002 -3.365568607E-002 
-3.648828141E-003  1.111230385E-002 -9.245887347E-003 
4 3 ! 3 2 -1
-3.083733578E-002 -5.212699805E-004 -5.590418181E-002 
 4.061856640E-002 -3.411763935E-002  9.745112976E-002 
-7.374210759E-003  2.286194675E-002 -3.224551545E-002 
-2.407019858E-003  1.177696258E-002 -9.301432500E-003 
4 3 ! 3 1 0
 4.201589703E-003  8.388842951E-004  7.818660217E-003 
 8.807101702E-003 -3.481338283E-002  3.508291320E-002 
-9.359863264E-003  2.286219468E-002 -3.365568607E-002 
-3.648828141E-003  1.111230385E-002 -9.245887347E-003 
4 3 ! 3 2 0
-3.083733578E-002 -5.212699805E-004 -5.590418181E-002 
 4.061856640E-002 -3.411763935E-002  9.745112976E-002 
-7.374210759E-003  2.286194675E-002 -3.224551545E-002 
-2.407019858E-003  1.177696258E-002 -9.301432500E-003 
4 3 ! 3 1 1
 4.201589703E-003  8.388842951E-004  7.818660217E-003 
 8.807101702E-003 -3.481338283E-002  3.508291320E-002 
-9.359863264E-003  2.286219468E-002 -3.365568607E-002 
-3.648828141E-003  1.111230385E-002 -9.245887347E-003 
4 3 ! 3 2 1
-3.083733578E-002 -5.212699805E-004 -5.590418181E-002 
 4.061856640E-002 -3.411763935E-002  9.745112976E-002 
-7.374210759E-003  2.286194675E-002 -3.224551545E-002 
-2.407019858E-003  1.177696258E-002 -9.301432500E-003 
! 5 Non-adiabatic couplings (ddr) (8x8x4x3, real)
4 3 ! 1 1 0 1 1 0
 0.000000000000E+000  0.000000000000E+000  0.000000000000E+000 
 0.000000000000E+000  0.000000000000E+000  0.000000000000E+000 
 0.000000000000E+000  0.000000000000E+000  0.000000000000E+000 
 0.000000000000E+000  0.000000000000E+000  0.000000000000E+000 
4 3 ! 1 1 0 1 2 0
-9.559388766309E-003 -3.013453993246E-003  5.019929558051E-003 
 2.789672320055E-002  4.148411963297E-002 -1.132506386175E-002 
 2.593664677624E-001 -5.330264170010E-002 -1.210024241665E-001 
-2.779959582008E-001  1.701389568438E-002  1.272455430190E-001 
4 3 ! 1 1 0 3 1 -1
 0.000000000000E+000  0.000000000000E+000  0.000000000000E+000 
 0.000000000000E+000  0.000000000000E+000  0.000000000000E+000 
 0.000000000000E+000  0.000000000000E+000  0.000000000000E+000 
 0.000000000000E+000  0.000000000000E+000  0.000000000000E+000 
4 3 ! 1 1 0 3 2 -1
 0.000000000000E+000  0.000000000000E+000  0.000000000000E+000 
 0.000000000000E+000  0.000000000000E+000  0.000000000000E+000 
 0.000000000000E+000  0.000000000000E+000  0.000000000000E+000 
 0.000000000000E+000  0.000000000000E+000  0.000000000000E+000 
4 3 ! 1 1 0 3 1 0
 0.000000000000E+000  0.000000000000E+000  0.000000000000E+000 
 0.000000000000E+000  0.000000000000E+000  0.000000000000E+000 
 0.000000000000E+000  0.000000000000E+000  0.000000000000E+000 
 0.000000000000E+000  0.000000000000E+000  0.000000000000E+000 
4 3 ! 1 1 0 3 2 0
 0.000000000000E+000  0.000000000000E+000  0.000000000000E+000 
 0.000000000000E+000  0.000000000000E+000  0.000000000000E+000 
 0.000000000000E+000  0.000000000000E+000  0.000000000000E+000 
 0.000000000000E+000  0.000000000000E+000  0.000000000000E+000 
4 3 ! 1 1 0 3 1 1
 0.000000000000E+000  0.000000000000E+000  0.000000000000E+000 
 0.000000000000E+000  0.000000000000E+000  0.000000000000E+000 
 0.000000000000E+000  0.000000000000E+000  0.000000000000E+000 
 0.000000000000E+000  0.000000000000E+000  0.000000000000E+000 
4 3 ! 1 1 0 3 2 1
 0.000000000000E+000  0.000000000000E+000  0.000000000000E+000 
 0.000000000000E+000  0.000000000000E+000  0.000000000000E+000 
 0.000000000000E+000  0.000000000000E+000  0.000000000000E+000 
 0.000000000000E+000  0.000000000000E+000  0.000000000000E+000 
4 3 ! 1 2 0 1 1 0
 9.559388766309E-003  3.013453993246E-003 -5.019929558051E-003 
-2.789672320055E-002 -4.148411963297E-002  1.132506386175E-002 
-2.593664677624E-001  5.330264170010E-002  1.210024241665E-001 
 2.779959582008E-001 -1.701389568438E-002 -1.272455430190E-001 
4 3 ! 1 2 0 1 2 0
 0.000000000000E+000  0.000000000000E+000  0.000000000000E+000 
 0.000000000000E+000  0.000000000000E+000  0.000000000000E+000 
 0.000000000000E+000  0.000000000000E+000  0.000000000000E+000 
 0.000000000000E+000  0.000000000000E+000  0.000000000000E+000 
4 3 ! 1 2 0 3 1 -1
 0.000000000000E+000  0.000000000000E+000  0.000000000000E+000 
 0.000000000000E+000  0.000000000000E+000  0.000000000000E+000 
 0.000000000000E+000  0.000000000000E+000  0.000000000000E+000 
 0.000000000000E+000  0.000000000000E+000  0.000000000000E+000 
4 3 ! 1 2 0 3 2 -1
 0.000000000000E+000  0.000000000000E+000  0.000000000000E+000 
 0.000000000000E+000  0.000000000000E+000  0.000000000000E+000 
 0.000000000000E+000  0.000000000000E+000  0.000000000000E+000 
 0.000000000000E+000  0.000000000000E+000  0.000000000000E+000 
4 3 ! 1 2 0 3 1 0
 0.000000000000E+000  0.000000000000E+000  0.000000000000E+000 
 0.000000000000E+000  0.000000000000E+000  0.000000000000E+000 
 0.000000000000E+000  0.000000000000E+000  0.000000000000E+000 
 0.000000000000E+000  0.000000000000E+000  0.000000000000E+000 
4 3 ! 1 2 0 3 2 0
 0.000000000000E+000  0.000000000000E+000  0.000000000000E+000 
 0.000000000000E+000  0.000000000000E+000  0.000000000000E+000 
 0.000000000000E+000  0.000000000000E+000  0.000000000000E+000 
 0.000000000000E+000  0.000000000000E+000  0.000000000000E+000 
4 3 ! 1 2 0 3 1 1
 0.000000000000E+000  0.000000000000E+000  0.000000000000E+000 
 0.000000000000E+000  0.000000000000E+000  0.000000000000E+000 
 0.000000000000E+000  0.000000000000E+000  0.000000000000E+000 
 0.000000000000E+000  0.000000000000E+000  0.000000000000E+000 
4 3 ! 1 2 0 3 2 1
 0.000000000000E+000  0.000000000000E+000  0.000000000000E+000 
 0.000000000000E+000  0.000000000000E+000  0.000000000000E+000 
 0.000000000000E+000  0.000000000000E+000  0.000000000000E+000 
 0.000000000000E+000  0.000000000000E+000  0.000000000000E+000 
4 3 ! 3 1 -1 1 1 0
 0.000000000000E+000  0.000000000000E+000  0.000000000000E+000 
 0.000000000000E+000  0.000000000000E+000  0.000000000000E+000 
 0.000000000000E+000  0.000000000000E+000  0.000000000000E+000 
 0.000000000000E+000  0.000000000000E+000  0.000000000000E+000 
4 3 ! 3 1 -1 1 2 0
 0.000000000000E+000  0.000000000000E+000  0.000000000000E+000 
 0.000000000000E+000  0.000000000000E+000  0.000000000000E+000 
 0.000000000000E+000  0.000000000000E+000  0.000000000000E+000 
 0.000000000000E+000  0.000000000000E+000  0.000000000000E+000 
4 3 ! 3 1 -1 3 1 -1
 0.000000000000E+000  0.000000000000E+000  0.000000000000E+000 
 0.000000000000E+000  0.000000000000E+000  0.000000000000E+000 
 0.000000000000E+000  0.000000000000E+000  0.000000000000E+000 
 0.000000000000E+000  0.000000000000E+000  0.000000000000E+000 
4 3 ! 3 1 -1 3 2 -1
 2.246749823149E-003  4.799212697171E-002 -2.190182152628E-003 
 3.854123049777E-003 -3.923971540707E-002 -4.573829716438E-006 
 2.205483743144E-001 -3.125217532449E-002 -7.930374711402E-002 
-2.261360030740E-001  2.242717534620E-002  8.125238668211E-002 
4 3 ! 3 1 -1 3 1 0
 0.000000000000E+000  0.000000000000E+000  0.000000000000E+000 
 0.000000000000E+000  0.000000000000E+000  0.000000000000E+000 
 0.000000000000E+000  0.000000000000E+000  0.000000000000E+000 
 0.000000000000E+000  0.000000000000E+000  0.000000000000E+000 
4 3 ! 3 1 -1 3 2 0
 0.000000000000E+000  0.000000000000E+000  0.000000000000E+000 
 0.000000000000E+000  0.000000000000E+000  0.000000000000E+000 
 0.000000000000E+000  0.000000000000E+000  0.000000000000E+000 
 0.000000000000E+000  0.000000000000E+000  0.000000000000E+000 
4 3 ! 3 1 -1 3 1 1
 0.000000000000E+000  0.000000000000E+000  0.000000000000E+000 
 0.000000000000E+000  0.000000000000E+000  0.000000000000E+000 
 0.000000000000E+000  0.000000000000E+000  0.000000000000E+000 
 0.000000000000E+000  0.000000000000E+000  0.000000000000E+000 
4 3 ! 3 1 -1 3 2 1
 0.000000000000E+000  0.000000000000E+000  0.000000000000E+000 
 0.000000000000E+000  0.000000000000E+000  0.000000000000E+000 
 0.000000000000E+000  0.000000000000E+000  0.000000000000E+000 
 0.000000000000E+000  0.000000000000E+000  0.000000000000E+000 
4 3 ! 3 2 -1 1 1 0
 0.000000000000E+000  0.000000000000E+000  0.000000000000E+000 
 0.000000000000E+000  0.000000000000E+000  0.000000000000E+000 
 0.000000000000E+000  0.000000000000E+000  0.000000000000E+000 
 0.000000000000E+000  0.000000000000E+000  0.000000000000E+000 
4 3 ! 3 2 -1 1 2 0
 0.000000000000E+000  0.000000000000E+000  0.000000000000E+000 
 0.000000000000E+000  0.000000000000E+000  0.000000000000E+000 
 0.000000000000E+000  0.000000000000E+000  0.000000000000E+000 
 0.000000000000E+000  0.000000000000E+000  0.000000000000E+000 
4 3 ! 3 2 -1 3 1 -1
-2.246749823149E-003 -4.799212697171E-002  2.190182152628E-003 
-3.854123049777E-003  3.923971540707E-002  4.573829716438E-006 
-2.205483743144E-001  3.125217532449E-002  7.930374711402E-002 
 2.261360030740E-001 -2.242717534620E-002 -8.125238668211E-002 
4 3 ! 3 2 -1 3 2 -1
 0.000000000000E+000  0.000000000000E+000  0.000000000000E+000 
 0.000000000000E+000  0.000000000000E+000  0.000000000000E+000 
 0.000000000000E+000  0.000000000000E+000  0.000000000000E+000 
 0.000000000000E+000  0.000000000000E+000  0.000000000000E+000 
4 3 ! 3 2 -1 3 1 0
 0.000000000000E+000  0.000000000000E+000  0.000000000000E+000 
 0.000000000000E+000  0.000000000000E+000  0.000000000000E+000 
 0.000000000000E+000  0.000000000000E+000  0.000000000000E+000 
 0.000000000000E+000  0.000000000000E+000  0.000000000000E+000 
4 3 ! 3 2 -1 3 2 0
 0.000000000000E+000  0.000000000000E+000  0.000000000000E+000 
 0.000000000000E+000  0.000000000000E+000  0.000000000000E+000 
 0.000000000000E+000  0.000000000000E+000  0.000000000000E+000 
 0.000000000000E+000  0.000000000000E+000  0.000000000000E+000 
4 3 ! 3 2 -1 3 1 1
 0.000000000000E+000  0.000000000000E+000  0.000000000000E+000 
 0.000000000000E+000  0.000000000000E+000  0.000000000000E+000 
 0.000000000000E+000  0.000000000000E+000  0.000000000000E+000 
 0.000000000000E+000  0.000000000000E+000  0.000000000000E+000 
4 3 ! 3 2 -1 3 2 1
 0.000000000000E+000  0.000000000000E+000  0.000000000000E+000 
 0.000000000000E+000  0.000000000000E+000  0.000000000000E+000 
 0.000000000000E+000  0.000000000000E+000  0.000000000000E+000 
 0.000000000000E+000  0.000000000000E+000  0.000000000000E+000 
4 3 ! 3 1 0 1 1 0
 0.000000000000E+000  0.000000000000E+000  0.000000000000E+000 
 0.000000000000E+000  0.000000000000E+000  0.000000000000E+000 
 0.000000000000E+000  0.000000000000E+000  0.000000000000E+000 
 0.000000000000E+000  0.000000000000E+000  0.000000000000E+000 
4 3 ! 3 1 0 1 2 0
 0.000000000000E+000  0.000000000000E+000  0.000000000000E+000 
 0.000000000000E+000  0.000000000000E+000  0.000000000000E+000 
 0.000000000000E+000  0.000000000000E+000  0.000000000000E+000 
 0.000000000000E+000  0.000000000000E+000  0.000000000000E+000 
4 3 ! 3 1 0 3 1 -1
 0.000000000000E+000  0.000000000000E+000  0.000000000000E+000 
 0.000000000000E+000  0.000000000000E+000  0.000000000000E+000 
 0.000000000000E+000  0.000000000000E+000  0.000000000000E+000 
 0.000000000000E+000  0.000000000000E+000  0.000000000000E+000 
4 3 ! 3 1 0 3 2 -1
 0.000000000000E+000  0.000000000000E+000  0.000000000000E+000 
 0.000000000000E+000  0.000000000000E+000  0.000000000000E+000 
 0.000000000000E+000  0.000000000000E+000  0.000000000000E+000 
 0.000000000000E+000  0.000000000000E+000  0.000000000000E+000 
4 3 ! 3 1 0 3 1 0
 0.000000000000E+000  0.000000000000E+000  0.000000000000E+000 
 0.000000000000E+000  0.000000000000E+000  0.000000000000E+000 
 0.000000000000E+000  0.000000000000E+000  0.000000000000E+000 
 0.000000000000E+000  0.000000000000E+000  0.000000000000E+000 
4 3 ! 3 1 0 3 2 0
 2.246749823149E-003  4.799212697171E-002 -2.190182152628E-003 
 3.854123049777E-003 -3.923971540707E-002 -4.573829716438E-006 
 2.205483743144E-001 -3.125217532449E-002 -7.930374711402E-002 
-2.261360030740E-001  2.242717534620E-002  8.125238668211E-002 
4 3 ! 3 1 0 3 1 1
 0.000000000000E+000  0.000000000000E+000  0.000000000000E+000 
 0.000000000000E+000  0.000000000000E+000  0.000000000000E+000 
 0.000000000000E+000  0.000000000000E+000  0.000000000000E+000 
 0.000000000000E+000  0.000000000000E+000  0.000000000000E+000 
4 3 ! 3 1 0 3 2 1
 0.000000000000E+000  0.000000000000E+000  0.000000000000E+000 
 0.000000000000E+000  0.000000000000E+000  0.000000000000E+000 
 0.000000000000E+000  0.000000000000E+000  0.000000000000E+000 
 0.000000000000E+000  0.000000000000E+000  0.000000000000E+000 
4 3 ! 3 2 0 1 1 0
 0.000000000000E+000  0.000000000000E+000  0.000000000000E+000 
 0.000000000000E+000  0.000000000000E+000  0.000000000000E+000 
 0.000000000000E+000  0.000000000000E+000  0.000000000000E+000 
 0.000000000000E+000  0.000000000000E+000  0.000000000000E+000 
4 3 ! 3 2 0 1 2 0
 0.000000000000E+000  0.000000000000E+000  0.000000000000E+000 
 0.000000000000E+000  0.000000000000E+000  0.000000000000E+000 
 0.000000000000E+000  0.000000000000E+000  0.000000000000E+000 
 0.000000000000E+000  0.000000000000E+000  0.000000000000E+000 
4 3 ! 3 2 0 3 1 -1
 0.000000000000E+000  0.000000000000E+000  0.000000000000E+000 
 0.000000000000E+000  0.000000000000E+000  0.000000000000E+000 
 0.000000000000E+000  0.000000000000E+000  0.000000000000E+000 
 0.000000000000E+000  0.000000000000E+000  0.000000000000E+000 
4 3 ! 3 2 0 3 2 -1
 0.000000000000E+000  0.000000000000E+000  0.000000000000E+000 
 0.000000000000E+000  0.000000000000E+000  0.000000000000E+000 
 0.000000000000E+000  0.000000000000E+000  0.000000000000E+000 
 0.000000000000E+000  0.000000000000E+000  0.000000000000E+000 
4 3 ! 3 2 0 3 1 0
-2.246749823149E-003 -4.799212697171E-002  2.190182152628E-003 
-3.854123049777E-003  3.923971540707E-002  4.573829716438E-006 
-2.205483743144E-001  3.125217532449E-002  7.930374711402E-002 
 2.261360030740E-001 -2.242717534620E-002 -8.125238668211E-002 
4 3 ! 3 2 0 3 2 0
 0.000000000000E+000  0.000000000000E+000  0.000000000000E+000 
 0.000000000000E+000  0.000000000000E+000  0.000000000000E+000 
 0.000000000000E+000  0.000000000000E+000  0.000000000000E+000 
 0.000000000000E+000  0.000000000000E+000  0.000000000000E+000 
4 3 ! 3 2 0 3 1 1
 0.000000000000E+000  0.000000000000E+000  0.000000000000E+000 
 0.000000000000E+000  0.000000000000E+000  0.000000000000E+000 
 0.000000000000E+000  0.000000000000E+000  0.000000000000E+000 
 0.000000000000E+000  0.000000000000E+000  0.000000000000E+000 
4 3 ! 3 2 0 3 2 1
 0.000000000000E+000  0.000000000000E+000  0.000000000000E+000 
 0.000000000000E+000  0.000000000000E+000  0.000000000000E+000 
 0.000000000000E+000  0.000000000000E+000  0.000000000000E+000 
 0.000000000000E+000  0.000000000000E+000  0.000000000000E+000 
4 3 ! 3 1 1 1 1 0
 0.000000000000E+000  0.000000000000E+000  0.000000000000E+000 
 0.000000000000E+000  0.000000000000E+000  0.000000000000E+000 
 0.000000000000E+000  0.000000000000E+000  0.000000000000E+000 
 0.000000000000E+000  0.000000000000E+000  0.000000000000E+000 
4 3 ! 3 1 1 1 2 0
 0.000000000000E+000  0.000000000000E+000  0.000000000000E+000 
 0.000000000000E+000  0.000000000000E+000  0.000000000000E+000 
 0.000000000000E+000  0.000000000000E+000  0.000000000000E+000 
 0.000000000000E+000  0.000000000000E+000  0.000000000000E+000 
4 3 ! 3 1 1 3 1 -1
 0.000000000000E+000  0.000000000000E+000  0.000000000000E+000 
 0.000000000000E+000  0.000000000000E+000  0.000000000000E+000 
 0.000000000000E+000  0.000000000000E+000  0.000000000000E+000 
 0.000000000000E+000  0.000000000000E+000  0.000000000000E+000 
4 3 ! 3 1 1 3 2 -1
 0.000000000000E+000  0.000000000000E+000  0.000000000000E+000 
 0.000000000000E+000  0.000000000000E+000  0.000000000000E+000 
 0.000000000000E+000  0.000000000000E+000  0.000000000000E+000 
 0.000000000000E+000  0.000000000000E+000  0.000000000000E+000 
4 3 ! 3 1 1 3 1 0
 0.000000000000E+000  0.000000000000E+000  0.000000000000E+000 
 0.000000000000E+000  0.000000000000E+000  0.000000000000E+000 
 0.000000000000E+000  0.000000000000E+000  0.000000000000E+000 
 0.000000000000E+000  0.000000000000E+000  0.000000000000E+000 
4 3 ! 3 1 1 3 2 0
 0.000000000000E+000  0.000000000000E+000  0.000000000000E+000 
 0.000000000000E+000  0.000000000000E+000  0.000000000000E+000 
 0.000000000000E+000  0.000000000000E+000  0.000000000000E+000 
 0.000000000000E+000  0.000000000000E+000  0.000000000000E+000 
4 3 ! 3 1 1 3 1 1
 0.000000000000E+000  0.000000000000E+000  0.000000000000E+000 
 0.000000000000E+000  0.000000000000E+000  0.000000000000E+000 
 0.000000000000E+000  0.000000000000E+000  0.000000000000E+000 
 0.000000000000E+000  0.000000000000E+000  0.000000000000E+000 
4 3 ! 3 1 1 3 2 1
 2.246749823149E-003  4.799212697171E-002 -2.190182152628E-003 
 3.854123049777E-003 -3.923971540707E-002 -4.573829716438E-006 
 2.205483743144E-001 -3.125217532449E-002 -7.930374711402E-002 
-2.261360030740E-001  2.242717534620E-002  8.125238668211E-002 
4 3 ! 3 2 1 1 1 0
 0.000000000000E+000  0.000000000000E+000  0.000000000000E+000 
 0.000000000000E+000  0.000000000000E+000  0.000000000000E+000 
 0.000000000000E+000  0.000000000000E+000  0.000000000000E+000 
 0.000000000000E+000  0.000000000000E+000  0.000000000000E+000 
4 3 ! 3 2 1 1 2 0
 0.000000000000E+000  0.000000000000E+000  0.000000000000E+000 
 0.000000000000E+000  0.000000000000E+000  0.000000000000E+000 
 0.000000000000E+000  0.000000000000E+000  0.000000000000E+000 
 0.000000000000E+000  0.000000000000E+000  0.000000000000E+000 
4 3 ! 3 2 1 3 1 -1
 0.000000000000E+000  0.000000000000E+000  0.000000000000E+000 
 0.000000000000E+000  0.000000000000E+000  0.000000000000E+000 
 0.000000000000E+000  0.000000000000E+000  0.000000000000E+000 
 0.000000000000E+000  0.000000000000E+000  0.000000000000E+000 
4 3 ! 3 2 1 3 2 -1
 0.000000000000E+000  0.000000000000E+000  0.000000000000E+000 
 0.000000000000E+000  0.000000000000E+000  0.000000000000E+000 
 0.000000000000E+000  0.000000000000E+000  0.000000000000E+000 
 0.000000000000E+000  0.000000000000E+000  0.000000000000E+000 
4 3 ! 3 2 1 3 1 0
 0.000000000000E+000  0.000000000000E+000  0.000000000000E+000 
 0.000000000000E+000  0.000000000000E+000  0.000000000000E+000 
 0.000000000000E+000  0.000000000000E+000  0.000000000000E+000 
 0.000000000000E+000  0.000000000000E+000  0.000000000000E+000 
4 3 ! 3 2 1 3 2 0
 0.000000000000E+000  0.000000000000E+000  0.000000000000E+000 
 0.000000000000E+000  0.000000000000E+000  0.000000000000E+000 
 0.000000000000E+000  0.000000000000E+000  0.000000000000E+000 
 0.000000000000E+000  0.000000000000E+000  0.000000000000E+000 
4 3 ! 3 2 1 3 1 1
-2.246749823149E-003 -4.799212697171E-002  2.190182152628E-003 
-3.854123049777E-003  3.923971540707E-002  4.573829716438E-006 
-2.205483743144E-001  3.125217532449E-002  7.930374711402E-002 
 2.261360030740E-001 -2.242717534620E-002 -8.125238668211E-002 
4 3 ! 3 2 1 3 2 1
 0.000000000000E+000  0.000000000000E+000  0.000000000000E+000 
 0.000000000000E+000  0.000000000000E+000  0.000000000000E+000 
 0.000000000000E+000  0.000000000000E+000  0.000000000000E+000 
 0.000000000000E+000  0.000000000000E+000  0.000000000000E+000 
! 6 Overlap matrix (8x8, complex)
8 8
 1.003153040E+000  0.000000000E+000  8.760000000E-006  0.000000000E+000  0.000000000E+000  0.000000000E+000  0.000000000E+000  0.000000000E+000  0.000000000E+000  0.000000000E+000  0.000000000E+000  0.000000000E+000  0.000000000E+000  0.000000000E+000  0.000000000E+000  0.000000000E+000 
 5.950000000E-005  0.000000000E+000  1.003459620E+000  0.000000000E+000  0.000000000E+000  0.000000000E+000  0.000000000E+000  0.000000000E+000  0.000000000E+000  0.000000000E+000  0.000000000E+000  0.000000000E+000  0.000000000E+000  0.000000000E+000  0.000000000E+000  0.000000000E+000 
 0.000000000E+000  0.000000000E+000  0.000000000E+000  0.000000000E+000 -1.003500660E+000  0.000000000E+000  4.107900000E-004  0.000000000E+000  0.000000000E+000  0.000000000E+000  0.000000000E+000  0.000000000E+000  0.000000000E+000  0.000000000E+000  0.000000000E+000  0.000000000E+000 
 0.000000000E+000  0.000000000E+000  0.000000000E+000  0.000000000E+000  4.586000000E-004  0.000000000E+000  1.003302480E+000  0.000000000E+000  0.000000000E+000  0.000000000E+000  0.000000000E+000  0.000000000E+000  0.000000000E+000  0.000000000E+000  0.000000000E+000  0.000000000E+000 
 0.000000000E+000  0.000000000E+000  0.000000000E+000  0.000000000E+000  0.000000000E+000  0.000000000E+000  0.000000000E+000  0.000000000E+000 -1.003500660E+000  0.000000000E+000  4.107900000E-004  0.000000000E+000  0.000000000E+000  0.000000000E+000  0.000000000E+000  0.000000000E+000 
 0.000000000E+000  0.000000000E+000  0.000000000E+000  0.000000000E+000  0.000000000E+000  0.000000000E+000  0.000000000E+000  0.000000000E+000  4.586000000E-004  0.000000000E+000  1.003302480E+000  0.000000000E+000  0.000000000E+000  0.000000000E+000  0.000000000E+000  0.000000000E+000 
 0.000000000E+000  0.000000000E+000  0.000000000E+000  0.000000000E+000  0.000000000E+000  0.000000000E+000  0.000000000E+000  0.000000000E+000  0.000000000E+000  0.000000000E+000  0.000000000E+000  0.000000000E+000 -1.003500660E+000  0.000000000E+000  4.107900000E-004  0.000000000E+000 
 0.000000000E+000  0.000000000E+000  0.000000000E+000  0.000000000E+000  0.000000000E+000  0.000000000E+000  0.000000000E+000  0.000000000E+000  0.000000000E+000  0.000000000E+000  0.000000000E+000  0.000000000E+000  4.586000000E-004  0.000000000E+000  1.003302480E+000  0.000000000E+000 

! 7 Phases
8 ! for all nmstates
 1.000000000E+000  0.000000000E+000
 1.000000000E+000  0.000000000E+000
-1.000000000E+000  0.000000000E+000
 1.000000000E+000  0.000000000E+000
-1.000000000E+000  0.000000000E+000
 1.000000000E+000  0.000000000E+000
-1.000000000E+000  0.000000000E+000
 1.000000000E+000  0.000000000E+000
! 8 Runtime
 3.192456450E+002
