! 1 Hamiltonian Matrix (8x8, complex)
8 8
-4.381352626E+002  0.000000000E+000  0.000000000E+000  0.000000000E+000  1.718649562E-005  1.240188824E-004  1.075067243E-004  2.834040370E-006  0.000000000E+000  7.499089523E-004  0.000000000E+000 -9.308592405E-006  1.718649562E-005 -1.240188824E-004  1.075067243E-004 -2.834040370E-006 
 0.000000000E+000  0.000000000E+000 -4.380735139E+002  0.000000000E+000  9.622979520E-006  1.170978095E-006  1.114935175E-005  2.291608688E-004  0.000000000E+000  3.913891765E-006  0.000000000E+000  6.576203869E-004  9.622979520E-006 -1.170978095E-006  1.114935175E-005 -2.291608688E-004 
 1.718649562E-005 -1.240188824E-004  9.622979520E-006 -1.170978095E-006 -4.380829110E+002  0.000000000E+000 -0.000000000E+000  6.340595786E-004  0.000000000E+000  0.000000000E+000  9.987486320E-006 -2.303455159E-004  0.000000000E+000 -0.000000000E+000  0.000000000E+000 -0.000000000E+000 
 1.075067243E-004 -2.834040370E-006  1.114935175E-005 -2.291608688E-004  0.000000000E+000 -6.340595786E-004 -4.380413795E+002  0.000000000E+000 -9.987486320E-006  2.303455159E-004 -0.000000000E+000  0.000000000E+000 -0.000000000E+000  0.000000000E+000  0.000000000E+000  0.000000000E+000 
 0.000000000E+000 -7.499089523E-004  0.000000000E+000 -3.913891765E-006  0.000000000E+000  0.000000000E+000 -9.987486320E-006 -2.303455159E-004 -4.380829110E+002  0.000000000E+000  0.000000000E+000 -0.000000000E+000  0.000000000E+000  0.000000000E+000  9.987486320E-006 -2.303455159E-004 
 0.000000000E+000  9.308592405E-006  0.000000000E+000 -6.576203869E-004  9.987486320E-006  2.303455159E-004  0.000000000E+000 -0.000000000E+000 -0.000000000E+000  0.000000000E+000 -4.380413795E+002  0.000000000E+000 -9.987486320E-006  2.303455159E-004 -0.000000000E+000  0.000000000E+000 
 1.718649562E-005  1.240188824E-004  9.622979520E-006  1.170978095E-006 -0.000000000E+000  0.000000000E+000  0.000000000E+000 -0.000000000E+000  0.000000000E+000  0.000000000E+000 -9.987486320E-006 -2.303455159E-004 -4.380829110E+002  0.000000000E+000  0.000000000E+000 -6.340595786E-004 
 1.075067243E-004  2.834040370E-006  1.114935175E-005  2.291608688E-004 -0.000000000E+000  0.000000000E+000  0.000000000E+000  0.000000000E+000  9.987486320E-006  2.303455159E-004  0.000000000E+000 -0.000000000E+000 -0.000000000E+000  6.340595786E-004 -4.380413795E+002  0.000000000E+000 

! 2 Dipole Moment Matrices (3x8x8, complex)
8 8
-1.744662200E-002  0.000000000E+000 -2.791752060E-003  0.000000000E+000  0.000000000E+000  0.000000000E+000  0.000000000E+000  0.000000000E+000  0.000000000E+000  0.000000000E+000  0.000000000E+000  0.000000000E+000  0.000000000E+000  0.000000000E+000  0.000000000E+000  0.000000000E+000 
-2.791752060E-003  0.000000000E+000  9.050677500E-002  0.000000000E+000  0.000000000E+000  0.000000000E+000  0.000000000E+000  0.000000000E+000  0.000000000E+000  0.000000000E+000  0.000000000E+000  0.000000000E+000  0.000000000E+000  0.000000000E+000  0.000000000E+000  0.000000000E+000 
 0.000000000E+000  0.000000000E+000  0.000000000E+000  0.000000000E+000  1.485213710E-001  0.000000000E+000 -3.483886750E-003  0.000000000E+000  0.000000000E+000  0.000000000E+000  0.000000000E+000  0.000000000E+000  0.000000000E+000  0.000000000E+000  0.000000000E+000  0.000000000E+000 
 0.000000000E+000  0.000000000E+000  0.000000000E+000  0.000000000E+000 -3.483886750E-003  0.000000000E+000 -3.329924150E-002  0.000000000E+000  0.000000000E+000  0.000000000E+000  0.000000000E+000  0.000000000E+000  0.000000000E+000  0.000000000E+000  0.000000000E+000  0.000000000E+000 
 0.000000000E+000  0.000000000E+000  0.000000000E+000  0.000000000E+000  0.000000000E+000  0.000000000E+000  0.000000000E+000  0.000000000E+000  1.485213710E-001  0.000000000E+000 -3.483886750E-003  0.000000000E+000  0.000000000E+000  0.000000000E+000  0.000000000E+000  0.000000000E+000 
 0.000000000E+000  0.000000000E+000  0.000000000E+000  0.000000000E+000  0.000000000E+000  0.000000000E+000  0.000000000E+000  0.000000000E+000 -3.483886750E-003  0.000000000E+000 -3.329924150E-002  0.000000000E+000  0.000000000E+000  0.000000000E+000  0.000000000E+000  0.000000000E+000 
 0.000000000E+000  0.000000000E+000  0.000000000E+000  0.000000000E+000  0.000000000E+000  0.000000000E+000  0.000000000E+000  0.000000000E+000  0.000000000E+000  0.000000000E+000  0.000000000E+000  0.000000000E+000  1.485213710E-001  0.000000000E+000 -3.483886750E-003  0.000000000E+000 
 0.000000000E+000  0.000000000E+000  0.000000000E+000  0.000000000E+000  0.000000000E+000  0.000000000E+000  0.000000000E+000  0.000000000E+000  0.000000000E+000  0.000000000E+000  0.000000000E+000  0.000000000E+000 -3.483886750E-003  0.000000000E+000 -3.329924150E-002  0.000000000E+000 
8 8
-2.729387590E-002  0.000000000E+000 -4.052969700E-002  0.000000000E+000  0.000000000E+000  0.000000000E+000  0.000000000E+000  0.000000000E+000  0.000000000E+000  0.000000000E+000  0.000000000E+000  0.000000000E+000  0.000000000E+000  0.000000000E+000  0.000000000E+000  0.000000000E+000 
-4.052969700E-002  0.000000000E+000 -2.173362240E-002  0.000000000E+000  0.000000000E+000  0.000000000E+000  0.000000000E+000  0.000000000E+000  0.000000000E+000  0.000000000E+000  0.000000000E+000  0.000000000E+000  0.000000000E+000  0.000000000E+000  0.000000000E+000  0.000000000E+000 
 0.000000000E+000  0.000000000E+000  0.000000000E+000  0.000000000E+000 -2.066997310E-002  0.000000000E+000 -1.372464730E-002  0.000000000E+000  0.000000000E+000  0.000000000E+000  0.000000000E+000  0.000000000E+000  0.000000000E+000  0.000000000E+000  0.000000000E+000  0.000000000E+000 
 0.000000000E+000  0.000000000E+000  0.000000000E+000  0.000000000E+000 -1.372464730E-002  0.000000000E+000 -2.450567150E-002  0.000000000E+000  0.000000000E+000  0.000000000E+000  0.000000000E+000  0.000000000E+000  0.000000000E+000  0.000000000E+000  0.000000000E+000  0.000000000E+000 
 0.000000000E+000  0.000000000E+000  0.000000000E+000  0.000000000E+000  0.000000000E+000  0.000000000E+000  0.000000000E+000  0.000000000E+000 -2.066997310E-002  0.000000000E+000 -1.372464730E-002  0.000000000E+000  0.000000000E+000  0.000000000E+000  0.000000000E+000  0.000000000E+000 
 0.000000000E+000  0.000000000E+000  0.000000000E+000  0.000000000E+000  0.000000000E+000  0.000000000E+000  0.000000000E+000  0.000000000E+000 -1.372464730E-002  0.000000000E+000 -2.450567150E-002  0.000000000E+000  0.000000000E+000  0.000000000E+000  0.000000000E+000  0.000000000E+000 
 0.000000000E+000  0.000000000E+000  0.000000000E+000  0.000000000E+000  0.000000000E+000  0.000000000E+000  0.000000000E+000  0.000000000E+000  0.000000000E+000  0.000000000E+000  0.000000000E+000  0.000000000E+000 -2.066997310E-002  0.000000000E+000 -1.372464730E-002  0.000000000E+000 
 0.000000000E+000  0.000000000E+000  0.000000000E+000  0.000000000E+000  0.000000000E+000  0.000000000E+000  0.000000000E+000  0.000000000E+000  0.000000000E+000  0.000000000E+000  0.000000000E+000  0.000000000E+000 -1.372464730E-002  0.000000000E+000 -2.450567150E-002  0.000000000E+000 
8 8
-6.329007350E-001  0.000000000E+000  6.921459810E-003  0.000000000E+000  0.000000000E+000  0.000000000E+000  0.000000000E+000  0.000000000E+000  0.000000000E+000  0.000000000E+000  0.000000000E+000  0.000000000E+000  0.000000000E+000  0.000000000E+000  0.000000000E+000  0.000000000E+000 
 6.921459810E-003  0.000000000E+000 -3.710171510E-001  0.000000000E+000  0.000000000E+000  0.000000000E+000  0.000000000E+000  0.000000000E+000  0.000000000E+000  0.000000000E+000  0.000000000E+000  0.000000000E+000  0.000000000E+000  0.000000000E+000  0.000000000E+000  0.000000000E+000 
 0.000000000E+000  0.000000000E+000  0.000000000E+000  0.000000000E+000 -2.900236910E-001  0.000000000E+000 -1.304804900E-003  0.000000000E+000  0.000000000E+000  0.000000000E+000  0.000000000E+000  0.000000000E+000  0.000000000E+000  0.000000000E+000  0.000000000E+000  0.000000000E+000 
 0.000000000E+000  0.000000000E+000  0.000000000E+000  0.000000000E+000 -1.304804900E-003  0.000000000E+000 -4.816479450E-001  0.000000000E+000  0.000000000E+000  0.000000000E+000  0.000000000E+000  0.000000000E+000  0.000000000E+000  0.000000000E+000  0.000000000E+000  0.000000000E+000 
 0.000000000E+000  0.000000000E+000  0.000000000E+000  0.000000000E+000  0.000000000E+000  0.000000000E+000  0.000000000E+000  0.000000000E+000 -2.900236910E-001  0.000000000E+000 -1.304804900E-003  0.000000000E+000  0.000000000E+000  0.000000000E+000  0.000000000E+000  0.000000000E+000 
 0.000000000E+000  0.000000000E+000  0.000000000E+000  0.000000000E+000  0.000000000E+000  0.000000000E+000  0.000000000E+000  0.000000000E+000 -1.304804900E-003  0.000000000E+000 -4.816479450E-001  0.000000000E+000  0.000000000E+000  0.000000000E+000  0.000000000E+000  0.000000000E+000 
 0.000000000E+000  0.000000000E+000  0.000000000E+000  0.000000000E+000  0.000000000E+000  0.000000000E+000  0.000000000E+000  0.000000000E+000  0.000000000E+000  0.000000000E+000  0.000000000E+000  0.000000000E+000 -2.900236910E-001  0.000000000E+000 -1.304804900E-003  0.000000000E+000 
 0.000000000E+000  0.000000000E+000  0.000000000E+000  0.000000000E+000  0.000000000E+000  0.000000000E+000  0.000000000E+000  0.000000000E+000  0.000000000E+000  0.000000000E+000  0.000000000E+000  0.000000000E+000 -1.304804900E-003  0.000000000E+000 -4.816479450E-001  0.000000000E+000 
! 3 Gradient Vectors (8x4x3, real)
4 3 ! 1 1 0
 3.087984743E-002  9.760767933E-004  3.678310305E-002 
-7.570621055E-002 -2.218293905E-002 -2.334376147E-002 
 2.567392423E-002  3.491467704E-002 -1.326195557E-002 
 1.915243890E-002 -1.370781478E-002 -1.773860147E-004 
4 3 ! 1 2 0
 3.942825682E-003 -4.250894401E-004 -7.816554673E-003 
-2.100788362E-002 -2.089965947E-002  2.385042473E-002 
 1.196892233E-002  3.675293298E-002 -1.494664666E-002 
 5.096135608E-003 -1.542818407E-002 -1.087223401E-003 
4 3 ! 3 1 -1
 6.885723669E-003 -2.796755845E-004  2.071326417E-003 
-2.217412943E-002 -2.110932799E-002  1.495364046E-002 
 1.110273606E-002  3.697720952E-002 -1.551811215E-002 
 4.185669707E-003 -1.558820595E-002 -1.506854721E-003 
4 3 ! 3 2 -1
-1.482440618E-002 -1.213575364E-003 -6.530463859E-002 
-8.275634791E-003 -2.034606392E-002  7.521259914E-002 
 1.522108423E-002  3.901186606E-002 -1.157377585E-002 
 7.878956740E-003 -1.745222678E-002  1.665815306E-003 
4 3 ! 3 1 0
 6.885723669E-003 -2.796755845E-004  2.071326417E-003 
-2.217412943E-002 -2.110932799E-002  1.495364046E-002 
 1.110273606E-002  3.697720952E-002 -1.551811215E-002 
 4.185669707E-003 -1.558820595E-002 -1.506854721E-003 
4 3 ! 3 2 0
-1.482440618E-002 -1.213575364E-003 -6.530463859E-002 
-8.275634791E-003 -2.034606392E-002  7.521259914E-002 
 1.522108423E-002  3.901186606E-002 -1.157377585E-002 
 7.878956740E-003 -1.745222678E-002  1.665815306E-003 
4 3 ! 3 1 1
 6.885723669E-003 -2.796755845E-004  2.071326417E-003 
-2.217412943E-002 -2.110932799E-002  1.495364046E-002 
 1.110273606E-002  3.697720952E-002 -1.551811215E-002 
 4.185669707E-003 -1.558820595E-002 -1.506854721E-003 
4 3 ! 3 2 1
-1.482440618E-002 -1.213575364E-003 -6.530463859E-002 
-8.275634791E-003 -2.034606392E-002  7.521259914E-002 
 1.522108423E-002  3.901186606E-002 -1.157377585E-002 
 7.878956740E-003 -1.745222678E-002  1.665815306E-003 
! 5 Non-adiabatic couplings (ddr) (8x8x4x3, real)
4 3 ! 1 1 0 1 1 0
 0.000000000000E+000  0.000000000000E+000  0.000000000000E+000 
 0.000000000000E+000  0.000000000000E+000  0.000000000000E+000 
 0.000000000000E+000  0.000000000000E+000  0.000000000000E+000 
 0.000000000000E+000  0.000000000000E+000  0.000000000000E+000 
4 3 ! 1 1 0 1 2 0
-6.774927769203E-003 -3.076157003251E-002  1.778165789726E-003 
 2.442713278281E-002  1.756426975192E-001 -2.345248228291E-003 
 2.392715163252E-001 -7.803218018095E-002 -5.287022927988E-002 
-2.570034581337E-001 -6.190112017730E-002  5.324587197266E-002 
4 3 ! 1 1 0 3 1 -1
 0.000000000000E+000  0.000000000000E+000  0.000000000000E+000 
 0.000000000000E+000  0.000000000000E+000  0.000000000000E+000 
 0.000000000000E+000  0.000000000000E+000  0.000000000000E+000 
 0.000000000000E+000  0.000000000000E+000  0.000000000000E+000 
4 3 ! 1 1 0 3 2 -1
 0.000000000000E+000  0.000000000000E+000  0.000000000000E+000 
 0.000000000000E+000  0.000000000000E+000  0.000000000000E+000 
 0.000000000000E+000  0.000000000000E+000  0.000000000000E+000 
 0.000000000000E+000  0.000000000000E+000  0.000000000000E+000 
4 3 ! 1 1 0 3 1 0
 0.000000000000E+000  0.000000000000E+000  0.000000000000E+000 
 0.000000000000E+000  0.000000000000E+000  0.000000000000E+000 
 0.000000000000E+000  0.000000000000E+000  0.000000000000E+000 
 0.000000000000E+000  0.000000000000E+000  0.000000000000E+000 
4 3 ! 1 1 0 3 2 0
 0.000000000000E+000  0.000000000000E+000  0.000000000000E+000 
 0.000000000000E+000  0.000000000000E+000  0.000000000000E+000 
 0.000000000000E+000  0.000000000000E+000  0.000000000000E+000 
 0.000000000000E+000  0.000000000000E+000  0.000000000000E+000 
4 3 ! 1 1 0 3 1 1
 0.000000000000E+000  0.000000000000E+000  0.000000000000E+000 
 0.000000000000E+000  0.000000000000E+000  0.000000000000E+000 
 0.000000000000E+000  0.000000000000E+000  0.000000000000E+000 
 0.000000000000E+000  0.000000000000E+000  0.000000000000E+000 
4 3 ! 1 1 0 3 2 1
 0.000000000000E+000  0.000000000000E+000  0.000000000000E+000 
 0.000000000000E+000  0.000000000000E+000  0.000000000000E+000 
 0.000000000000E+000  0.000000000000E+000  0.000000000000E+000 
 0.000000000000E+000  0.000000000000E+000  0.000000000000E+000 
4 3 ! 1 2 0 1 1 0
 6.774927769203E-003  3.076157003251E-002 -1.778165789726E-003 
-2.442713278281E-002 -1.756426975192E-001  2.345248228291E-003 
-2.392715163252E-001  7.803218018095E-002  5.287022927988E-002 
 2.570034581337E-001  6.190112017730E-002 -5.324587197266E-002 
4 3 ! 1 2 0 1 2 0
 0.000000000000E+000  0.000000000000E+000  0.000000000000E+000 
 0.000000000000E+000  0.000000000000E+000  0.000000000000E+000 
 0.000000000000E+000  0.000000000000E+000  0.000000000000E+000 
 0.000000000000E+000  0.000000000000E+000  0.000000000000E+000 
4 3 ! 1 2 0 3 1 -1
 0.000000000000E+000  0.000000000000E+000  0.000000000000E+000 
 0.000000000000E+000  0.000000000000E+000  0.000000000000E+000 
 0.000000000000E+000  0.000000000000E+000  0.000000000000E+000 
 0.000000000000E+000  0.000000000000E+000  0.000000000000E+000 
4 3 ! 1 2 0 3 2 -1
 0.000000000000E+000  0.000000000000E+000  0.000000000000E+000 
 0.000000000000E+000  0.000000000000E+000  0.000000000000E+000 
 0.000000000000E+000  0.000000000000E+000  0.000000000000E+000 
 0.000000000000E+000  0.000000000000E+000  0.000000000000E+000 
4 3 ! 1 2 0 3 1 0
 0.000000000000E+000  0.000000000000E+000  0.000000000000E+000 
 0.000000000000E+000  0.000000000000E+000  0.000000000000E+000 
 0.000000000000E+000  0.000000000000E+000  0.000000000000E+000 
 0.000000000000E+000  0.000000000000E+000  0.000000000000E+000 
4 3 ! 1 2 0 3 2 0
 0.000000000000E+000  0.000000000000E+000  0.000000000000E+000 
 0.000000000000E+000  0.000000000000E+000  0.000000000000E+000 
 0.000000000000E+000  0.000000000000E+000  0.000000000000E+000 
 0.000000000000E+000  0.000000000000E+000  0.000000000000E+000 
4 3 ! 1 2 0 3 1 1
 0.000000000000E+000  0.000000000000E+000  0.000000000000E+000 
 0.000000000000E+000  0.000000000000E+000  0.000000000000E+000 
 0.000000000000E+000  0.000000000000E+000  0.000000000000E+000 
 0.000000000000E+000  0.000000000000E+000  0.000000000000E+000 
4 3 ! 1 2 0 3 2 1
 0.000000000000E+000  0.000000000000E+000  0.000000000000E+000 
 0.000000000000E+000  0.000000000000E+000  0.000000000000E+000 
 0.000000000000E+000  0.000000000000E+000  0.000000000000E+000 
 0.000000000000E+000  0.000000000000E+000  0.000000000000E+000 
4 3 ! 3 1 -1 1 1 0
 0.000000000000E+000  0.000000000000E+000  0.000000000000E+000 
 0.000000000000E+000  0.000000000000E+000  0.000000000000E+000 
 0.000000000000E+000  0.000000000000E+000  0.000000000000E+000 
 0.000000000000E+000  0.000000000000E+000  0.000000000000E+000 
4 3 ! 3 1 -1 1 2 0
 0.000000000000E+000  0.000000000000E+000  0.000000000000E+000 
 0.000000000000E+000  0.000000000000E+000  0.000000000000E+000 
 0.000000000000E+000  0.000000000000E+000  0.000000000000E+000 
 0.000000000000E+000  0.000000000000E+000  0.000000000000E+000 
4 3 ! 3 1 -1 3 1 -1
 0.000000000000E+000  0.000000000000E+000  0.000000000000E+000 
 0.000000000000E+000  0.000000000000E+000  0.000000000000E+000 
 0.000000000000E+000  0.000000000000E+000  0.000000000000E+000 
 0.000000000000E+000  0.000000000000E+000  0.000000000000E+000 
4 3 ! 3 1 -1 3 2 -1
 6.131680870924E-003  1.680515205561E-001 -4.273741537297E-003 
-3.822116569624E-004 -1.389810477238E-001  4.759793059915E-003 
 2.340355177384E-001 -2.084120546354E-002  3.867096141485E-002 
-2.394394108466E-001 -8.215170311971E-003 -3.922052708965E-002 
4 3 ! 3 1 -1 3 1 0
 0.000000000000E+000  0.000000000000E+000  0.000000000000E+000 
 0.000000000000E+000  0.000000000000E+000  0.000000000000E+000 
 0.000000000000E+000  0.000000000000E+000  0.000000000000E+000 
 0.000000000000E+000  0.000000000000E+000  0.000000000000E+000 
4 3 ! 3 1 -1 3 2 0
 0.000000000000E+000  0.000000000000E+000  0.000000000000E+000 
 0.000000000000E+000  0.000000000000E+000  0.000000000000E+000 
 0.000000000000E+000  0.000000000000E+000  0.000000000000E+000 
 0.000000000000E+000  0.000000000000E+000  0.000000000000E+000 
4 3 ! 3 1 -1 3 1 1
 0.000000000000E+000  0.000000000000E+000  0.000000000000E+000 
 0.000000000000E+000  0.000000000000E+000  0.000000000000E+000 
 0.000000000000E+000  0.000000000000E+000  0.000000000000E+000 
 0.000000000000E+000  0.000000000000E+000  0.000000000000E+000 
4 3 ! 3 1 -1 3 2 1
 0.000000000000E+000  0.000000000000E+000  0.000000000000E+000 
 0.000000000000E+000  0.000000000000E+000  0.000000000000E+000 
 0.000000000000E+000  0.000000000000E+000  0.000000000000E+000 
 0.000000000000E+000  0.000000000000E+000  0.000000000000E+000 
4 3 ! 3 2 -1 1 1 0
 0.000000000000E+000  0.000000000000E+000  0.000000000000E+000 
 0.000000000000E+000  0.000000000000E+000  0.000000000000E+000 
 0.000000000000E+000  0.000000000000E+000  0.000000000000E+000 
 0.000000000000E+000  0.000000000000E+000  0.000000000000E+000 
4 3 ! 3 2 -1 1 2 0
 0.000000000000E+000  0.000000000000E+000  0.000000000000E+000 
 0.000000000000E+000  0.000000000000E+000  0.000000000000E+000 
 0.000000000000E+000  0.000000000000E+000  0.000000000000E+000 
 0.000000000000E+000  0.000000000000E+000  0.000000000000E+000 
4 3 ! 3 2 -1 3 1 -1
-6.131680870924E-003 -1.680515205561E-001  4.273741537297E-003 
 3.822116569624E-004  1.389810477238E-001 -4.759793059915E-003 
-2.340355177384E-001  2.084120546354E-002 -3.867096141485E-002 
 2.394394108466E-001  8.215170311971E-003  3.922052708965E-002 
4 3 ! 3 2 -1 3 2 -1
 0.000000000000E+000  0.000000000000E+000  0.000000000000E+000 
 0.000000000000E+000  0.000000000000E+000  0.000000000000E+000 
 0.000000000000E+000  0.000000000000E+000  0.000000000000E+000 
 0.000000000000E+000  0.000000000000E+000  0.000000000000E+000 
4 3 ! 3 2 -1 3 1 0
 0.000000000000E+000  0.000000000000E+000  0.000000000000E+000 
 0.000000000000E+000  0.000000000000E+000  0.000000000000E+000 
 0.000000000000E+000  0.000000000000E+000  0.000000000000E+000 
 0.000000000000E+000  0.000000000000E+000  0.000000000000E+000 
4 3 ! 3 2 -1 3 2 0
 0.000000000000E+000  0.000000000000E+000  0.000000000000E+000 
 0.000000000000E+000  0.000000000000E+000  0.000000000000E+000 
 0.000000000000E+000  0.000000000000E+000  0.000000000000E+000 
 0.000000000000E+000  0.000000000000E+000  0.000000000000E+000 
4 3 ! 3 2 -1 3 1 1
 0.000000000000E+000  0.000000000000E+000  0.000000000000E+000 
 0.000000000000E+000  0.000000000000E+000  0.000000000000E+000 
 0.000000000000E+000  0.000000000000E+000  0.000000000000E+000 
 0.000000000000E+000  0.000000000000E+000  0.000000000000E+000 
4 3 ! 3 2 -1 3 2 1
 0.000000000000E+000  0.000000000000E+000  0.000000000000E+000 
 0.000000000000E+000  0.000000000000E+000  0.000000000000E+000 
 0.000000000000E+000  0.000000000000E+000  0.000000000000E+000 
 0.000000000000E+000  0.000000000000E+000  0.000000000000E+000 
4 3 ! 3 1 0 1 1 0
 0.000000000000E+000  0.000000000000E+000  0.000000000000E+000 
 0.000000000000E+000  0.000000000000E+000  0.000000000000E+000 
 0.000000000000E+000  0.000000000000E+000  0.000000000000E+000 
 0.000000000000E+000  0.000000000000E+000  0.000000000000E+000 
4 3 ! 3 1 0 1 2 0
 0.000000000000E+000  0.000000000000E+000  0.000000000000E+000 
 0.000000000000E+000  0.000000000000E+000  0.000000000000E+000 
 0.000000000000E+000  0.000000000000E+000  0.000000000000E+000 
 0.000000000000E+000  0.000000000000E+000  0.000000000000E+000 
4 3 ! 3 1 0 3 1 -1
 0.000000000000E+000  0.000000000000E+000  0.000000000000E+000 
 0.000000000000E+000  0.000000000000E+000  0.000000000000E+000 
 0.000000000000E+000  0.000000000000E+000  0.000000000000E+000 
 0.000000000000E+000  0.000000000000E+000  0.000000000000E+000 
4 3 ! 3 1 0 3 2 -1
 0.000000000000E+000  0.000000000000E+000  0.000000000000E+000 
 0.000000000000E+000  0.000000000000E+000  0.000000000000E+000 
 0.000000000000E+000  0.000000000000E+000  0.000000000000E+000 
 0.000000000000E+000  0.000000000000E+000  0.000000000000E+000 
4 3 ! 3 1 0 3 1 0
 0.000000000000E+000  0.000000000000E+000  0.000000000000E+000 
 0.000000000000E+000  0.000000000000E+000  0.000000000000E+000 
 0.000000000000E+000  0.000000000000E+000  0.000000000000E+000 
 0.000000000000E+000  0.000000000000E+000  0.000000000000E+000 
4 3 ! 3 1 0 3 2 0
 6.131680870924E-003  1.680515205561E-001 -4.273741537297E-003 
-3.822116569624E-004 -1.389810477238E-001  4.759793059915E-003 
 2.340355177384E-001 -2.084120546354E-002  3.867096141485E-002 
-2.394394108466E-001 -8.215170311971E-003 -3.922052708965E-002 
4 3 ! 3 1 0 3 1 1
 0.000000000000E+000  0.000000000000E+000  0.000000000000E+000 
 0.000000000000E+000  0.000000000000E+000  0.000000000000E+000 
 0.000000000000E+000  0.000000000000E+000  0.000000000000E+000 
 0.000000000000E+000  0.000000000000E+000  0.000000000000E+000 
4 3 ! 3 1 0 3 2 1
 0.000000000000E+000  0.000000000000E+000  0.000000000000E+000 
 0.000000000000E+000  0.000000000000E+000  0.000000000000E+000 
 0.000000000000E+000  0.000000000000E+000  0.000000000000E+000 
 0.000000000000E+000  0.000000000000E+000  0.000000000000E+000 
4 3 ! 3 2 0 1 1 0
 0.000000000000E+000  0.000000000000E+000  0.000000000000E+000 
 0.000000000000E+000  0.000000000000E+000  0.000000000000E+000 
 0.000000000000E+000  0.000000000000E+000  0.000000000000E+000 
 0.000000000000E+000  0.000000000000E+000  0.000000000000E+000 
4 3 ! 3 2 0 1 2 0
 0.000000000000E+000  0.000000000000E+000  0.000000000000E+000 
 0.000000000000E+000  0.000000000000E+000  0.000000000000E+000 
 0.000000000000E+000  0.000000000000E+000  0.000000000000E+000 
 0.000000000000E+000  0.000000000000E+000  0.000000000000E+000 
4 3 ! 3 2 0 3 1 -1
 0.000000000000E+000  0.000000000000E+000  0.000000000000E+000 
 0.000000000000E+000  0.000000000000E+000  0.000000000000E+000 
 0.000000000000E+000  0.000000000000E+000  0.000000000000E+000 
 0.000000000000E+000  0.000000000000E+000  0.000000000000E+000 
4 3 ! 3 2 0 3 2 -1
 0.000000000000E+000  0.000000000000E+000  0.000000000000E+000 
 0.000000000000E+000  0.000000000000E+000  0.000000000000E+000 
 0.000000000000E+000  0.000000000000E+000  0.000000000000E+000 
 0.000000000000E+000  0.000000000000E+000  0.000000000000E+000 
4 3 ! 3 2 0 3 1 0
-6.131680870924E-003 -1.680515205561E-001  4.273741537297E-003 
 3.822116569624E-004  1.389810477238E-001 -4.759793059915E-003 
-2.340355177384E-001  2.084120546354E-002 -3.867096141485E-002 
 2.394394108466E-001  8.215170311971E-003  3.922052708965E-002 
4 3 ! 3 2 0 3 2 0
 0.000000000000E+000  0.000000000000E+000  0.000000000000E+000 
 0.000000000000E+000  0.000000000000E+000  0.000000000000E+000 
 0.000000000000E+000  0.000000000000E+000  0.000000000000E+000 
 0.000000000000E+000  0.000000000000E+000  0.000000000000E+000 
4 3 ! 3 2 0 3 1 1
 0.000000000000E+000  0.000000000000E+000  0.000000000000E+000 
 0.000000000000E+000  0.000000000000E+000  0.000000000000E+000 
 0.000000000000E+000  0.000000000000E+000  0.000000000000E+000 
 0.000000000000E+000  0.000000000000E+000  0.000000000000E+000 
4 3 ! 3 2 0 3 2 1
 0.000000000000E+000  0.000000000000E+000  0.000000000000E+000 
 0.000000000000E+000  0.000000000000E+000  0.000000000000E+000 
 0.000000000000E+000  0.000000000000E+000  0.000000000000E+000 
 0.000000000000E+000  0.000000000000E+000  0.000000000000E+000 
4 3 ! 3 1 1 1 1 0
 0.000000000000E+000  0.000000000000E+000  0.000000000000E+000 
 0.000000000000E+000  0.000000000000E+000  0.000000000000E+000 
 0.000000000000E+000  0.000000000000E+000  0.000000000000E+000 
 0.000000000000E+000  0.000000000000E+000  0.000000000000E+000 
4 3 ! 3 1 1 1 2 0
 0.000000000000E+000  0.000000000000E+000  0.000000000000E+000 
 0.000000000000E+000  0.000000000000E+000  0.000000000000E+000 
 0.000000000000E+000  0.000000000000E+000  0.000000000000E+000 
 0.000000000000E+000  0.000000000000E+000  0.000000000000E+000 
4 3 ! 3 1 1 3 1 -1
 0.000000000000E+000  0.000000000000E+000  0.000000000000E+000 
 0.000000000000E+000  0.000000000000E+000  0.000000000000E+000 
 0.000000000000E+000  0.000000000000E+000  0.000000000000E+000 
 0.000000000000E+000  0.000000000000E+000  0.000000000000E+000 
4 3 ! 3 1 1 3 2 -1
 0.000000000000E+000  0.000000000000E+000  0.000000000000E+000 
 0.000000000000E+000  0.000000000000E+000  0.000000000000E+000 
 0.000000000000E+000  0.000000000000E+000  0.000000000000E+000 
 0.000000000000E+000  0.000000000000E+000  0.000000000000E+000 
4 3 ! 3 1 1 3 1 0
 0.000000000000E+000  0.000000000000E+000  0.000000000000E+000 
 0.000000000000E+000  0.000000000000E+000  0.000000000000E+000 
 0.000000000000E+000  0.000000000000E+000  0.000000000000E+000 
 0.000000000000E+000  0.000000000000E+000  0.000000000000E+000 
4 3 ! 3 1 1 3 2 0
 0.000000000000E+000  0.000000000000E+000  0.000000000000E+000 
 0.000000000000E+000  0.000000000000E+000  0.000000000000E+000 
 0.000000000000E+000  0.000000000000E+000  0.000000000000E+000 
 0.000000000000E+000  0.000000000000E+000  0.000000000000E+000 
4 3 ! 3 1 1 3 1 1
 0.000000000000E+000  0.000000000000E+000  0.000000000000E+000 
 0.000000000000E+000  0.000000000000E+000  0.000000000000E+000 
 0.000000000000E+000  0.000000000000E+000  0.000000000000E+000 
 0.000000000000E+000  0.000000000000E+000  0.000000000000E+000 
4 3 ! 3 1 1 3 2 1
 6.131680870924E-003  1.680515205561E-001 -4.273741537297E-003 
-3.822116569624E-004 -1.389810477238E-001  4.759793059915E-003 
 2.340355177384E-001 -2.084120546354E-002  3.867096141485E-002 
-2.394394108466E-001 -8.215170311971E-003 -3.922052708965E-002 
4 3 ! 3 2 1 1 1 0
 0.000000000000E+000  0.000000000000E+000  0.000000000000E+000 
 0.000000000000E+000  0.000000000000E+000  0.000000000000E+000 
 0.000000000000E+000  0.000000000000E+000  0.000000000000E+000 
 0.000000000000E+000  0.000000000000E+000  0.000000000000E+000 
4 3 ! 3 2 1 1 2 0
 0.000000000000E+000  0.000000000000E+000  0.000000000000E+000 
 0.000000000000E+000  0.000000000000E+000  0.000000000000E+000 
 0.000000000000E+000  0.000000000000E+000  0.000000000000E+000 
 0.000000000000E+000  0.000000000000E+000  0.000000000000E+000 
4 3 ! 3 2 1 3 1 -1
 0.000000000000E+000  0.000000000000E+000  0.000000000000E+000 
 0.000000000000E+000  0.000000000000E+000  0.000000000000E+000 
 0.000000000000E+000  0.000000000000E+000  0.000000000000E+000 
 0.000000000000E+000  0.000000000000E+000  0.000000000000E+000 
4 3 ! 3 2 1 3 2 -1
 0.000000000000E+000  0.000000000000E+000  0.000000000000E+000 
 0.000000000000E+000  0.000000000000E+000  0.000000000000E+000 
 0.000000000000E+000  0.000000000000E+000  0.000000000000E+000 
 0.000000000000E+000  0.000000000000E+000  0.000000000000E+000 
4 3 ! 3 2 1 3 1 0
 0.000000000000E+000  0.000000000000E+000  0.000000000000E+000 
 0.000000000000E+000  0.000000000000E+000  0.000000000000E+000 
 0.000000000000E+000  0.000000000000E+000  0.000000000000E+000 
 0.000000000000E+000  0.000000000000E+000  0.000000000000E+000 
4 3 ! 3 2 1 3 2 0
 0.000000000000E+000  0.000000000000E+000  0.000000000000E+000 
 0.000000000000E+000  0.000000000000E+000  0.000000000000E+000 
 0.000000000000E+000  0.000000000000E+000  0.000000000000E+000 
 0.000000000000E+000  0.000000000000E+000  0.000000000000E+000 
4 3 ! 3 2 1 3 1 1
-6.131680870924E-003 -1.680515205561E-001  4.273741537297E-003 
 3.822116569624E-004  1.389810477238E-001 -4.759793059915E-003 
-2.340355177384E-001  2.084120546354E-002 -3.867096141485E-002 
 2.394394108466E-001  8.215170311971E-003  3.922052708965E-002 
4 3 ! 3 2 1 3 2 1
 0.000000000000E+000  0.000000000000E+000  0.000000000000E+000 
 0.000000000000E+000  0.000000000000E+000  0.000000000000E+000 
 0.000000000000E+000  0.000000000000E+000  0.000000000000E+000 
 0.000000000000E+000  0.000000000000E+000  0.000000000000E+000 
! 6 Overlap matrix (8x8, complex)
8 8
 9.971674700E-001  0.000000000E+000  2.253000000E-005  0.000000000E+000  0.000000000E+000  0.000000000E+000  0.000000000E+000  0.000000000E+000  0.000000000E+000  0.000000000E+000  0.000000000E+000  0.000000000E+000  0.000000000E+000  0.000000000E+000  0.000000000E+000  0.000000000E+000 
 2.271400000E-004  0.000000000E+000 -9.977568800E-001  0.000000000E+000  0.000000000E+000  0.000000000E+000  0.000000000E+000  0.000000000E+000  0.000000000E+000  0.000000000E+000  0.000000000E+000  0.000000000E+000  0.000000000E+000  0.000000000E+000  0.000000000E+000  0.000000000E+000 
 0.000000000E+000  0.000000000E+000  0.000000000E+000  0.000000000E+000 -9.978287900E-001  0.000000000E+000 -2.168530000E-003  0.000000000E+000  0.000000000E+000  0.000000000E+000  0.000000000E+000  0.000000000E+000  0.000000000E+000  0.000000000E+000  0.000000000E+000  0.000000000E+000 
 0.000000000E+000  0.000000000E+000  0.000000000E+000  0.000000000E+000  2.390470000E-003  0.000000000E+000 -9.977378100E-001  0.000000000E+000  0.000000000E+000  0.000000000E+000  0.000000000E+000  0.000000000E+000  0.000000000E+000  0.000000000E+000  0.000000000E+000  0.000000000E+000 
 0.000000000E+000  0.000000000E+000  0.000000000E+000  0.000000000E+000  0.000000000E+000  0.000000000E+000  0.000000000E+000  0.000000000E+000 -9.978287900E-001  0.000000000E+000 -2.168530000E-003  0.000000000E+000  0.000000000E+000  0.000000000E+000  0.000000000E+000  0.000000000E+000 
 0.000000000E+000  0.000000000E+000  0.000000000E+000  0.000000000E+000  0.000000000E+000  0.000000000E+000  0.000000000E+000  0.000000000E+000  2.390470000E-003  0.000000000E+000 -9.977378100E-001  0.000000000E+000  0.000000000E+000  0.000000000E+000  0.000000000E+000  0.000000000E+000 
 0.000000000E+000  0.000000000E+000  0.000000000E+000  0.000000000E+000  0.000000000E+000  0.000000000E+000  0.000000000E+000  0.000000000E+000  0.000000000E+000  0.000000000E+000  0.000000000E+000  0.000000000E+000 -9.978287900E-001  0.000000000E+000 -2.168530000E-003  0.000000000E+000 
 0.000000000E+000  0.000000000E+000  0.000000000E+000  0.000000000E+000  0.000000000E+000  0.000000000E+000  0.000000000E+000  0.000000000E+000  0.000000000E+000  0.000000000E+000  0.000000000E+000  0.000000000E+000  2.390470000E-003  0.000000000E+000 -9.977378100E-001  0.000000000E+000 

! 7 Phases
8 ! for all nmstates
 1.000000000E+000  0.000000000E+000
-1.000000000E+000  0.000000000E+000
-1.000000000E+000  0.000000000E+000
-1.000000000E+000  0.000000000E+000
-1.000000000E+000  0.000000000E+000
-1.000000000E+000  0.000000000E+000
-1.000000000E+000  0.000000000E+000
-1.000000000E+000  0.000000000E+000
! 8 Runtime
 3.161333350E+002
