! 1 Hamiltonian Matrix (8x8, complex)
8 8
-4.381268346E+002  0.000000000E+000  0.000000000E+000  0.000000000E+000 -9.176458690E-006 -3.614813936E-004  8.143993179E-005  1.540496863E-005  0.000000000E+000 -5.943556754E-004  0.000000000E+000 -9.235691045E-006 -9.176458690E-006  3.614813936E-004  8.143993179E-005 -1.540496863E-005 
 0.000000000E+000  0.000000000E+000 -4.380718163E+002  0.000000000E+000  1.640280600E-006 -3.162096490E-006 -2.676846812E-005 -2.854042681E-004  0.000000000E+000 -9.012430630E-006  0.000000000E+000 -6.502300115E-004  1.640280600E-006  3.162096490E-006 -2.676846812E-005  2.854042681E-004 
-9.176458690E-006  3.614813936E-004  1.640280600E-006  3.162096490E-006 -4.380789375E+002  0.000000000E+000 -0.000000000E+000  6.473321825E-004  0.000000000E+000  0.000000000E+000  2.680036247E-005 -2.809755104E-004 -0.000000000E+000  0.000000000E+000  0.000000000E+000 -0.000000000E+000 
 8.143993179E-005 -1.540496863E-005 -2.676846812E-005  2.854042681E-004  0.000000000E+000 -6.473321825E-004 -4.380532795E+002  0.000000000E+000 -2.680036247E-005  2.809755104E-004 -0.000000000E+000  0.000000000E+000 -0.000000000E+000  0.000000000E+000  0.000000000E+000  0.000000000E+000 
-0.000000000E+000  5.943556754E-004  0.000000000E+000  9.012430630E-006  0.000000000E+000  0.000000000E+000 -2.680036247E-005 -2.809755104E-004 -4.380789375E+002  0.000000000E+000  0.000000000E+000 -0.000000000E+000  0.000000000E+000  0.000000000E+000  2.680036247E-005 -2.809755104E-004 
 0.000000000E+000  9.235691045E-006 -0.000000000E+000  6.502300115E-004  2.680036247E-005  2.809755104E-004  0.000000000E+000 -0.000000000E+000 -0.000000000E+000  0.000000000E+000 -4.380532795E+002  0.000000000E+000 -2.680036247E-005  2.809755104E-004 -0.000000000E+000  0.000000000E+000 
-9.176458690E-006 -3.614813936E-004  1.640280600E-006 -3.162096490E-006  0.000000000E+000 -0.000000000E+000  0.000000000E+000 -0.000000000E+000  0.000000000E+000  0.000000000E+000 -2.680036247E-005 -2.809755104E-004 -4.380789375E+002  0.000000000E+000  0.000000000E+000 -6.473321825E-004 
 8.143993179E-005  1.540496863E-005 -2.676846812E-005 -2.854042681E-004 -0.000000000E+000  0.000000000E+000  0.000000000E+000  0.000000000E+000  2.680036247E-005  2.809755104E-004  0.000000000E+000 -0.000000000E+000 -0.000000000E+000  6.473321825E-004 -4.380532795E+002  0.000000000E+000 

! 2 Dipole Moment Matrices (3x8x8, complex)
8 8
-4.946879950E-001  0.000000000E+000  3.496415710E-003  0.000000000E+000  0.000000000E+000  0.000000000E+000  0.000000000E+000  0.000000000E+000  0.000000000E+000  0.000000000E+000  0.000000000E+000  0.000000000E+000  0.000000000E+000  0.000000000E+000  0.000000000E+000  0.000000000E+000 
 3.496415710E-003  0.000000000E+000 -3.602258790E-001  0.000000000E+000  0.000000000E+000  0.000000000E+000  0.000000000E+000  0.000000000E+000  0.000000000E+000  0.000000000E+000  0.000000000E+000  0.000000000E+000  0.000000000E+000  0.000000000E+000  0.000000000E+000  0.000000000E+000 
 0.000000000E+000  0.000000000E+000  0.000000000E+000  0.000000000E+000 -3.561931530E-001  0.000000000E+000  2.414412990E-003  0.000000000E+000  0.000000000E+000  0.000000000E+000  0.000000000E+000  0.000000000E+000  0.000000000E+000  0.000000000E+000  0.000000000E+000  0.000000000E+000 
 0.000000000E+000  0.000000000E+000  0.000000000E+000  0.000000000E+000  2.414412990E-003  0.000000000E+000 -3.997176870E-001  0.000000000E+000  0.000000000E+000  0.000000000E+000  0.000000000E+000  0.000000000E+000  0.000000000E+000  0.000000000E+000  0.000000000E+000  0.000000000E+000 
 0.000000000E+000  0.000000000E+000  0.000000000E+000  0.000000000E+000  0.000000000E+000  0.000000000E+000  0.000000000E+000  0.000000000E+000 -3.561931530E-001  0.000000000E+000  2.414412990E-003  0.000000000E+000  0.000000000E+000  0.000000000E+000  0.000000000E+000  0.000000000E+000 
 0.000000000E+000  0.000000000E+000  0.000000000E+000  0.000000000E+000  0.000000000E+000  0.000000000E+000  0.000000000E+000  0.000000000E+000  2.414412990E-003  0.000000000E+000 -3.997176870E-001  0.000000000E+000  0.000000000E+000  0.000000000E+000  0.000000000E+000  0.000000000E+000 
 0.000000000E+000  0.000000000E+000  0.000000000E+000  0.000000000E+000  0.000000000E+000  0.000000000E+000  0.000000000E+000  0.000000000E+000  0.000000000E+000  0.000000000E+000  0.000000000E+000  0.000000000E+000 -3.561931530E-001  0.000000000E+000  2.414412990E-003  0.000000000E+000 
 0.000000000E+000  0.000000000E+000  0.000000000E+000  0.000000000E+000  0.000000000E+000  0.000000000E+000  0.000000000E+000  0.000000000E+000  0.000000000E+000  0.000000000E+000  0.000000000E+000  0.000000000E+000  2.414412990E-003  0.000000000E+000 -3.997176870E-001  0.000000000E+000 
8 8
-8.949006270E-003  0.000000000E+000  2.079278620E-002  0.000000000E+000  0.000000000E+000  0.000000000E+000  0.000000000E+000  0.000000000E+000  0.000000000E+000  0.000000000E+000  0.000000000E+000  0.000000000E+000  0.000000000E+000  0.000000000E+000  0.000000000E+000  0.000000000E+000 
 2.079278620E-002  0.000000000E+000  4.054013090E-003  0.000000000E+000  0.000000000E+000  0.000000000E+000  0.000000000E+000  0.000000000E+000  0.000000000E+000  0.000000000E+000  0.000000000E+000  0.000000000E+000  0.000000000E+000  0.000000000E+000  0.000000000E+000  0.000000000E+000 
 0.000000000E+000  0.000000000E+000  0.000000000E+000  0.000000000E+000  6.660336120E-003  0.000000000E+000  2.887451020E-003  0.000000000E+000  0.000000000E+000  0.000000000E+000  0.000000000E+000  0.000000000E+000  0.000000000E+000  0.000000000E+000  0.000000000E+000  0.000000000E+000 
 0.000000000E+000  0.000000000E+000  0.000000000E+000  0.000000000E+000  2.887451020E-003  0.000000000E+000 -4.368315220E-003  0.000000000E+000  0.000000000E+000  0.000000000E+000  0.000000000E+000  0.000000000E+000  0.000000000E+000  0.000000000E+000  0.000000000E+000  0.000000000E+000 
 0.000000000E+000  0.000000000E+000  0.000000000E+000  0.000000000E+000  0.000000000E+000  0.000000000E+000  0.000000000E+000  0.000000000E+000  6.660336120E-003  0.000000000E+000  2.887451020E-003  0.000000000E+000  0.000000000E+000  0.000000000E+000  0.000000000E+000  0.000000000E+000 
 0.000000000E+000  0.000000000E+000  0.000000000E+000  0.000000000E+000  0.000000000E+000  0.000000000E+000  0.000000000E+000  0.000000000E+000  2.887451020E-003  0.000000000E+000 -4.368315220E-003  0.000000000E+000  0.000000000E+000  0.000000000E+000  0.000000000E+000  0.000000000E+000 
 0.000000000E+000  0.000000000E+000  0.000000000E+000  0.000000000E+000  0.000000000E+000  0.000000000E+000  0.000000000E+000  0.000000000E+000  0.000000000E+000  0.000000000E+000  0.000000000E+000  0.000000000E+000  6.660336120E-003  0.000000000E+000  2.887451020E-003  0.000000000E+000 
 0.000000000E+000  0.000000000E+000  0.000000000E+000  0.000000000E+000  0.000000000E+000  0.000000000E+000  0.000000000E+000  0.000000000E+000  0.000000000E+000  0.000000000E+000  0.000000000E+000  0.000000000E+000  2.887451020E-003  0.000000000E+000 -4.368315220E-003  0.000000000E+000 
8 8
-4.495926760E-001  0.000000000E+000 -3.090731670E-003  0.000000000E+000  0.000000000E+000  0.000000000E+000  0.000000000E+000  0.000000000E+000  0.000000000E+000  0.000000000E+000  0.000000000E+000  0.000000000E+000  0.000000000E+000  0.000000000E+000  0.000000000E+000  0.000000000E+000 
-3.090731670E-003  0.000000000E+000 -2.456415430E-001  0.000000000E+000  0.000000000E+000  0.000000000E+000  0.000000000E+000  0.000000000E+000  0.000000000E+000  0.000000000E+000  0.000000000E+000  0.000000000E+000  0.000000000E+000  0.000000000E+000  0.000000000E+000  0.000000000E+000 
 0.000000000E+000  0.000000000E+000  0.000000000E+000  0.000000000E+000 -2.317118630E-001  0.000000000E+000 -3.605041880E-003  0.000000000E+000  0.000000000E+000  0.000000000E+000  0.000000000E+000  0.000000000E+000  0.000000000E+000  0.000000000E+000  0.000000000E+000  0.000000000E+000 
 0.000000000E+000  0.000000000E+000  0.000000000E+000  0.000000000E+000 -3.605041880E-003  0.000000000E+000 -3.555153760E-001  0.000000000E+000  0.000000000E+000  0.000000000E+000  0.000000000E+000  0.000000000E+000  0.000000000E+000  0.000000000E+000  0.000000000E+000  0.000000000E+000 
 0.000000000E+000  0.000000000E+000  0.000000000E+000  0.000000000E+000  0.000000000E+000  0.000000000E+000  0.000000000E+000  0.000000000E+000 -2.317118630E-001  0.000000000E+000 -3.605041880E-003  0.000000000E+000  0.000000000E+000  0.000000000E+000  0.000000000E+000  0.000000000E+000 
 0.000000000E+000  0.000000000E+000  0.000000000E+000  0.000000000E+000  0.000000000E+000  0.000000000E+000  0.000000000E+000  0.000000000E+000 -3.605041880E-003  0.000000000E+000 -3.555153760E-001  0.000000000E+000  0.000000000E+000  0.000000000E+000  0.000000000E+000  0.000000000E+000 
 0.000000000E+000  0.000000000E+000  0.000000000E+000  0.000000000E+000  0.000000000E+000  0.000000000E+000  0.000000000E+000  0.000000000E+000  0.000000000E+000  0.000000000E+000  0.000000000E+000  0.000000000E+000 -2.317118630E-001  0.000000000E+000 -3.605041880E-003  0.000000000E+000 
 0.000000000E+000  0.000000000E+000  0.000000000E+000  0.000000000E+000  0.000000000E+000  0.000000000E+000  0.000000000E+000  0.000000000E+000  0.000000000E+000  0.000000000E+000  0.000000000E+000  0.000000000E+000 -3.605041880E-003  0.000000000E+000 -3.555153760E-001  0.000000000E+000 
! 3 Gradient Vectors (8x4x3, real)
4 3 ! 1 1 0
 4.999624337E-002  4.447877630E-003  9.101727028E-002 
-1.864318583E-002  2.495380937E-002 -9.881321745E-002 
-8.571238949E-003 -2.576184012E-002  1.001777196E-002 
-2.278181859E-002 -3.639846880E-003 -2.221824787E-003 
4 3 ! 1 2 0
 2.454659512E-002  6.056714858E-004  3.832926845E-002 
-4.981900665E-003  3.132350053E-002 -2.930180677E-002 
-2.062360609E-003 -2.562743793E-002  1.401660185E-003 
-1.750233385E-002 -6.301734082E-003 -1.042912187E-002 
4 3 ! 3 1 -1
 3.001763628E-002  1.282747125E-003  4.622700945E-002 
-1.079015094E-002  3.068512282E-002 -3.685204894E-002 
-1.808537470E-003 -2.547193724E-002  1.269447071E-003 
-1.741894787E-002 -6.495932700E-003 -1.064440758E-002 
4 3 ! 3 2 -1
 1.236652184E-003 -2.824917149E-003  5.583414007E-003 
 1.962163809E-002  3.530676520E-002 -1.529817282E-004 
-2.895838896E-003 -2.503577409E-002  2.374224960E-003 
-1.796245138E-002 -7.446073962E-003 -7.804657239E-003 
4 3 ! 3 1 0
 3.001763628E-002  1.282747125E-003  4.622700945E-002 
-1.079015094E-002  3.068512282E-002 -3.685204894E-002 
-1.808537470E-003 -2.547193724E-002  1.269447071E-003 
-1.741894787E-002 -6.495932700E-003 -1.064440758E-002 
4 3 ! 3 2 0
 1.236652184E-003 -2.824917149E-003  5.583414007E-003 
 1.962163809E-002  3.530676520E-002 -1.529817282E-004 
-2.895838896E-003 -2.503577409E-002  2.374224960E-003 
-1.796245138E-002 -7.446073962E-003 -7.804657239E-003 
4 3 ! 3 1 1
 3.001763628E-002  1.282747125E-003  4.622700945E-002 
-1.079015094E-002  3.068512282E-002 -3.685204894E-002 
-1.808537470E-003 -2.547193724E-002  1.269447071E-003 
-1.741894787E-002 -6.495932700E-003 -1.064440758E-002 
4 3 ! 3 2 1
 1.236652184E-003 -2.824917149E-003  5.583414007E-003 
 1.962163809E-002  3.530676520E-002 -1.529817282E-004 
-2.895838896E-003 -2.503577409E-002  2.374224960E-003 
-1.796245138E-002 -7.446073962E-003 -7.804657239E-003 
! 5 Non-adiabatic couplings (ddr) (8x8x4x3, real)
4 3 ! 1 1 0 1 1 0
 0.000000000000E+000  0.000000000000E+000  0.000000000000E+000 
 0.000000000000E+000  0.000000000000E+000  0.000000000000E+000 
 0.000000000000E+000  0.000000000000E+000  0.000000000000E+000 
 0.000000000000E+000  0.000000000000E+000  0.000000000000E+000 
4 3 ! 1 1 0 1 2 0
 1.784024208131E-002  1.385624696825E-002 -1.304564224590E-002 
-2.271688537104E-002 -9.380379068456E-002  3.855234531303E-002 
 2.197606624621E-001 -2.263144152155E-002 -2.019269587894E-001 
-2.153023324022E-001  9.893892600522E-002  1.769232954730E-001 
4 3 ! 1 1 0 3 1 -1
 0.000000000000E+000  0.000000000000E+000  0.000000000000E+000 
 0.000000000000E+000  0.000000000000E+000  0.000000000000E+000 
 0.000000000000E+000  0.000000000000E+000  0.000000000000E+000 
 0.000000000000E+000  0.000000000000E+000  0.000000000000E+000 
4 3 ! 1 1 0 3 2 -1
 0.000000000000E+000  0.000000000000E+000  0.000000000000E+000 
 0.000000000000E+000  0.000000000000E+000  0.000000000000E+000 
 0.000000000000E+000  0.000000000000E+000  0.000000000000E+000 
 0.000000000000E+000  0.000000000000E+000  0.000000000000E+000 
4 3 ! 1 1 0 3 1 0
 0.000000000000E+000  0.000000000000E+000  0.000000000000E+000 
 0.000000000000E+000  0.000000000000E+000  0.000000000000E+000 
 0.000000000000E+000  0.000000000000E+000  0.000000000000E+000 
 0.000000000000E+000  0.000000000000E+000  0.000000000000E+000 
4 3 ! 1 1 0 3 2 0
 0.000000000000E+000  0.000000000000E+000  0.000000000000E+000 
 0.000000000000E+000  0.000000000000E+000  0.000000000000E+000 
 0.000000000000E+000  0.000000000000E+000  0.000000000000E+000 
 0.000000000000E+000  0.000000000000E+000  0.000000000000E+000 
4 3 ! 1 1 0 3 1 1
 0.000000000000E+000  0.000000000000E+000  0.000000000000E+000 
 0.000000000000E+000  0.000000000000E+000  0.000000000000E+000 
 0.000000000000E+000  0.000000000000E+000  0.000000000000E+000 
 0.000000000000E+000  0.000000000000E+000  0.000000000000E+000 
4 3 ! 1 1 0 3 2 1
 0.000000000000E+000  0.000000000000E+000  0.000000000000E+000 
 0.000000000000E+000  0.000000000000E+000  0.000000000000E+000 
 0.000000000000E+000  0.000000000000E+000  0.000000000000E+000 
 0.000000000000E+000  0.000000000000E+000  0.000000000000E+000 
4 3 ! 1 2 0 1 1 0
-1.784024208131E-002 -1.385624696825E-002  1.304564224590E-002 
 2.271688537104E-002  9.380379068456E-002 -3.855234531303E-002 
-2.197606624621E-001  2.263144152155E-002  2.019269587894E-001 
 2.153023324022E-001 -9.893892600522E-002 -1.769232954730E-001 
4 3 ! 1 2 0 1 2 0
 0.000000000000E+000  0.000000000000E+000  0.000000000000E+000 
 0.000000000000E+000  0.000000000000E+000  0.000000000000E+000 
 0.000000000000E+000  0.000000000000E+000  0.000000000000E+000 
 0.000000000000E+000  0.000000000000E+000  0.000000000000E+000 
4 3 ! 1 2 0 3 1 -1
 0.000000000000E+000  0.000000000000E+000  0.000000000000E+000 
 0.000000000000E+000  0.000000000000E+000  0.000000000000E+000 
 0.000000000000E+000  0.000000000000E+000  0.000000000000E+000 
 0.000000000000E+000  0.000000000000E+000  0.000000000000E+000 
4 3 ! 1 2 0 3 2 -1
 0.000000000000E+000  0.000000000000E+000  0.000000000000E+000 
 0.000000000000E+000  0.000000000000E+000  0.000000000000E+000 
 0.000000000000E+000  0.000000000000E+000  0.000000000000E+000 
 0.000000000000E+000  0.000000000000E+000  0.000000000000E+000 
4 3 ! 1 2 0 3 1 0
 0.000000000000E+000  0.000000000000E+000  0.000000000000E+000 
 0.000000000000E+000  0.000000000000E+000  0.000000000000E+000 
 0.000000000000E+000  0.000000000000E+000  0.000000000000E+000 
 0.000000000000E+000  0.000000000000E+000  0.000000000000E+000 
4 3 ! 1 2 0 3 2 0
 0.000000000000E+000  0.000000000000E+000  0.000000000000E+000 
 0.000000000000E+000  0.000000000000E+000  0.000000000000E+000 
 0.000000000000E+000  0.000000000000E+000  0.000000000000E+000 
 0.000000000000E+000  0.000000000000E+000  0.000000000000E+000 
4 3 ! 1 2 0 3 1 1
 0.000000000000E+000  0.000000000000E+000  0.000000000000E+000 
 0.000000000000E+000  0.000000000000E+000  0.000000000000E+000 
 0.000000000000E+000  0.000000000000E+000  0.000000000000E+000 
 0.000000000000E+000  0.000000000000E+000  0.000000000000E+000 
4 3 ! 1 2 0 3 2 1
 0.000000000000E+000  0.000000000000E+000  0.000000000000E+000 
 0.000000000000E+000  0.000000000000E+000  0.000000000000E+000 
 0.000000000000E+000  0.000000000000E+000  0.000000000000E+000 
 0.000000000000E+000  0.000000000000E+000  0.000000000000E+000 
4 3 ! 3 1 -1 1 1 0
 0.000000000000E+000  0.000000000000E+000  0.000000000000E+000 
 0.000000000000E+000  0.000000000000E+000  0.000000000000E+000 
 0.000000000000E+000  0.000000000000E+000  0.000000000000E+000 
 0.000000000000E+000  0.000000000000E+000  0.000000000000E+000 
4 3 ! 3 1 -1 1 2 0
 0.000000000000E+000  0.000000000000E+000  0.000000000000E+000 
 0.000000000000E+000  0.000000000000E+000  0.000000000000E+000 
 0.000000000000E+000  0.000000000000E+000  0.000000000000E+000 
 0.000000000000E+000  0.000000000000E+000  0.000000000000E+000 
4 3 ! 3 1 -1 3 1 -1
 0.000000000000E+000  0.000000000000E+000  0.000000000000E+000 
 0.000000000000E+000  0.000000000000E+000  0.000000000000E+000 
 0.000000000000E+000  0.000000000000E+000  0.000000000000E+000 
 0.000000000000E+000  0.000000000000E+000  0.000000000000E+000 
4 3 ! 3 1 -1 3 2 -1
-5.299263428755E-003 -1.012877165939E-001  1.502370109982E-002 
 1.300384432299E-002  7.725600158151E-002 -2.365763471589E-002 
 1.587296554320E-001 -4.560271737710E-002 -2.211065424670E-001 
-1.664302687736E-001  7.084228178716E-002  2.296606206363E-001 
4 3 ! 3 1 -1 3 1 0
 0.000000000000E+000  0.000000000000E+000  0.000000000000E+000 
 0.000000000000E+000  0.000000000000E+000  0.000000000000E+000 
 0.000000000000E+000  0.000000000000E+000  0.000000000000E+000 
 0.000000000000E+000  0.000000000000E+000  0.000000000000E+000 
4 3 ! 3 1 -1 3 2 0
 0.000000000000E+000  0.000000000000E+000  0.000000000000E+000 
 0.000000000000E+000  0.000000000000E+000  0.000000000000E+000 
 0.000000000000E+000  0.000000000000E+000  0.000000000000E+000 
 0.000000000000E+000  0.000000000000E+000  0.000000000000E+000 
4 3 ! 3 1 -1 3 1 1
 0.000000000000E+000  0.000000000000E+000  0.000000000000E+000 
 0.000000000000E+000  0.000000000000E+000  0.000000000000E+000 
 0.000000000000E+000  0.000000000000E+000  0.000000000000E+000 
 0.000000000000E+000  0.000000000000E+000  0.000000000000E+000 
4 3 ! 3 1 -1 3 2 1
 0.000000000000E+000  0.000000000000E+000  0.000000000000E+000 
 0.000000000000E+000  0.000000000000E+000  0.000000000000E+000 
 0.000000000000E+000  0.000000000000E+000  0.000000000000E+000 
 0.000000000000E+000  0.000000000000E+000  0.000000000000E+000 
4 3 ! 3 2 -1 1 1 0
 0.000000000000E+000  0.000000000000E+000  0.000000000000E+000 
 0.000000000000E+000  0.000000000000E+000  0.000000000000E+000 
 0.000000000000E+000  0.000000000000E+000  0.000000000000E+000 
 0.000000000000E+000  0.000000000000E+000  0.000000000000E+000 
4 3 ! 3 2 -1 1 2 0
 0.000000000000E+000  0.000000000000E+000  0.000000000000E+000 
 0.000000000000E+000  0.000000000000E+000  0.000000000000E+000 
 0.000000000000E+000  0.000000000000E+000  0.000000000000E+000 
 0.000000000000E+000  0.000000000000E+000  0.000000000000E+000 
4 3 ! 3 2 -1 3 1 -1
 5.299263428755E-003  1.012877165939E-001 -1.502370109982E-002 
-1.300384432299E-002 -7.725600158151E-002  2.365763471589E-002 
-1.587296554320E-001  4.560271737710E-002  2.211065424670E-001 
 1.664302687736E-001 -7.084228178716E-002 -2.296606206363E-001 
4 3 ! 3 2 -1 3 2 -1
 0.000000000000E+000  0.000000000000E+000  0.000000000000E+000 
 0.000000000000E+000  0.000000000000E+000  0.000000000000E+000 
 0.000000000000E+000  0.000000000000E+000  0.000000000000E+000 
 0.000000000000E+000  0.000000000000E+000  0.000000000000E+000 
4 3 ! 3 2 -1 3 1 0
 0.000000000000E+000  0.000000000000E+000  0.000000000000E+000 
 0.000000000000E+000  0.000000000000E+000  0.000000000000E+000 
 0.000000000000E+000  0.000000000000E+000  0.000000000000E+000 
 0.000000000000E+000  0.000000000000E+000  0.000000000000E+000 
4 3 ! 3 2 -1 3 2 0
 0.000000000000E+000  0.000000000000E+000  0.000000000000E+000 
 0.000000000000E+000  0.000000000000E+000  0.000000000000E+000 
 0.000000000000E+000  0.000000000000E+000  0.000000000000E+000 
 0.000000000000E+000  0.000000000000E+000  0.000000000000E+000 
4 3 ! 3 2 -1 3 1 1
 0.000000000000E+000  0.000000000000E+000  0.000000000000E+000 
 0.000000000000E+000  0.000000000000E+000  0.000000000000E+000 
 0.000000000000E+000  0.000000000000E+000  0.000000000000E+000 
 0.000000000000E+000  0.000000000000E+000  0.000000000000E+000 
4 3 ! 3 2 -1 3 2 1
 0.000000000000E+000  0.000000000000E+000  0.000000000000E+000 
 0.000000000000E+000  0.000000000000E+000  0.000000000000E+000 
 0.000000000000E+000  0.000000000000E+000  0.000000000000E+000 
 0.000000000000E+000  0.000000000000E+000  0.000000000000E+000 
4 3 ! 3 1 0 1 1 0
 0.000000000000E+000  0.000000000000E+000  0.000000000000E+000 
 0.000000000000E+000  0.000000000000E+000  0.000000000000E+000 
 0.000000000000E+000  0.000000000000E+000  0.000000000000E+000 
 0.000000000000E+000  0.000000000000E+000  0.000000000000E+000 
4 3 ! 3 1 0 1 2 0
 0.000000000000E+000  0.000000000000E+000  0.000000000000E+000 
 0.000000000000E+000  0.000000000000E+000  0.000000000000E+000 
 0.000000000000E+000  0.000000000000E+000  0.000000000000E+000 
 0.000000000000E+000  0.000000000000E+000  0.000000000000E+000 
4 3 ! 3 1 0 3 1 -1
 0.000000000000E+000  0.000000000000E+000  0.000000000000E+000 
 0.000000000000E+000  0.000000000000E+000  0.000000000000E+000 
 0.000000000000E+000  0.000000000000E+000  0.000000000000E+000 
 0.000000000000E+000  0.000000000000E+000  0.000000000000E+000 
4 3 ! 3 1 0 3 2 -1
 0.000000000000E+000  0.000000000000E+000  0.000000000000E+000 
 0.000000000000E+000  0.000000000000E+000  0.000000000000E+000 
 0.000000000000E+000  0.000000000000E+000  0.000000000000E+000 
 0.000000000000E+000  0.000000000000E+000  0.000000000000E+000 
4 3 ! 3 1 0 3 1 0
 0.000000000000E+000  0.000000000000E+000  0.000000000000E+000 
 0.000000000000E+000  0.000000000000E+000  0.000000000000E+000 
 0.000000000000E+000  0.000000000000E+000  0.000000000000E+000 
 0.000000000000E+000  0.000000000000E+000  0.000000000000E+000 
4 3 ! 3 1 0 3 2 0
-5.299263428755E-003 -1.012877165939E-001  1.502370109982E-002 
 1.300384432299E-002  7.725600158151E-002 -2.365763471589E-002 
 1.587296554320E-001 -4.560271737710E-002 -2.211065424670E-001 
-1.664302687736E-001  7.084228178716E-002  2.296606206363E-001 
4 3 ! 3 1 0 3 1 1
 0.000000000000E+000  0.000000000000E+000  0.000000000000E+000 
 0.000000000000E+000  0.000000000000E+000  0.000000000000E+000 
 0.000000000000E+000  0.000000000000E+000  0.000000000000E+000 
 0.000000000000E+000  0.000000000000E+000  0.000000000000E+000 
4 3 ! 3 1 0 3 2 1
 0.000000000000E+000  0.000000000000E+000  0.000000000000E+000 
 0.000000000000E+000  0.000000000000E+000  0.000000000000E+000 
 0.000000000000E+000  0.000000000000E+000  0.000000000000E+000 
 0.000000000000E+000  0.000000000000E+000  0.000000000000E+000 
4 3 ! 3 2 0 1 1 0
 0.000000000000E+000  0.000000000000E+000  0.000000000000E+000 
 0.000000000000E+000  0.000000000000E+000  0.000000000000E+000 
 0.000000000000E+000  0.000000000000E+000  0.000000000000E+000 
 0.000000000000E+000  0.000000000000E+000  0.000000000000E+000 
4 3 ! 3 2 0 1 2 0
 0.000000000000E+000  0.000000000000E+000  0.000000000000E+000 
 0.000000000000E+000  0.000000000000E+000  0.000000000000E+000 
 0.000000000000E+000  0.000000000000E+000  0.000000000000E+000 
 0.000000000000E+000  0.000000000000E+000  0.000000000000E+000 
4 3 ! 3 2 0 3 1 -1
 0.000000000000E+000  0.000000000000E+000  0.000000000000E+000 
 0.000000000000E+000  0.000000000000E+000  0.000000000000E+000 
 0.000000000000E+000  0.000000000000E+000  0.000000000000E+000 
 0.000000000000E+000  0.000000000000E+000  0.000000000000E+000 
4 3 ! 3 2 0 3 2 -1
 0.000000000000E+000  0.000000000000E+000  0.000000000000E+000 
 0.000000000000E+000  0.000000000000E+000  0.000000000000E+000 
 0.000000000000E+000  0.000000000000E+000  0.000000000000E+000 
 0.000000000000E+000  0.000000000000E+000  0.000000000000E+000 
4 3 ! 3 2 0 3 1 0
 5.299263428755E-003  1.012877165939E-001 -1.502370109982E-002 
-1.300384432299E-002 -7.725600158151E-002  2.365763471589E-002 
-1.587296554320E-001  4.560271737710E-002  2.211065424670E-001 
 1.664302687736E-001 -7.084228178716E-002 -2.296606206363E-001 
4 3 ! 3 2 0 3 2 0
 0.000000000000E+000  0.000000000000E+000  0.000000000000E+000 
 0.000000000000E+000  0.000000000000E+000  0.000000000000E+000 
 0.000000000000E+000  0.000000000000E+000  0.000000000000E+000 
 0.000000000000E+000  0.000000000000E+000  0.000000000000E+000 
4 3 ! 3 2 0 3 1 1
 0.000000000000E+000  0.000000000000E+000  0.000000000000E+000 
 0.000000000000E+000  0.000000000000E+000  0.000000000000E+000 
 0.000000000000E+000  0.000000000000E+000  0.000000000000E+000 
 0.000000000000E+000  0.000000000000E+000  0.000000000000E+000 
4 3 ! 3 2 0 3 2 1
 0.000000000000E+000  0.000000000000E+000  0.000000000000E+000 
 0.000000000000E+000  0.000000000000E+000  0.000000000000E+000 
 0.000000000000E+000  0.000000000000E+000  0.000000000000E+000 
 0.000000000000E+000  0.000000000000E+000  0.000000000000E+000 
4 3 ! 3 1 1 1 1 0
 0.000000000000E+000  0.000000000000E+000  0.000000000000E+000 
 0.000000000000E+000  0.000000000000E+000  0.000000000000E+000 
 0.000000000000E+000  0.000000000000E+000  0.000000000000E+000 
 0.000000000000E+000  0.000000000000E+000  0.000000000000E+000 
4 3 ! 3 1 1 1 2 0
 0.000000000000E+000  0.000000000000E+000  0.000000000000E+000 
 0.000000000000E+000  0.000000000000E+000  0.000000000000E+000 
 0.000000000000E+000  0.000000000000E+000  0.000000000000E+000 
 0.000000000000E+000  0.000000000000E+000  0.000000000000E+000 
4 3 ! 3 1 1 3 1 -1
 0.000000000000E+000  0.000000000000E+000  0.000000000000E+000 
 0.000000000000E+000  0.000000000000E+000  0.000000000000E+000 
 0.000000000000E+000  0.000000000000E+000  0.000000000000E+000 
 0.000000000000E+000  0.000000000000E+000  0.000000000000E+000 
4 3 ! 3 1 1 3 2 -1
 0.000000000000E+000  0.000000000000E+000  0.000000000000E+000 
 0.000000000000E+000  0.000000000000E+000  0.000000000000E+000 
 0.000000000000E+000  0.000000000000E+000  0.000000000000E+000 
 0.000000000000E+000  0.000000000000E+000  0.000000000000E+000 
4 3 ! 3 1 1 3 1 0
 0.000000000000E+000  0.000000000000E+000  0.000000000000E+000 
 0.000000000000E+000  0.000000000000E+000  0.000000000000E+000 
 0.000000000000E+000  0.000000000000E+000  0.000000000000E+000 
 0.000000000000E+000  0.000000000000E+000  0.000000000000E+000 
4 3 ! 3 1 1 3 2 0
 0.000000000000E+000  0.000000000000E+000  0.000000000000E+000 
 0.000000000000E+000  0.000000000000E+000  0.000000000000E+000 
 0.000000000000E+000  0.000000000000E+000  0.000000000000E+000 
 0.000000000000E+000  0.000000000000E+000  0.000000000000E+000 
4 3 ! 3 1 1 3 1 1
 0.000000000000E+000  0.000000000000E+000  0.000000000000E+000 
 0.000000000000E+000  0.000000000000E+000  0.000000000000E+000 
 0.000000000000E+000  0.000000000000E+000  0.000000000000E+000 
 0.000000000000E+000  0.000000000000E+000  0.000000000000E+000 
4 3 ! 3 1 1 3 2 1
-5.299263428755E-003 -1.012877165939E-001  1.502370109982E-002 
 1.300384432299E-002  7.725600158151E-002 -2.365763471589E-002 
 1.587296554320E-001 -4.560271737710E-002 -2.211065424670E-001 
-1.664302687736E-001  7.084228178716E-002  2.296606206363E-001 
4 3 ! 3 2 1 1 1 0
 0.000000000000E+000  0.000000000000E+000  0.000000000000E+000 
 0.000000000000E+000  0.000000000000E+000  0.000000000000E+000 
 0.000000000000E+000  0.000000000000E+000  0.000000000000E+000 
 0.000000000000E+000  0.000000000000E+000  0.000000000000E+000 
4 3 ! 3 2 1 1 2 0
 0.000000000000E+000  0.000000000000E+000  0.000000000000E+000 
 0.000000000000E+000  0.000000000000E+000  0.000000000000E+000 
 0.000000000000E+000  0.000000000000E+000  0.000000000000E+000 
 0.000000000000E+000  0.000000000000E+000  0.000000000000E+000 
4 3 ! 3 2 1 3 1 -1
 0.000000000000E+000  0.000000000000E+000  0.000000000000E+000 
 0.000000000000E+000  0.000000000000E+000  0.000000000000E+000 
 0.000000000000E+000  0.000000000000E+000  0.000000000000E+000 
 0.000000000000E+000  0.000000000000E+000  0.000000000000E+000 
4 3 ! 3 2 1 3 2 -1
 0.000000000000E+000  0.000000000000E+000  0.000000000000E+000 
 0.000000000000E+000  0.000000000000E+000  0.000000000000E+000 
 0.000000000000E+000  0.000000000000E+000  0.000000000000E+000 
 0.000000000000E+000  0.000000000000E+000  0.000000000000E+000 
4 3 ! 3 2 1 3 1 0
 0.000000000000E+000  0.000000000000E+000  0.000000000000E+000 
 0.000000000000E+000  0.000000000000E+000  0.000000000000E+000 
 0.000000000000E+000  0.000000000000E+000  0.000000000000E+000 
 0.000000000000E+000  0.000000000000E+000  0.000000000000E+000 
4 3 ! 3 2 1 3 2 0
 0.000000000000E+000  0.000000000000E+000  0.000000000000E+000 
 0.000000000000E+000  0.000000000000E+000  0.000000000000E+000 
 0.000000000000E+000  0.000000000000E+000  0.000000000000E+000 
 0.000000000000E+000  0.000000000000E+000  0.000000000000E+000 
4 3 ! 3 2 1 3 1 1
 5.299263428755E-003  1.012877165939E-001 -1.502370109982E-002 
-1.300384432299E-002 -7.725600158151E-002  2.365763471589E-002 
-1.587296554320E-001  4.560271737710E-002  2.211065424670E-001 
 1.664302687736E-001 -7.084228178716E-002 -2.296606206363E-001 
4 3 ! 3 2 1 3 2 1
 0.000000000000E+000  0.000000000000E+000  0.000000000000E+000 
 0.000000000000E+000  0.000000000000E+000  0.000000000000E+000 
 0.000000000000E+000  0.000000000000E+000  0.000000000000E+000 
 0.000000000000E+000  0.000000000000E+000  0.000000000000E+000 
! 6 Overlap matrix (8x8, complex)
8 8
 9.981115700E-001  0.000000000E+000  1.585900000E-004  0.000000000E+000  0.000000000E+000  0.000000000E+000  0.000000000E+000  0.000000000E+000  0.000000000E+000  0.000000000E+000  0.000000000E+000  0.000000000E+000  0.000000000E+000  0.000000000E+000  0.000000000E+000  0.000000000E+000 
-4.514200000E-004  0.000000000E+000  9.969775100E-001  0.000000000E+000  0.000000000E+000  0.000000000E+000  0.000000000E+000  0.000000000E+000  0.000000000E+000  0.000000000E+000  0.000000000E+000  0.000000000E+000  0.000000000E+000  0.000000000E+000  0.000000000E+000  0.000000000E+000 
 0.000000000E+000  0.000000000E+000  0.000000000E+000  0.000000000E+000  9.969508900E-001  0.000000000E+000  1.151810000E-003  0.000000000E+000  0.000000000E+000  0.000000000E+000  0.000000000E+000  0.000000000E+000  0.000000000E+000  0.000000000E+000  0.000000000E+000  0.000000000E+000 
 0.000000000E+000  0.000000000E+000  0.000000000E+000  0.000000000E+000 -1.259900000E-003  0.000000000E+000  9.966621600E-001  0.000000000E+000  0.000000000E+000  0.000000000E+000  0.000000000E+000  0.000000000E+000  0.000000000E+000  0.000000000E+000  0.000000000E+000  0.000000000E+000 
 0.000000000E+000  0.000000000E+000  0.000000000E+000  0.000000000E+000  0.000000000E+000  0.000000000E+000  0.000000000E+000  0.000000000E+000  9.969508900E-001  0.000000000E+000  1.151810000E-003  0.000000000E+000  0.000000000E+000  0.000000000E+000  0.000000000E+000  0.000000000E+000 
 0.000000000E+000  0.000000000E+000  0.000000000E+000  0.000000000E+000  0.000000000E+000  0.000000000E+000  0.000000000E+000  0.000000000E+000 -1.259900000E-003  0.000000000E+000  9.966621600E-001  0.000000000E+000  0.000000000E+000  0.000000000E+000  0.000000000E+000  0.000000000E+000 
 0.000000000E+000  0.000000000E+000  0.000000000E+000  0.000000000E+000  0.000000000E+000  0.000000000E+000  0.000000000E+000  0.000000000E+000  0.000000000E+000  0.000000000E+000  0.000000000E+000  0.000000000E+000  9.969508900E-001  0.000000000E+000  1.151810000E-003  0.000000000E+000 
 0.000000000E+000  0.000000000E+000  0.000000000E+000  0.000000000E+000  0.000000000E+000  0.000000000E+000  0.000000000E+000  0.000000000E+000  0.000000000E+000  0.000000000E+000  0.000000000E+000  0.000000000E+000 -1.259900000E-003  0.000000000E+000  9.966621600E-001  0.000000000E+000 

! 7 Phases
8 ! for all nmstates
 1.000000000E+000  0.000000000E+000
 1.000000000E+000  0.000000000E+000
 1.000000000E+000  0.000000000E+000
 1.000000000E+000  0.000000000E+000
 1.000000000E+000  0.000000000E+000
 1.000000000E+000  0.000000000E+000
 1.000000000E+000  0.000000000E+000
 1.000000000E+000  0.000000000E+000
! 8 Runtime
 1.043902060E+002
